Command line invocation:
    /Applications/Xcode.app/Contents/Developer/usr/bin/xcodebuild -workspace FitnessTracker.xcworkspace -scheme FitnessTracker -configuration Debug -destination "platform=iOS Simulator,name=iPhone 17"

ComputePackagePrebuildTargetDependencyGraph

Prepare packages

CreateBuildRequest

SendProjectDescription

CreateBuildOperation

ComputeTargetDependencyGraph
note: Building targets in dependency order
note: Target dependency graph (63 targets)
    Target 'FitnessTracker' in project 'FitnessTracker'
        ➜ Explicit dependency on target 'FitnessTrackerWidgetExtension' in project 'FitnessTracker'
        ➜ Implicit dependency on target 'Pods-FitnessTracker' in project 'Pods' via file 'libPods-FitnessTracker.a' in build phase 'Link Binary'
        ➜ Implicit dependency on target 'DoubleConversion' in project 'Pods' via options '-lDoubleConversion' in build setting 'OTHER_LDFLAGS'
        ➜ Implicit dependency on target 'RCT-Folly' in project 'Pods' via options '-lRCT-Folly' in build setting 'OTHER_LDFLAGS'
        ➜ Implicit dependency on target 'RCTTypeSafety' in project 'Pods' via options '-lRCTTypeSafety' in build setting 'OTHER_LDFLAGS'
        ➜ Implicit dependency on target 'RNAppleHealthKit' in project 'Pods' via options '-lRNAppleHealthKit' in build setting 'OTHER_LDFLAGS'
        ➜ Implicit dependency on target 'RNCAsyncStorage' in project 'Pods' via options '-lRNCAsyncStorage' in build setting 'OTHER_LDFLAGS'
        ➜ Implicit dependency on target 'RNLocalize' in project 'Pods' via options '-lRNLocalize' in build setting 'OTHER_LDFLAGS'
        ➜ Implicit dependency on target 'RNScreens' in project 'Pods' via options '-lRNScreens' in build setting 'OTHER_LDFLAGS'
        ➜ Implicit dependency on target 'RNVectorIcons' in project 'Pods' via options '-lRNVectorIcons' in build setting 'OTHER_LDFLAGS'
        ➜ Implicit dependency on target 'React-Codegen' in project 'Pods' via options '-lReact-Codegen' in build setting 'OTHER_LDFLAGS'
        ➜ Implicit dependency on target 'React-Core' in project 'Pods' via options '-lReact-Core' in build setting 'OTHER_LDFLAGS'
        ➜ Implicit dependency on target 'React-CoreModules' in project 'Pods' via options '-lReact-CoreModules' in build setting 'OTHER_LDFLAGS'
        ➜ Implicit dependency on target 'React-Fabric' in project 'Pods' via options '-lReact-Fabric' in build setting 'OTHER_LDFLAGS'
        ➜ Implicit dependency on target 'React-FabricImage' in project 'Pods' via options '-lReact-FabricImage' in build setting 'OTHER_LDFLAGS'
        ➜ Implicit dependency on target 'React-ImageManager' in project 'Pods' via options '-lReact-ImageManager' in build setting 'OTHER_LDFLAGS'
        ➜ Implicit dependency on target 'React-Mapbuffer' in project 'Pods' via options '-lReact-Mapbuffer' in build setting 'OTHER_LDFLAGS'
        ➜ Implicit dependency on target 'React-NativeModulesApple' in project 'Pods' via options '-lReact-NativeModulesApple' in build setting 'OTHER_LDFLAGS'
        ➜ Implicit dependency on target 'React-RCTAnimation' in project 'Pods' via options '-lReact-RCTAnimation' in build setting 'OTHER_LDFLAGS'
        ➜ Implicit dependency on target 'React-RCTAppDelegate' in project 'Pods' via options '-lReact-RCTAppDelegate' in build setting 'OTHER_LDFLAGS'
        ➜ Implicit dependency on target 'React-RCTBlob' in project 'Pods' via options '-lReact-RCTBlob' in build setting 'OTHER_LDFLAGS'
        ➜ Implicit dependency on target 'React-RCTFabric' in project 'Pods' via options '-lReact-RCTFabric' in build setting 'OTHER_LDFLAGS'
        ➜ Implicit dependency on target 'React-RCTImage' in project 'Pods' via options '-lReact-RCTImage' in build setting 'OTHER_LDFLAGS'
        ➜ Implicit dependency on target 'React-RCTLinking' in project 'Pods' via options '-lReact-RCTLinking' in build setting 'OTHER_LDFLAGS'
        ➜ Implicit dependency on target 'React-RCTNetwork' in project 'Pods' via options '-lReact-RCTNetwork' in build setting 'OTHER_LDFLAGS'
        ➜ Implicit dependency on target 'React-RCTSettings' in project 'Pods' via options '-lReact-RCTSettings' in build setting 'OTHER_LDFLAGS'
        ➜ Implicit dependency on target 'React-RCTText' in project 'Pods' via options '-lReact-RCTText' in build setting 'OTHER_LDFLAGS'
        ➜ Implicit dependency on target 'React-RCTVibration' in project 'Pods' via options '-lReact-RCTVibration' in build setting 'OTHER_LDFLAGS'
        ➜ Implicit dependency on target 'React-cxxreact' in project 'Pods' via options '-lReact-cxxreact' in build setting 'OTHER_LDFLAGS'
        ➜ Implicit dependency on target 'React-debug' in project 'Pods' via options '-lReact-debug' in build setting 'OTHER_LDFLAGS'
        ➜ Implicit dependency on target 'React-graphics' in project 'Pods' via options '-lReact-graphics' in build setting 'OTHER_LDFLAGS'
        ➜ Implicit dependency on target 'React-hermes' in project 'Pods' via options '-lReact-hermes' in build setting 'OTHER_LDFLAGS'
        ➜ Implicit dependency on target 'React-jserrorhandler' in project 'Pods' via options '-lReact-jserrorhandler' in build setting 'OTHER_LDFLAGS'
        ➜ Implicit dependency on target 'React-jsi' in project 'Pods' via options '-lReact-jsi' in build setting 'OTHER_LDFLAGS'
        ➜ Implicit dependency on target 'React-jsiexecutor' in project 'Pods' via options '-lReact-jsiexecutor' in build setting 'OTHER_LDFLAGS'
        ➜ Implicit dependency on target 'React-jsinspector' in project 'Pods' via options '-lReact-jsinspector' in build setting 'OTHER_LDFLAGS'
        ➜ Implicit dependency on target 'React-logger' in project 'Pods' via options '-lReact-logger' in build setting 'OTHER_LDFLAGS'
        ➜ Implicit dependency on target 'React-nativeconfig' in project 'Pods' via options '-lReact-nativeconfig' in build setting 'OTHER_LDFLAGS'
        ➜ Implicit dependency on target 'React-perflogger' in project 'Pods' via options '-lReact-perflogger' in build setting 'OTHER_LDFLAGS'
        ➜ Implicit dependency on target 'React-rendererdebug' in project 'Pods' via options '-lReact-rendererdebug' in build setting 'OTHER_LDFLAGS'
        ➜ Implicit dependency on target 'React-runtimescheduler' in project 'Pods' via options '-lReact-runtimescheduler' in build setting 'OTHER_LDFLAGS'
        ➜ Implicit dependency on target 'React-utils' in project 'Pods' via options '-lReact-utils' in build setting 'OTHER_LDFLAGS'
        ➜ Implicit dependency on target 'ReactCommon' in project 'Pods' via options '-lReactCommon' in build setting 'OTHER_LDFLAGS'
        ➜ Implicit dependency on target 'SocketRocket' in project 'Pods' via options '-lSocketRocket' in build setting 'OTHER_LDFLAGS'
        ➜ Implicit dependency on target 'Yoga' in project 'Pods' via options '-lYoga' in build setting 'OTHER_LDFLAGS'
        ➜ Implicit dependency on target 'fmt' in project 'Pods' via options '-lfmt' in build setting 'OTHER_LDFLAGS'
        ➜ Implicit dependency on target 'glog' in project 'Pods' via options '-lglog' in build setting 'OTHER_LDFLAGS'
        ➜ Implicit dependency on target 'libevent' in project 'Pods' via options '-llibevent' in build setting 'OTHER_LDFLAGS'
        ➜ Implicit dependency on target 'react-native-blur' in project 'Pods' via options '-lreact-native-blur' in build setting 'OTHER_LDFLAGS'
        ➜ Implicit dependency on target 'react-native-safe-area-context' in project 'Pods' via options '-lreact-native-safe-area-context' in build setting 'OTHER_LDFLAGS'
    Target 'Pods-FitnessTracker' in project 'Pods'
        ➜ Explicit dependency on target 'DoubleConversion' in project 'Pods'
        ➜ Explicit dependency on target 'FBLazyVector' in project 'Pods'
        ➜ Explicit dependency on target 'FBReactNativeSpec' in project 'Pods'
        ➜ Explicit dependency on target 'RCT-Folly' in project 'Pods'
        ➜ Explicit dependency on target 'RCTRequired' in project 'Pods'
        ➜ Explicit dependency on target 'RCTTypeSafety' in project 'Pods'
        ➜ Explicit dependency on target 'RNAppleHealthKit' in project 'Pods'
        ➜ Explicit dependency on target 'RNCAsyncStorage' in project 'Pods'
        ➜ Explicit dependency on target 'RNLocalize' in project 'Pods'
        ➜ Explicit dependency on target 'RNScreens' in project 'Pods'
        ➜ Explicit dependency on target 'RNVectorIcons' in project 'Pods'
        ➜ Explicit dependency on target 'React' in project 'Pods'
        ➜ Explicit dependency on target 'React-Codegen' in project 'Pods'
        ➜ Explicit dependency on target 'React-Core' in project 'Pods'
        ➜ Explicit dependency on target 'React-CoreModules' in project 'Pods'
        ➜ Explicit dependency on target 'React-Fabric' in project 'Pods'
        ➜ Explicit dependency on target 'React-FabricImage' in project 'Pods'
        ➜ Explicit dependency on target 'React-ImageManager' in project 'Pods'
        ➜ Explicit dependency on target 'React-Mapbuffer' in project 'Pods'
        ➜ Explicit dependency on target 'React-NativeModulesApple' in project 'Pods'
        ➜ Explicit dependency on target 'React-RCTActionSheet' in project 'Pods'
        ➜ Explicit dependency on target 'React-RCTAnimation' in project 'Pods'
        ➜ Explicit dependency on target 'React-RCTAppDelegate' in project 'Pods'
        ➜ Explicit dependency on target 'React-RCTBlob' in project 'Pods'
        ➜ Explicit dependency on target 'React-RCTFabric' in project 'Pods'
        ➜ Explicit dependency on target 'React-RCTImage' in project 'Pods'
        ➜ Explicit dependency on target 'React-RCTLinking' in project 'Pods'
        ➜ Explicit dependency on target 'React-RCTNetwork' in project 'Pods'
        ➜ Explicit dependency on target 'React-RCTSettings' in project 'Pods'
        ➜ Explicit dependency on target 'React-RCTText' in project 'Pods'
        ➜ Explicit dependency on target 'React-RCTVibration' in project 'Pods'
        ➜ Explicit dependency on target 'React-callinvoker' in project 'Pods'
        ➜ Explicit dependency on target 'React-cxxreact' in project 'Pods'
        ➜ Explicit dependency on target 'React-debug' in project 'Pods'
        ➜ Explicit dependency on target 'React-graphics' in project 'Pods'
        ➜ Explicit dependency on target 'React-hermes' in project 'Pods'
        ➜ Explicit dependency on target 'React-jserrorhandler' in project 'Pods'
        ➜ Explicit dependency on target 'React-jsi' in project 'Pods'
        ➜ Explicit dependency on target 'React-jsiexecutor' in project 'Pods'
        ➜ Explicit dependency on target 'React-jsinspector' in project 'Pods'
        ➜ Explicit dependency on target 'React-logger' in project 'Pods'
        ➜ Explicit dependency on target 'React-nativeconfig' in project 'Pods'
        ➜ Explicit dependency on target 'React-perflogger' in project 'Pods'
        ➜ Explicit dependency on target 'React-rendererdebug' in project 'Pods'
        ➜ Explicit dependency on target 'React-rncore' in project 'Pods'
        ➜ Explicit dependency on target 'React-runtimeexecutor' in project 'Pods'
        ➜ Explicit dependency on target 'React-runtimescheduler' in project 'Pods'
        ➜ Explicit dependency on target 'React-utils' in project 'Pods'
        ➜ Explicit dependency on target 'ReactCommon' in project 'Pods'
        ➜ Explicit dependency on target 'SocketRocket' in project 'Pods'
        ➜ Explicit dependency on target 'Yoga' in project 'Pods'
        ➜ Explicit dependency on target 'boost' in project 'Pods'
        ➜ Explicit dependency on target 'fmt' in project 'Pods'
        ➜ Explicit dependency on target 'glog' in project 'Pods'
        ➜ Explicit dependency on target 'hermes-engine' in project 'Pods'
        ➜ Explicit dependency on target 'libevent' in project 'Pods'
        ➜ Explicit dependency on target 'react-native-blur' in project 'Pods'
        ➜ Explicit dependency on target 'react-native-safe-area-context' in project 'Pods'
    Target 'react-native-safe-area-context' in project 'Pods'
        ➜ Explicit dependency on target 'React-Core' in project 'Pods'
    Target 'react-native-blur' in project 'Pods'
        ➜ Explicit dependency on target 'RCT-Folly' in project 'Pods'
        ➜ Explicit dependency on target 'React-Core' in project 'Pods'
        ➜ Explicit dependency on target 'glog' in project 'Pods'
    Target 'React-jserrorhandler' in project 'Pods'
        ➜ Explicit dependency on target 'RCT-Folly' in project 'Pods'
        ➜ Explicit dependency on target 'React-Mapbuffer' in project 'Pods'
        ➜ Explicit dependency on target 'React-debug' in project 'Pods'
        ➜ Explicit dependency on target 'React-jsi' in project 'Pods'
    Target 'React-RCTAppDelegate' in project 'Pods'
        ➜ Explicit dependency on target 'RCT-Folly' in project 'Pods'
        ➜ Explicit dependency on target 'RCTRequired' in project 'Pods'
        ➜ Explicit dependency on target 'RCTTypeSafety' in project 'Pods'
        ➜ Explicit dependency on target 'React-Core' in project 'Pods'
        ➜ Explicit dependency on target 'React-CoreModules' in project 'Pods'
        ➜ Explicit dependency on target 'React-NativeModulesApple' in project 'Pods'
        ➜ Explicit dependency on target 'React-RCTFabric' in project 'Pods'
        ➜ Explicit dependency on target 'React-RCTImage' in project 'Pods'
        ➜ Explicit dependency on target 'React-RCTNetwork' in project 'Pods'
        ➜ Explicit dependency on target 'React-hermes' in project 'Pods'
        ➜ Explicit dependency on target 'React-nativeconfig' in project 'Pods'
        ➜ Explicit dependency on target 'React-runtimescheduler' in project 'Pods'
        ➜ Explicit dependency on target 'ReactCommon' in project 'Pods'
    Target 'React-RCTFabric' in project 'Pods'
        ➜ Explicit dependency on target 'RCT-Folly' in project 'Pods'
        ➜ Explicit dependency on target 'React-Core' in project 'Pods'
        ➜ Explicit dependency on target 'React-Fabric' in project 'Pods'
        ➜ Explicit dependency on target 'React-FabricImage' in project 'Pods'
        ➜ Explicit dependency on target 'React-ImageManager' in project 'Pods'
        ➜ Explicit dependency on target 'React-RCTImage' in project 'Pods'
        ➜ Explicit dependency on target 'React-RCTText' in project 'Pods'
        ➜ Explicit dependency on target 'React-debug' in project 'Pods'
        ➜ Explicit dependency on target 'React-graphics' in project 'Pods'
        ➜ Explicit dependency on target 'React-jsi' in project 'Pods'
        ➜ Explicit dependency on target 'React-nativeconfig' in project 'Pods'
        ➜ Explicit dependency on target 'React-rendererdebug' in project 'Pods'
        ➜ Explicit dependency on target 'React-runtimescheduler' in project 'Pods'
        ➜ Explicit dependency on target 'React-utils' in project 'Pods'
        ➜ Explicit dependency on target 'Yoga' in project 'Pods'
        ➜ Explicit dependency on target 'glog' in project 'Pods'
        ➜ Explicit dependency on target 'hermes-engine' in project 'Pods'
    Target 'React-nativeconfig' in project 'Pods' (no dependencies)
    Target 'React-Mapbuffer' in project 'Pods'
        ➜ Explicit dependency on target 'React-debug' in project 'Pods'
        ➜ Explicit dependency on target 'glog' in project 'Pods'
    Target 'React-FabricImage' in project 'Pods'
        ➜ Explicit dependency on target 'DoubleConversion' in project 'Pods'
        ➜ Explicit dependency on target 'RCT-Folly' in project 'Pods'
        ➜ Explicit dependency on target 'RCTRequired' in project 'Pods'
        ➜ Explicit dependency on target 'RCTTypeSafety' in project 'Pods'
        ➜ Explicit dependency on target 'React-Fabric' in project 'Pods'
        ➜ Explicit dependency on target 'React-ImageManager' in project 'Pods'
        ➜ Explicit dependency on target 'React-graphics' in project 'Pods'
        ➜ Explicit dependency on target 'React-jsi' in project 'Pods'
        ➜ Explicit dependency on target 'React-jsiexecutor' in project 'Pods'
        ➜ Explicit dependency on target 'React-logger' in project 'Pods'
        ➜ Explicit dependency on target 'React-rendererdebug' in project 'Pods'
        ➜ Explicit dependency on target 'React-utils' in project 'Pods'
        ➜ Explicit dependency on target 'ReactCommon' in project 'Pods'
        ➜ Explicit dependency on target 'Yoga' in project 'Pods'
        ➜ Explicit dependency on target 'fmt' in project 'Pods'
        ➜ Explicit dependency on target 'glog' in project 'Pods'
        ➜ Explicit dependency on target 'hermes-engine' in project 'Pods'
    Target 'React-ImageManager' in project 'Pods'
        ➜ Explicit dependency on target 'RCT-Folly' in project 'Pods'
        ➜ Explicit dependency on target 'React-Core' in project 'Pods'
        ➜ Explicit dependency on target 'React-Fabric' in project 'Pods'
        ➜ Explicit dependency on target 'React-debug' in project 'Pods'
        ➜ Explicit dependency on target 'React-graphics' in project 'Pods'
        ➜ Explicit dependency on target 'React-rendererdebug' in project 'Pods'
        ➜ Explicit dependency on target 'React-utils' in project 'Pods'
        ➜ Explicit dependency on target 'glog' in project 'Pods'
    Target 'React-Fabric' in project 'Pods'
        ➜ Explicit dependency on target 'DoubleConversion' in project 'Pods'
        ➜ Explicit dependency on target 'RCT-Folly' in project 'Pods'
        ➜ Explicit dependency on target 'RCTRequired' in project 'Pods'
        ➜ Explicit dependency on target 'RCTTypeSafety' in project 'Pods'
        ➜ Explicit dependency on target 'React-Core' in project 'Pods'
        ➜ Explicit dependency on target 'React-cxxreact' in project 'Pods'
        ➜ Explicit dependency on target 'React-debug' in project 'Pods'
        ➜ Explicit dependency on target 'React-graphics' in project 'Pods'
        ➜ Explicit dependency on target 'React-jsi' in project 'Pods'
        ➜ Explicit dependency on target 'React-jsiexecutor' in project 'Pods'
        ➜ Explicit dependency on target 'React-logger' in project 'Pods'
        ➜ Explicit dependency on target 'React-rendererdebug' in project 'Pods'
        ➜ Explicit dependency on target 'React-runtimescheduler' in project 'Pods'
        ➜ Explicit dependency on target 'React-utils' in project 'Pods'
        ➜ Explicit dependency on target 'ReactCommon' in project 'Pods'
        ➜ Explicit dependency on target 'Yoga' in project 'Pods'
        ➜ Explicit dependency on target 'fmt' in project 'Pods'
        ➜ Explicit dependency on target 'glog' in project 'Pods'
        ➜ Explicit dependency on target 'hermes-engine' in project 'Pods'
    Target 'React-graphics' in project 'Pods'
        ➜ Explicit dependency on target 'RCT-Folly' in project 'Pods'
        ➜ Explicit dependency on target 'React-Core' in project 'Pods'
        ➜ Explicit dependency on target 'React-utils' in project 'Pods'
        ➜ Explicit dependency on target 'glog' in project 'Pods'
    Target 'React-CoreModules' in project 'Pods'
        ➜ Explicit dependency on target 'RCT-Folly' in project 'Pods'
        ➜ Explicit dependency on target 'RCTTypeSafety' in project 'Pods'
        ➜ Explicit dependency on target 'React-Codegen' in project 'Pods'
        ➜ Explicit dependency on target 'React-Core' in project 'Pods'
        ➜ Explicit dependency on target 'React-NativeModulesApple' in project 'Pods'
        ➜ Explicit dependency on target 'React-RCTBlob' in project 'Pods'
        ➜ Explicit dependency on target 'React-RCTImage' in project 'Pods'
        ➜ Explicit dependency on target 'React-jsi' in project 'Pods'
        ➜ Explicit dependency on target 'ReactCommon' in project 'Pods'
        ➜ Explicit dependency on target 'SocketRocket' in project 'Pods'
    Target 'RNVectorIcons' in project 'Pods'
        ➜ Explicit dependency on target 'RCT-Folly' in project 'Pods'
        ➜ Explicit dependency on target 'React-Core' in project 'Pods'
        ➜ Explicit dependency on target 'glog' in project 'Pods'
    Target 'RNScreens' in project 'Pods'
        ➜ Explicit dependency on target 'RCT-Folly' in project 'Pods'
        ➜ Explicit dependency on target 'React-Core' in project 'Pods'
        ➜ Explicit dependency on target 'React-RCTImage' in project 'Pods'
        ➜ Explicit dependency on target 'glog' in project 'Pods'
    Target 'RNLocalize' in project 'Pods'
        ➜ Explicit dependency on target 'React-Core' in project 'Pods'
    Target 'RNCAsyncStorage' in project 'Pods'
        ➜ Explicit dependency on target 'RNCAsyncStorage-RNCAsyncStorage_resources' in project 'Pods'
        ➜ Explicit dependency on target 'React-Core' in project 'Pods'
    Target 'RNCAsyncStorage-RNCAsyncStorage_resources' in project 'Pods' (no dependencies)
    Target 'RNAppleHealthKit' in project 'Pods'
        ➜ Explicit dependency on target 'React' in project 'Pods'
    Target 'React' in project 'Pods'
        ➜ Explicit dependency on target 'React-Core' in project 'Pods'
        ➜ Explicit dependency on target 'React-RCTActionSheet' in project 'Pods'
        ➜ Explicit dependency on target 'React-RCTAnimation' in project 'Pods'
        ➜ Explicit dependency on target 'React-RCTBlob' in project 'Pods'
        ➜ Explicit dependency on target 'React-RCTImage' in project 'Pods'
        ➜ Explicit dependency on target 'React-RCTLinking' in project 'Pods'
        ➜ Explicit dependency on target 'React-RCTNetwork' in project 'Pods'
        ➜ Explicit dependency on target 'React-RCTSettings' in project 'Pods'
        ➜ Explicit dependency on target 'React-RCTText' in project 'Pods'
        ➜ Explicit dependency on target 'React-RCTVibration' in project 'Pods'
    Target 'React-RCTVibration' in project 'Pods'
        ➜ Explicit dependency on target 'RCT-Folly' in project 'Pods'
        ➜ Explicit dependency on target 'React-Codegen' in project 'Pods'
        ➜ Explicit dependency on target 'React-Core' in project 'Pods'
        ➜ Explicit dependency on target 'React-NativeModulesApple' in project 'Pods'
        ➜ Explicit dependency on target 'React-jsi' in project 'Pods'
        ➜ Explicit dependency on target 'ReactCommon' in project 'Pods'
    Target 'React-RCTText' in project 'Pods'
        ➜ Explicit dependency on target 'React-Core' in project 'Pods'
        ➜ Explicit dependency on target 'Yoga' in project 'Pods'
    Target 'React-RCTSettings' in project 'Pods'
        ➜ Explicit dependency on target 'RCT-Folly' in project 'Pods'
        ➜ Explicit dependency on target 'RCTTypeSafety' in project 'Pods'
        ➜ Explicit dependency on target 'React-Codegen' in project 'Pods'
        ➜ Explicit dependency on target 'React-Core' in project 'Pods'
        ➜ Explicit dependency on target 'React-NativeModulesApple' in project 'Pods'
        ➜ Explicit dependency on target 'React-jsi' in project 'Pods'
        ➜ Explicit dependency on target 'ReactCommon' in project 'Pods'
    Target 'React-RCTLinking' in project 'Pods'
        ➜ Explicit dependency on target 'React-Codegen' in project 'Pods'
        ➜ Explicit dependency on target 'React-Core' in project 'Pods'
        ➜ Explicit dependency on target 'React-NativeModulesApple' in project 'Pods'
        ➜ Explicit dependency on target 'React-jsi' in project 'Pods'
        ➜ Explicit dependency on target 'ReactCommon' in project 'Pods'
    Target 'React-RCTImage' in project 'Pods'
        ➜ Explicit dependency on target 'RCT-Folly' in project 'Pods'
        ➜ Explicit dependency on target 'RCTTypeSafety' in project 'Pods'
        ➜ Explicit dependency on target 'React-Codegen' in project 'Pods'
        ➜ Explicit dependency on target 'React-Core' in project 'Pods'
        ➜ Explicit dependency on target 'React-NativeModulesApple' in project 'Pods'
        ➜ Explicit dependency on target 'React-RCTNetwork' in project 'Pods'
        ➜ Explicit dependency on target 'React-jsi' in project 'Pods'
        ➜ Explicit dependency on target 'ReactCommon' in project 'Pods'
    Target 'React-RCTBlob' in project 'Pods'
        ➜ Explicit dependency on target 'RCT-Folly' in project 'Pods'
        ➜ Explicit dependency on target 'React-Codegen' in project 'Pods'
        ➜ Explicit dependency on target 'React-Core' in project 'Pods'
        ➜ Explicit dependency on target 'React-NativeModulesApple' in project 'Pods'
        ➜ Explicit dependency on target 'React-RCTNetwork' in project 'Pods'
        ➜ Explicit dependency on target 'React-jsi' in project 'Pods'
        ➜ Explicit dependency on target 'ReactCommon' in project 'Pods'
        ➜ Explicit dependency on target 'hermes-engine' in project 'Pods'
    Target 'React-RCTNetwork' in project 'Pods'
        ➜ Explicit dependency on target 'RCT-Folly' in project 'Pods'
        ➜ Explicit dependency on target 'RCTTypeSafety' in project 'Pods'
        ➜ Explicit dependency on target 'React-Codegen' in project 'Pods'
        ➜ Explicit dependency on target 'React-Core' in project 'Pods'
        ➜ Explicit dependency on target 'React-NativeModulesApple' in project 'Pods'
        ➜ Explicit dependency on target 'React-jsi' in project 'Pods'
        ➜ Explicit dependency on target 'ReactCommon' in project 'Pods'
    Target 'React-RCTAnimation' in project 'Pods'
        ➜ Explicit dependency on target 'RCT-Folly' in project 'Pods'
        ➜ Explicit dependency on target 'RCTTypeSafety' in project 'Pods'
        ➜ Explicit dependency on target 'React-Codegen' in project 'Pods'
        ➜ Explicit dependency on target 'React-Core' in project 'Pods'
        ➜ Explicit dependency on target 'React-NativeModulesApple' in project 'Pods'
        ➜ Explicit dependency on target 'React-jsi' in project 'Pods'
        ➜ Explicit dependency on target 'ReactCommon' in project 'Pods'
    Target 'React-Codegen' in project 'Pods'
        ➜ Explicit dependency on target 'DoubleConversion' in project 'Pods'
        ➜ Explicit dependency on target 'FBReactNativeSpec' in project 'Pods'
        ➜ Explicit dependency on target 'RCT-Folly' in project 'Pods'
        ➜ Explicit dependency on target 'RCTRequired' in project 'Pods'
        ➜ Explicit dependency on target 'RCTTypeSafety' in project 'Pods'
        ➜ Explicit dependency on target 'React-Core' in project 'Pods'
        ➜ Explicit dependency on target 'React-NativeModulesApple' in project 'Pods'
        ➜ Explicit dependency on target 'React-jsi' in project 'Pods'
        ➜ Explicit dependency on target 'React-jsiexecutor' in project 'Pods'
        ➜ Explicit dependency on target 'React-rncore' in project 'Pods'
        ➜ Explicit dependency on target 'ReactCommon' in project 'Pods'
        ➜ Explicit dependency on target 'glog' in project 'Pods'
        ➜ Explicit dependency on target 'hermes-engine' in project 'Pods'
    Target 'React-rncore' in project 'Pods' (no dependencies)
    Target 'React-NativeModulesApple' in project 'Pods'
        ➜ Explicit dependency on target 'React-Core' in project 'Pods'
        ➜ Explicit dependency on target 'React-callinvoker' in project 'Pods'
        ➜ Explicit dependency on target 'React-cxxreact' in project 'Pods'
        ➜ Explicit dependency on target 'React-jsi' in project 'Pods'
        ➜ Explicit dependency on target 'React-runtimeexecutor' in project 'Pods'
        ➜ Explicit dependency on target 'ReactCommon' in project 'Pods'
        ➜ Explicit dependency on target 'glog' in project 'Pods'
        ➜ Explicit dependency on target 'hermes-engine' in project 'Pods'
    Target 'React-RCTActionSheet' in project 'Pods'
        ➜ Explicit dependency on target 'React-Core' in project 'Pods'
    Target 'FBReactNativeSpec' in project 'Pods'
        ➜ Explicit dependency on target 'RCT-Folly' in project 'Pods'
        ➜ Explicit dependency on target 'RCTRequired' in project 'Pods'
        ➜ Explicit dependency on target 'RCTTypeSafety' in project 'Pods'
        ➜ Explicit dependency on target 'React-Core' in project 'Pods'
        ➜ Explicit dependency on target 'React-jsi' in project 'Pods'
        ➜ Explicit dependency on target 'ReactCommon' in project 'Pods'
    Target 'ReactCommon' in project 'Pods'
        ➜ Explicit dependency on target 'DoubleConversion' in project 'Pods'
        ➜ Explicit dependency on target 'RCT-Folly' in project 'Pods'
        ➜ Explicit dependency on target 'React-callinvoker' in project 'Pods'
        ➜ Explicit dependency on target 'React-cxxreact' in project 'Pods'
        ➜ Explicit dependency on target 'React-jsi' in project 'Pods'
        ➜ Explicit dependency on target 'React-logger' in project 'Pods'
        ➜ Explicit dependency on target 'React-perflogger' in project 'Pods'
        ➜ Explicit dependency on target 'fmt' in project 'Pods'
        ➜ Explicit dependency on target 'glog' in project 'Pods'
        ➜ Explicit dependency on target 'hermes-engine' in project 'Pods'
    Target 'RCTTypeSafety' in project 'Pods'
        ➜ Explicit dependency on target 'FBLazyVector' in project 'Pods'
        ➜ Explicit dependency on target 'RCTRequired' in project 'Pods'
        ➜ Explicit dependency on target 'React-Core' in project 'Pods'
    Target 'React-Core' in project 'Pods'
        ➜ Explicit dependency on target 'RCT-Folly' in project 'Pods'
        ➜ Explicit dependency on target 'React-Core-RCTI18nStrings' in project 'Pods'
        ➜ Explicit dependency on target 'React-cxxreact' in project 'Pods'
        ➜ Explicit dependency on target 'React-hermes' in project 'Pods'
        ➜ Explicit dependency on target 'React-jsi' in project 'Pods'
        ➜ Explicit dependency on target 'React-jsiexecutor' in project 'Pods'
        ➜ Explicit dependency on target 'React-jsinspector' in project 'Pods'
        ➜ Explicit dependency on target 'React-perflogger' in project 'Pods'
        ➜ Explicit dependency on target 'React-runtimescheduler' in project 'Pods'
        ➜ Explicit dependency on target 'React-utils' in project 'Pods'
        ➜ Explicit dependency on target 'SocketRocket' in project 'Pods'
        ➜ Explicit dependency on target 'Yoga' in project 'Pods'
        ➜ Explicit dependency on target 'glog' in project 'Pods'
        ➜ Explicit dependency on target 'hermes-engine' in project 'Pods'
    Target 'Yoga' in project 'Pods' (no dependencies)
    Target 'SocketRocket' in project 'Pods' (no dependencies)
    Target 'React-runtimescheduler' in project 'Pods'
        ➜ Explicit dependency on target 'RCT-Folly' in project 'Pods'
        ➜ Explicit dependency on target 'React-callinvoker' in project 'Pods'
        ➜ Explicit dependency on target 'React-cxxreact' in project 'Pods'
        ➜ Explicit dependency on target 'React-debug' in project 'Pods'
        ➜ Explicit dependency on target 'React-jsi' in project 'Pods'
        ➜ Explicit dependency on target 'React-rendererdebug' in project 'Pods'
        ➜ Explicit dependency on target 'React-runtimeexecutor' in project 'Pods'
        ➜ Explicit dependency on target 'React-utils' in project 'Pods'
        ➜ Explicit dependency on target 'glog' in project 'Pods'
        ➜ Explicit dependency on target 'hermes-engine' in project 'Pods'
    Target 'React-utils' in project 'Pods'
        ➜ Explicit dependency on target 'RCT-Folly' in project 'Pods'
        ➜ Explicit dependency on target 'React-debug' in project 'Pods'
        ➜ Explicit dependency on target 'glog' in project 'Pods'
    Target 'React-rendererdebug' in project 'Pods'
        ➜ Explicit dependency on target 'DoubleConversion' in project 'Pods'
        ➜ Explicit dependency on target 'RCT-Folly' in project 'Pods'
        ➜ Explicit dependency on target 'React-debug' in project 'Pods'
        ➜ Explicit dependency on target 'fmt' in project 'Pods'
    Target 'React-hermes' in project 'Pods'
        ➜ Explicit dependency on target 'DoubleConversion' in project 'Pods'
        ➜ Explicit dependency on target 'RCT-Folly' in project 'Pods'
        ➜ Explicit dependency on target 'React-cxxreact' in project 'Pods'
        ➜ Explicit dependency on target 'React-jsi' in project 'Pods'
        ➜ Explicit dependency on target 'React-jsiexecutor' in project 'Pods'
        ➜ Explicit dependency on target 'React-jsinspector' in project 'Pods'
        ➜ Explicit dependency on target 'React-perflogger' in project 'Pods'
        ➜ Explicit dependency on target 'fmt' in project 'Pods'
        ➜ Explicit dependency on target 'glog' in project 'Pods'
        ➜ Explicit dependency on target 'hermes-engine' in project 'Pods'
    Target 'React-jsiexecutor' in project 'Pods'
        ➜ Explicit dependency on target 'DoubleConversion' in project 'Pods'
        ➜ Explicit dependency on target 'RCT-Folly' in project 'Pods'
        ➜ Explicit dependency on target 'React-cxxreact' in project 'Pods'
        ➜ Explicit dependency on target 'React-jsi' in project 'Pods'
        ➜ Explicit dependency on target 'React-perflogger' in project 'Pods'
        ➜ Explicit dependency on target 'fmt' in project 'Pods'
        ➜ Explicit dependency on target 'glog' in project 'Pods'
        ➜ Explicit dependency on target 'hermes-engine' in project 'Pods'
    Target 'React-cxxreact' in project 'Pods'
        ➜ Explicit dependency on target 'DoubleConversion' in project 'Pods'
        ➜ Explicit dependency on target 'RCT-Folly' in project 'Pods'
        ➜ Explicit dependency on target 'React-callinvoker' in project 'Pods'
        ➜ Explicit dependency on target 'React-debug' in project 'Pods'
        ➜ Explicit dependency on target 'React-jsi' in project 'Pods'
        ➜ Explicit dependency on target 'React-jsinspector' in project 'Pods'
        ➜ Explicit dependency on target 'React-logger' in project 'Pods'
        ➜ Explicit dependency on target 'React-perflogger' in project 'Pods'
        ➜ Explicit dependency on target 'React-runtimeexecutor' in project 'Pods'
        ➜ Explicit dependency on target 'boost' in project 'Pods'
        ➜ Explicit dependency on target 'fmt' in project 'Pods'
        ➜ Explicit dependency on target 'glog' in project 'Pods'
        ➜ Explicit dependency on target 'hermes-engine' in project 'Pods'
    Target 'React-runtimeexecutor' in project 'Pods'
        ➜ Explicit dependency on target 'React-jsi' in project 'Pods'
    Target 'React-perflogger' in project 'Pods' (no dependencies)
    Target 'React-logger' in project 'Pods'
        ➜ Explicit dependency on target 'glog' in project 'Pods'
    Target 'React-jsinspector' in project 'Pods' (no dependencies)
    Target 'React-jsi' in project 'Pods'
        ➜ Explicit dependency on target 'DoubleConversion' in project 'Pods'
        ➜ Explicit dependency on target 'RCT-Folly' in project 'Pods'
        ➜ Explicit dependency on target 'boost' in project 'Pods'
        ➜ Explicit dependency on target 'fmt' in project 'Pods'
        ➜ Explicit dependency on target 'glog' in project 'Pods'
        ➜ Explicit dependency on target 'hermes-engine' in project 'Pods'
    Target 'hermes-engine' in project 'Pods' (no dependencies)
    Target 'React-debug' in project 'Pods' (no dependencies)
    Target 'React-callinvoker' in project 'Pods' (no dependencies)
    Target 'React-Core-RCTI18nStrings' in project 'Pods' (no dependencies)
    Target 'RCTRequired' in project 'Pods' (no dependencies)
    Target 'RCT-Folly' in project 'Pods'
        ➜ Explicit dependency on target 'DoubleConversion' in project 'Pods'
        ➜ Explicit dependency on target 'boost' in project 'Pods'
        ➜ Explicit dependency on target 'fmt' in project 'Pods'
        ➜ Explicit dependency on target 'glog' in project 'Pods'
        ➜ Explicit dependency on target 'libevent' in project 'Pods'
    Target 'libevent' in project 'Pods' (no dependencies)
    Target 'glog' in project 'Pods' (no dependencies)
    Target 'fmt' in project 'Pods' (no dependencies)
    Target 'boost' in project 'Pods' (no dependencies)
    Target 'FBLazyVector' in project 'Pods' (no dependencies)
    Target 'DoubleConversion' in project 'Pods' (no dependencies)
    Target 'FitnessTrackerWidgetExtension' in project 'FitnessTracker' (no dependencies)

GatherProvisioningInputs

CreateBuildDescription

ExecuteExternalTool /Applications/Xcode.app/Contents/Developer/Toolchains/XcodeDefault.xctoolchain/usr/bin/clang -v -E -dM -arch arm64 -isysroot /Applications/Xcode.app/Contents/Developer/Platforms/iPhoneSimulator.platform/Developer/SDKs/iPhoneSimulator26.1.sdk -x objective-c -c /dev/null

ExecuteExternalTool /Applications/Xcode.app/Contents/Developer/Toolchains/XcodeDefault.xctoolchain/usr/bin/clang -v -E -dM -arch arm64 -isysroot /Applications/Xcode.app/Contents/Developer/Platforms/iPhoneSimulator.platform/Developer/SDKs/iPhoneSimulator26.1.sdk -x c++ -c /dev/null

ExecuteExternalTool /Applications/Xcode.app/Contents/Developer/usr/bin/actool --version --output-format xml1

ExecuteExternalTool /Applications/Xcode.app/Contents/Developer/Toolchains/XcodeDefault.xctoolchain/usr/bin/clang -v -E -dM -isysroot /Applications/Xcode.app/Contents/Developer/Platforms/iPhoneSimulator.platform/Developer/SDKs/iPhoneSimulator26.1.sdk -x c -c /dev/null

ExecuteExternalTool /Applications/Xcode.app/Contents/Developer/Toolchains/XcodeDefault.xctoolchain/usr/bin/clang -v -E -dM -arch arm64 -isysroot /Applications/Xcode.app/Contents/Developer/Platforms/iPhoneSimulator.platform/Developer/SDKs/iPhoneSimulator26.1.sdk -x c -c /dev/null

ExecuteExternalTool /Applications/Xcode.app/Contents/Developer/Toolchains/XcodeDefault.xctoolchain/usr/bin/swiftc --version

ExecuteExternalTool /Applications/Xcode.app/Contents/Developer/Toolchains/XcodeDefault.xctoolchain/usr/bin/clang -v -E -dM -arch arm64 -isysroot /Applications/Xcode.app/Contents/Developer/Platforms/iPhoneSimulator.platform/Developer/SDKs/iPhoneSimulator26.1.sdk -x objective-c++ -c /dev/null

ExecuteExternalTool /Applications/Xcode.app/Contents/Developer/Toolchains/XcodeDefault.xctoolchain/usr/bin/libtool -V

ExecuteExternalTool /Applications/Xcode.app/Contents/Developer/usr/bin/ibtool --version --output-format xml1

ExecuteExternalTool /Applications/Xcode.app/Contents/Developer/usr/bin/actool --print-asset-tag-combinations --output-format xml1 /Users/bvidal/repos/fitness-tracker/ios/FitnessTracker/Images.xcassets

ExecuteExternalTool /Applications/Xcode.app/Contents/Developer/Toolchains/XcodeDefault.xctoolchain/usr/bin/ld -version_details

ExecuteExternalTool /Applications/Xcode.app/Contents/Developer/Toolchains/XcodeDefault.xctoolchain/usr/bin/clang -v -E -dM -arch arm64 -isysroot /Applications/Xcode.app/Contents/Developer/Platforms/iPhoneSimulator.platform/Developer/SDKs/iPhoneSimulator26.1.sdk -x assembler-with-cpp -c /dev/null

Build description signature: 8f95b8a67f965bea81be981afb946c7f
Build description path: /Users/bvidal/Library/Developer/Xcode/DerivedData/FitnessTracker-enuvlabzlxteetgdllvrjjaofbkw/Build/Intermediates.noindex/XCBuildData/8f95b8a67f965bea81be981afb946c7f.xcbuilddata
ClangStatCache /Applications/Xcode.app/Contents/Developer/Toolchains/XcodeDefault.xctoolchain/usr/bin/clang-stat-cache /Applications/Xcode.app/Contents/Developer/Platforms/iPhoneSimulator.platform/Developer/SDKs/iPhoneSimulator26.1.sdk /Users/bvidal/Library/Developer/Xcode/DerivedData/SDKStatCaches.noindex/iphonesimulator26.1-23B77-90cf18a4295e390e64c810bc6bd7acbc.sdkstatcache
    cd /Users/bvidal/repos/fitness-tracker/ios
    /Applications/Xcode.app/Contents/Developer/Toolchains/XcodeDefault.xctoolchain/usr/bin/clang-stat-cache /Applications/Xcode.app/Contents/Developer/Platforms/iPhoneSimulator.platform/Developer/SDKs/iPhoneSimulator26.1.sdk -o /Users/bvidal/Library/Developer/Xcode/DerivedData/SDKStatCaches.noindex/iphonesimulator26.1-23B77-90cf18a4295e390e64c810bc6bd7acbc.sdkstatcache

warning: Run script build phase '[CP-User] [Hermes] Replace Hermes for the right configuration, if needed' will be run during every build because it does not specify any outputs. To address this issue, either add output dependencies to the script phase, or configure it to run in every build by unchecking "Based on dependency analysis" in the script phase. (in target 'hermes-engine' from project 'Pods')
PhaseScriptExecution [CP-User]\ [Hermes]\ Replace\ Hermes\ for\ the\ right\ configuration,\ if\ needed /Users/bvidal/Library/Developer/Xcode/DerivedData/FitnessTracker-enuvlabzlxteetgdllvrjjaofbkw/Build/Intermediates.noindex/Pods.build/Debug-iphonesimulator/hermes-engine.build/Script-46EB2E0001A7D0.sh (in target 'hermes-engine' from project 'Pods')
    cd /Users/bvidal/repos/fitness-tracker/ios/Pods
    export ACTION\=build
    export AD_HOC_CODE_SIGNING_ALLOWED\=YES
    export ALLOW_BUILD_REQUEST_OVERRIDES\=NO
    export ALLOW_TARGET_PLATFORM_SPECIALIZATION\=NO
    export ALTERNATE_GROUP\=staff
    export ALTERNATE_MODE\=u+w,go-w,a+rX
    export ALTERNATE_OWNER\=bvidal
    export ALTERNATIVE_DISTRIBUTION_WEB\=NO
    export ALWAYS_EMBED_SWIFT_STANDARD_LIBRARIES\=NO
    export ALWAYS_SEARCH_USER_PATHS\=NO
    export ALWAYS_USE_SEPARATE_HEADERMAPS\=NO
    export APPLICATION_EXTENSION_API_ONLY\=NO
    export APPLY_RULES_IN_COPY_FILES\=NO
    export APPLY_RULES_IN_COPY_HEADERS\=NO
    export APP_SHORTCUTS_ENABLE_FLEXIBLE_MATCHING\=YES
    export ARCHS\=arm64
    export ARCHS_STANDARD\=arm64\ x86_64
    export ARCHS_STANDARD_32_64_BIT\=arm64\ x86_64
    export ARCHS_STANDARD_64_BIT\=arm64\ x86_64
    export ARCHS_STANDARD_INCLUDING_64_BIT\=arm64\ x86_64
    export ARCHS_UNIVERSAL_IPHONE_OS\=arm64\ x86_64
    export ASSETCATALOG_COMPILER_APPICON_NAME\=AppIcon
    export ASSETCATALOG_COMPILER_GLOBAL_ACCENT_COLOR_NAME\=AccentColor
    export ASSETCATALOG_FILTER_FOR_DEVICE_MODEL\=iPhone18,3
    export ASSETCATALOG_FILTER_FOR_DEVICE_OS_VERSION\=26.1
    export ASSETCATALOG_FILTER_FOR_THINNING_DEVICE_CONFIGURATION\=iPhone18,3
    export AUTOMATICALLY_MERGE_DEPENDENCIES\=NO
    export AUTOMATION_APPLE_EVENTS\=NO
    export AVAILABLE_PLATFORMS\=android\ appletvos\ appletvsimulator\ driverkit\ iphoneos\ iphonesimulator\ macosx\ qnx\ watchos\ watchsimulator\ webassembly\ xros\ xrsimulator
    export BUILD_ACTIVE_RESOURCES_ONLY\=YES
    export BUILD_COMPONENTS\=headers\ build
    export BUILD_DIR\=/Users/bvidal/Library/Developer/Xcode/DerivedData/FitnessTracker-enuvlabzlxteetgdllvrjjaofbkw/Build/Products
    export BUILD_LIBRARY_FOR_DISTRIBUTION\=NO
    export BUILD_ROOT\=/Users/bvidal/Library/Developer/Xcode/DerivedData/FitnessTracker-enuvlabzlxteetgdllvrjjaofbkw/Build/Products
    export BUILD_STYLE\=
    export BUILD_VARIANTS\=normal
    export BUILT_PRODUCTS_DIR\=/Users/bvidal/Library/Developer/Xcode/DerivedData/FitnessTracker-enuvlabzlxteetgdllvrjjaofbkw/Build/Products/Debug-iphonesimulator/hermes-engine
    export BUNDLE_CONTENTS_FOLDER_PATH_deep\=Contents/
    export BUNDLE_EXECUTABLE_FOLDER_NAME_deep\=MacOS
    export BUNDLE_EXTENSIONS_FOLDER_PATH\=Extensions
    export BUNDLE_FORMAT\=shallow
    export BUNDLE_FRAMEWORKS_FOLDER_PATH\=Frameworks
    export BUNDLE_PLUGINS_FOLDER_PATH\=PlugIns
    export BUNDLE_PRIVATE_HEADERS_FOLDER_PATH\=PrivateHeaders
    export BUNDLE_PUBLIC_HEADERS_FOLDER_PATH\=Headers
    export CACHE_ROOT\=/var/folders/80/s3cxvxkx5j5bg_7brzyj0y4c0000gp/C/com.apple.DeveloperTools/26.1.1-17B100/Xcode
    export CCHROOT\=/var/folders/80/s3cxvxkx5j5bg_7brzyj0y4c0000gp/C/com.apple.DeveloperTools/26.1.1-17B100/Xcode
    export CHMOD\=/bin/chmod
    export CHOWN\=/usr/sbin/chown
    export CLANG_ANALYZER_LOCALIZABILITY_NONLOCALIZED\=YES
    export CLANG_ANALYZER_NONNULL\=YES
    export CLANG_ANALYZER_NUMBER_OBJECT_CONVERSION\=YES_AGGRESSIVE
    export CLANG_CACHE_FINE_GRAINED_OUTPUTS\=YES
    export CLANG_CXX_LANGUAGE_STANDARD\=c++20
    export CLANG_CXX_LIBRARY\=compiler-default
    export CLANG_ENABLE_EXPLICIT_MODULES\=YES
    export CLANG_ENABLE_MODULES\=YES
    export CLANG_ENABLE_OBJC_ARC\=YES
    export CLANG_ENABLE_OBJC_WEAK\=NO
    export CLANG_MODULES_BUILD_SESSION_FILE\=/Users/bvidal/Library/Developer/Xcode/DerivedData/ModuleCache.noindex/Session.modulevalidation
    export CLANG_WARN_BLOCK_CAPTURE_AUTORELEASING\=YES
    export CLANG_WARN_BOOL_CONVERSION\=YES
    export CLANG_WARN_COMMA\=YES
    export CLANG_WARN_CONSTANT_CONVERSION\=YES
    export CLANG_WARN_DEPRECATED_OBJC_IMPLEMENTATIONS\=YES
    export CLANG_WARN_DIRECT_OBJC_ISA_USAGE\=YES_ERROR
    export CLANG_WARN_DOCUMENTATION_COMMENTS\=YES
    export CLANG_WARN_EMPTY_BODY\=YES
    export CLANG_WARN_ENUM_CONVERSION\=YES
    export CLANG_WARN_INFINITE_RECURSION\=YES
    export CLANG_WARN_INT_CONVERSION\=YES
    export CLANG_WARN_NON_LITERAL_NULL_CONVERSION\=YES
    export CLANG_WARN_OBJC_IMPLICIT_RETAIN_SELF\=YES
    export CLANG_WARN_OBJC_LITERAL_CONVERSION\=YES
    export CLANG_WARN_OBJC_ROOT_CLASS\=YES_ERROR
    export CLANG_WARN_QUOTED_INCLUDE_IN_FRAMEWORK_HEADER\=NO
    export CLANG_WARN_RANGE_LOOP_ANALYSIS\=YES
    export CLANG_WARN_STRICT_PROTOTYPES\=YES
    export CLANG_WARN_SUSPICIOUS_MOVE\=YES
    export CLANG_WARN_UNGUARDED_AVAILABILITY\=YES_AGGRESSIVE
    export CLANG_WARN_UNREACHABLE_CODE\=YES
    export CLANG_WARN__DUPLICATE_METHOD_MATCH\=YES
    export CLASS_FILE_DIR\=/Users/bvidal/Library/Developer/Xcode/DerivedData/FitnessTracker-enuvlabzlxteetgdllvrjjaofbkw/Build/Intermediates.noindex/Pods.build/Debug-iphonesimulator/hermes-engine.build/JavaClasses
    export CLEAN_PRECOMPS\=YES
    export CLONE_HEADERS\=NO
    export CODESIGNING_FOLDER_PATH\=/Users/bvidal/Library/Developer/Xcode/DerivedData/FitnessTracker-enuvlabzlxteetgdllvrjjaofbkw/Build/Products/Debug-iphonesimulator/hermes-engine/
    export CODE_SIGNING_ALLOWED\=NO
    export CODE_SIGNING_REQUIRED\=YES
    export CODE_SIGN_CONTEXT_CLASS\=XCiPhoneSimulatorCodeSignContext
    export CODE_SIGN_IDENTITY\=-
    export CODE_SIGN_INJECT_BASE_ENTITLEMENTS\=YES
    export COLOR_DIAGNOSTICS\=NO
    export COMBINE_HIDPI_IMAGES\=NO
    export COMPILATION_CACHE_CAS_PATH\=/Users/bvidal/Library/Developer/Xcode/DerivedData/CompilationCache.noindex
    export COMPILATION_CACHE_KEEP_CAS_DIRECTORY\=YES
    export COMPILER_INDEX_STORE_ENABLE\=Default
    export COMPOSITE_SDK_DIRS\=/Users/bvidal/Library/Developer/Xcode/DerivedData/FitnessTracker-enuvlabzlxteetgdllvrjjaofbkw/Build/Intermediates.noindex/CompositeSDKs
    export COMPRESS_PNG_FILES\=YES
    export CONFIGURATION\=Debug
    export CONFIGURATION_BUILD_DIR\=/Users/bvidal/Library/Developer/Xcode/DerivedData/FitnessTracker-enuvlabzlxteetgdllvrjjaofbkw/Build/Products/Debug-iphonesimulator/hermes-engine
    export CONFIGURATION_TEMP_DIR\=/Users/bvidal/Library/Developer/Xcode/DerivedData/FitnessTracker-enuvlabzlxteetgdllvrjjaofbkw/Build/Intermediates.noindex/Pods.build/Debug-iphonesimulator
    export COPYING_PRESERVES_HFS_DATA\=NO
    export COPY_HEADERS_RUN_UNIFDEF\=NO
    export COPY_PHASE_STRIP\=NO
    export CORRESPONDING_DEVICE_PLATFORM_DIR\=/Applications/Xcode.app/Contents/Developer/Platforms/iPhoneOS.platform
    export CORRESPONDING_DEVICE_PLATFORM_NAME\=iphoneos
    export CORRESPONDING_DEVICE_SDK_DIR\=/Applications/Xcode.app/Contents/Developer/Platforms/iPhoneOS.platform/Developer/SDKs/iPhoneOS26.1.sdk
    export CORRESPONDING_DEVICE_SDK_NAME\=iphoneos26.1
    export CP\=/bin/cp
    export CREATE_INFOPLIST_SECTION_IN_BINARY\=NO
    export CURRENT_ARCH\=undefined_arch
    export CURRENT_VARIANT\=normal
    export DEAD_CODE_STRIPPING\=YES
    export DEBUGGING_SYMBOLS\=YES
    export DEBUG_INFORMATION_FORMAT\=dwarf
    export DEBUG_INFORMATION_VERSION\=compiler-default
    export DEFAULT_COMPILER\=com.apple.compilers.llvm.clang.1_0
    export DEFAULT_DEXT_INSTALL_PATH\=/System/Library/DriverExtensions
    export DEFAULT_KEXT_INSTALL_PATH\=/System/Library/Extensions
    export DEFINES_MODULE\=NO
    export DEPLOYMENT_LOCATION\=NO
    export DEPLOYMENT_POSTPROCESSING\=NO
    export DEPLOYMENT_TARGET_SETTING_NAME\=IPHONEOS_DEPLOYMENT_TARGET
    export DEPLOYMENT_TARGET_SUGGESTED_VALUES\=12.0\ 12.1\ 12.2\ 12.3\ 12.4\ 13.0\ 13.1\ 13.2\ 13.3\ 13.4\ 13.5\ 13.6\ 14.0\ 14.1\ 14.2\ 14.3\ 14.4\ 14.5\ 14.6\ 14.7\ 15.0\ 15.1\ 15.2\ 15.3\ 15.4\ 15.5\ 15.6\ 16.0\ 16.1\ 16.2\ 16.3\ 16.4\ 16.5\ 16.6\ 17.0\ 17.1\ 17.2\ 17.3\ 17.4\ 17.5\ 17.6\ 18.0\ 18.1\ 18.2\ 18.3\ 18.4\ 18.5\ 18.6\ 26.0\ 26.1
    export DERIVED_FILES_DIR\=/Users/bvidal/Library/Developer/Xcode/DerivedData/FitnessTracker-enuvlabzlxteetgdllvrjjaofbkw/Build/Intermediates.noindex/Pods.build/Debug-iphonesimulator/hermes-engine.build/DerivedSources
    export DERIVED_FILE_DIR\=/Users/bvidal/Library/Developer/Xcode/DerivedData/FitnessTracker-enuvlabzlxteetgdllvrjjaofbkw/Build/Intermediates.noindex/Pods.build/Debug-iphonesimulator/hermes-engine.build/DerivedSources
    export DERIVED_SOURCES_DIR\=/Users/bvidal/Library/Developer/Xcode/DerivedData/FitnessTracker-enuvlabzlxteetgdllvrjjaofbkw/Build/Intermediates.noindex/Pods.build/Debug-iphonesimulator/hermes-engine.build/DerivedSources
    export DEVELOPER_APPLICATIONS_DIR\=/Applications/Xcode.app/Contents/Developer/Applications
    export DEVELOPER_BIN_DIR\=/Applications/Xcode.app/Contents/Developer/usr/bin
    export DEVELOPER_DIR\=/Applications/Xcode.app/Contents/Developer
    export DEVELOPER_FRAMEWORKS_DIR\=/Applications/Xcode.app/Contents/Developer/Library/Frameworks
    export DEVELOPER_FRAMEWORKS_DIR_QUOTED\=/Applications/Xcode.app/Contents/Developer/Library/Frameworks
    export DEVELOPER_LIBRARY_DIR\=/Applications/Xcode.app/Contents/Developer/Library
    export DEVELOPER_SDK_DIR\=/Applications/Xcode.app/Contents/Developer/Platforms/MacOSX.platform/Developer/SDKs
    export DEVELOPER_TOOLS_DIR\=/Applications/Xcode.app/Contents/Developer/Tools
    export DEVELOPER_USR_DIR\=/Applications/Xcode.app/Contents/Developer/usr
    export DEVELOPMENT_LANGUAGE\=en
    export DIAGNOSE_MISSING_TARGET_DEPENDENCIES\=YES
    export DIFF\=/usr/bin/diff
    export DONT_GENERATE_INFOPLIST_FILE\=NO
    export DSTROOT\=/tmp/Pods.dst
    export DT_TOOLCHAIN_DIR\=/Applications/Xcode.app/Contents/Developer/Toolchains/XcodeDefault.xctoolchain
    export DWARF_DSYM_FILE_NAME\=.dSYM
    export DWARF_DSYM_FILE_SHOULD_ACCOMPANY_PRODUCT\=NO
    export DWARF_DSYM_FOLDER_PATH\=/Users/bvidal/Library/Developer/Xcode/DerivedData/FitnessTracker-enuvlabzlxteetgdllvrjjaofbkw/Build/Products/Debug-iphonesimulator/hermes-engine
    export DYNAMIC_LIBRARY_EXTENSION\=dylib
    export EAGER_COMPILATION_ALLOW_SCRIPTS\=NO
    export EAGER_LINKING\=NO
    export EFFECTIVE_PLATFORM_NAME\=-iphonesimulator
    export EMBEDDED_CONTENT_CONTAINS_SWIFT\=NO
    export EMBED_ASSET_PACKS_IN_PRODUCT_BUNDLE\=NO
    export ENABLE_APP_SANDBOX\=NO
    export ENABLE_CODE_COVERAGE\=YES
    export ENABLE_CPLUSPLUS_BOUNDS_SAFE_BUFFERS\=NO
    export ENABLE_C_BOUNDS_SAFETY\=NO
    export ENABLE_DEFAULT_HEADER_SEARCH_PATHS\=YES
    export ENABLE_DEFAULT_SEARCH_PATHS\=YES
    export ENABLE_ENHANCED_SECURITY\=NO
    export ENABLE_HARDENED_RUNTIME\=NO
    export ENABLE_HEADER_DEPENDENCIES\=YES
    export ENABLE_INCOMING_NETWORK_CONNECTIONS\=NO
    export ENABLE_ON_DEMAND_RESOURCES\=NO
    export ENABLE_OUTGOING_NETWORK_CONNECTIONS\=NO
    export ENABLE_POINTER_AUTHENTICATION\=NO
    export ENABLE_PREVIEWS\=NO
    export ENABLE_RESOURCE_ACCESS_AUDIO_INPUT\=NO
    export ENABLE_RESOURCE_ACCESS_BLUETOOTH\=NO
    export ENABLE_RESOURCE_ACCESS_CALENDARS\=NO
    export ENABLE_RESOURCE_ACCESS_CAMERA\=NO
    export ENABLE_RESOURCE_ACCESS_CONTACTS\=NO
    export ENABLE_RESOURCE_ACCESS_LOCATION\=NO
    export ENABLE_RESOURCE_ACCESS_PHOTO_LIBRARY\=NO
    export ENABLE_RESOURCE_ACCESS_PRINTING\=NO
    export ENABLE_RESOURCE_ACCESS_USB\=NO
    export ENABLE_SDK_IMPORTS\=NO
    export ENABLE_SECURITY_COMPILER_WARNINGS\=NO
    export ENABLE_STRICT_OBJC_MSGSEND\=YES
    export ENABLE_TESTABILITY\=YES
    export ENABLE_TESTING_SEARCH_PATHS\=NO
    export ENABLE_USER_SCRIPT_SANDBOXING\=NO
    export ENABLE_XOJIT_PREVIEWS\=YES
    export ENFORCE_VALID_ARCHS\=YES
    export ENTITLEMENTS_DESTINATION\=__entitlements
    export ENTITLEMENTS_REQUIRED\=YES
    export EXCLUDED_ARCHS\=i386
    export EXCLUDED_INSTALLSRC_SUBDIRECTORY_PATTERNS\=.DS_Store\ .svn\ .git\ .hg\ CVS
    export EXCLUDED_RECURSIVE_SEARCH_PATH_SUBDIRECTORIES\=\*.nib\ \*.lproj\ \*.framework\ \*.gch\ \*.xcode\*\ \*.xcassets\ \*.icon\ \(\*\)\ .DS_Store\ CVS\ .svn\ .git\ .hg\ \*.pbproj\ \*.pbxproj
    export FILE_LIST\=/Users/bvidal/Library/Developer/Xcode/DerivedData/FitnessTracker-enuvlabzlxteetgdllvrjjaofbkw/Build/Intermediates.noindex/Pods.build/Debug-iphonesimulator/hermes-engine.build/Objects/LinkFileList
    export FIXED_FILES_DIR\=/Users/bvidal/Library/Developer/Xcode/DerivedData/FitnessTracker-enuvlabzlxteetgdllvrjjaofbkw/Build/Intermediates.noindex/Pods.build/Debug-iphonesimulator/hermes-engine.build/FixedFiles
    export FRAMEWORK_SEARCH_PATHS\=\ \"/Users/bvidal/repos/fitness-tracker/ios/Pods/hermes-engine/destroot/Library/Frameworks/universal\"\ \"/Users/bvidal/Library/Developer/Xcode/DerivedData/FitnessTracker-enuvlabzlxteetgdllvrjjaofbkw/Build/Products/Debug-iphonesimulator/XCFrameworkIntermediates/hermes-engine/Pre-built\"
    export FRAMEWORK_VERSION\=A
    export FUSE_BUILD_PHASES\=YES
    export FUSE_BUILD_SCRIPT_PHASES\=NO
    export GCC3_VERSION\=3.3
    export GCC_C_LANGUAGE_STANDARD\=gnu11
    export GCC_DYNAMIC_NO_PIC\=NO
    export GCC_NO_COMMON_BLOCKS\=YES
    export GCC_OBJC_LEGACY_DISPATCH\=YES
    export GCC_OPTIMIZATION_LEVEL\=0
    export GCC_PFE_FILE_C_DIALECTS\=c\ objective-c\ c++\ objective-c++
    export GCC_PREPROCESSOR_DEFINITIONS\=POD_CONFIGURATION_DEBUG\=1\ DEBUG\=1\ \ COCOAPODS\=1\ HERMES_ENABLE_DEBUGGER\=1
    export GCC_TREAT_WARNINGS_AS_ERRORS\=NO
    export GCC_VERSION\=com.apple.compilers.llvm.clang.1_0
    export GCC_VERSION_IDENTIFIER\=com_apple_compilers_llvm_clang_1_0
    export GCC_WARN_64_TO_32_BIT_CONVERSION\=YES
    export GCC_WARN_ABOUT_RETURN_TYPE\=YES_ERROR
    export GCC_WARN_UNDECLARED_SELECTOR\=YES
    export GCC_WARN_UNINITIALIZED_AUTOS\=YES_AGGRESSIVE
    export GCC_WARN_UNUSED_FUNCTION\=YES
    export GCC_WARN_UNUSED_VARIABLE\=YES
    export GENERATED_MODULEMAP_DIR\=/Users/bvidal/Library/Developer/Xcode/DerivedData/FitnessTracker-enuvlabzlxteetgdllvrjjaofbkw/Build/Intermediates.noindex/GeneratedModuleMaps-iphonesimulator
    export GENERATE_INFOPLIST_FILE\=NO
    export GENERATE_INTERMEDIATE_TEXT_BASED_STUBS\=YES
    export GENERATE_PKGINFO_FILE\=NO
    export GENERATE_PRELINK_OBJECT_FILE\=NO
    export GENERATE_PROFILING_CODE\=NO
    export GENERATE_TEXT_BASED_STUBS\=NO
    export GID\=20
    export GROUP\=staff
    export HEADERMAP_INCLUDES_FLAT_ENTRIES_FOR_TARGET_BEING_BUILT\=YES
    export HEADERMAP_INCLUDES_FRAMEWORK_ENTRIES_FOR_ALL_PRODUCT_TYPES\=YES
    export HEADERMAP_INCLUDES_FRAMEWORK_ENTRIES_FOR_TARGETS_NOT_BEING_BUILT\=YES
    export HEADERMAP_INCLUDES_NONPUBLIC_NONPRIVATE_HEADERS\=YES
    export HEADERMAP_INCLUDES_PROJECT_HEADERS\=YES
    export HEADERMAP_USES_FRAMEWORK_PREFIX_ENTRIES\=YES
    export HEADERMAP_USES_VFS\=NO
    export HEADER_SEARCH_PATHS\=\ \"/Users/bvidal/repos/fitness-tracker/ios/Pods/Headers/Private\"\ \"/Users/bvidal/repos/fitness-tracker/ios/Pods/Headers/Private/hermes-engine\"\ \"/Users/bvidal/repos/fitness-tracker/ios/Pods/Headers/Public\"\ \"/Users/bvidal/repos/fitness-tracker/ios/Pods/Headers/Public/hermes-engine\"
    export HOME\=/Users/bvidal
    export HOST_ARCH\=arm64
    export HOST_PLATFORM\=macosx
    export ICONV\=/usr/bin/iconv
    export IMPLICIT_DEPENDENCY_DOMAIN\=default
    export INFOPLIST_ENABLE_CFBUNDLEICONS_MERGE\=YES
    export INFOPLIST_EXPAND_BUILD_SETTINGS\=YES
    export INFOPLIST_OUTPUT_FORMAT\=binary
    export INFOPLIST_PREPROCESS\=NO
    export INLINE_PRIVATE_FRAMEWORKS\=NO
    export INSTALLAPI_IGNORE_SKIP_INSTALL\=YES
    export INSTALLHDRS_COPY_PHASE\=NO
    export INSTALLHDRS_SCRIPT_PHASE\=NO
    export INSTALL_DIR\=/tmp/Pods.dst
    export INSTALL_GROUP\=staff
    export INSTALL_MODE_FLAG\=u+w,go-w,a+rX
    export INSTALL_OWNER\=bvidal
    export INSTALL_ROOT\=/tmp/Pods.dst
    export IPHONEOS_DEPLOYMENT_TARGET\=13.4
    export IS_UNOPTIMIZED_BUILD\=YES
    export JAVAC_DEFAULT_FLAGS\=-J-Xms64m\ -J-XX:NewSize\=4M\ -J-Dfile.encoding\=UTF8
    export JAVA_APP_STUB\=/System/Library/Frameworks/JavaVM.framework/Resources/MacOS/JavaApplicationStub
    export JAVA_ARCHIVE_CLASSES\=YES
    export JAVA_ARCHIVE_TYPE\=JAR
    export JAVA_COMPILER\=/usr/bin/javac
    export JAVA_FRAMEWORK_RESOURCES_DIRS\=Resources
    export JAVA_JAR_FLAGS\=cv
    export JAVA_SOURCE_SUBDIR\=.
    export JAVA_USE_DEPENDENCIES\=YES
    export JAVA_ZIP_FLAGS\=-urg
    export JIKES_DEFAULT_FLAGS\=+E\ +OLDCSO
    export KEEP_PRIVATE_EXTERNS\=NO
    export LD_DEPENDENCY_INFO_FILE\=/Users/bvidal/Library/Developer/Xcode/DerivedData/FitnessTracker-enuvlabzlxteetgdllvrjjaofbkw/Build/Intermediates.noindex/Pods.build/Debug-iphonesimulator/hermes-engine.build/Objects-normal/undefined_arch/hermes-engine_dependency_info.dat
    export LD_EXPORT_SYMBOLS\=YES
    export LD_GENERATE_MAP_FILE\=NO
    export LD_MAP_FILE_PATH\=/Users/bvidal/Library/Developer/Xcode/DerivedData/FitnessTracker-enuvlabzlxteetgdllvrjjaofbkw/Build/Intermediates.noindex/Pods.build/Debug-iphonesimulator/hermes-engine.build/hermes-engine-LinkMap-normal-undefined_arch.txt
    export LD_NO_PIE\=NO
    export LD_QUOTE_LINKER_ARGUMENTS_FOR_COMPILER_DRIVER\=YES
    export LD_RUNPATH_SEARCH_PATHS\=\ @executable_path/Frameworks
    export LD_SHARED_CACHE_ELIGIBLE\=Automatic
    export LD_WARN_DUPLICATE_LIBRARIES\=NO
    export LD_WARN_UNUSED_DYLIBS\=NO
    export LEGACY_DEVELOPER_DIR\=/Applications/Xcode.app/Contents/PlugIns/Xcode3Core.ideplugin/Contents/SharedSupport/Developer
    export LEX\=lex
    export LIBRARY_DEXT_INSTALL_PATH\=/Library/DriverExtensions
    export LIBRARY_FLAG_NOSPACE\=YES
    export LIBRARY_KEXT_INSTALL_PATH\=/Library/Extensions
    export LINKER_DISPLAYS_MANGLED_NAMES\=NO
    export LINK_FILE_LIST_normal_arm64\=/Users/bvidal/Library/Developer/Xcode/DerivedData/FitnessTracker-enuvlabzlxteetgdllvrjjaofbkw/Build/Intermediates.noindex/Pods.build/Debug-iphonesimulator/hermes-engine.build/Objects-normal/arm64/hermes-engine.LinkFileList
    export LINK_OBJC_RUNTIME\=YES
    export LINK_WITH_STANDARD_LIBRARIES\=YES
    export LLVM_TARGET_TRIPLE_OS_VERSION\=ios13.4
    export LLVM_TARGET_TRIPLE_SUFFIX\=-simulator
    export LLVM_TARGET_TRIPLE_VENDOR\=apple
    export LM_AUX_CONST_METADATA_LIST_PATH_normal_arm64\=/Users/bvidal/Library/Developer/Xcode/DerivedData/FitnessTracker-enuvlabzlxteetgdllvrjjaofbkw/Build/Intermediates.noindex/Pods.build/Debug-iphonesimulator/hermes-engine.build/Objects-normal/arm64/hermes-engine.SwiftConstValuesFileList
    export LOCALIZATION_EXPORT_SUPPORTED\=YES
    export LOCALIZATION_PREFERS_STRING_CATALOGS\=NO
    export LOCALIZED_STRING_MACRO_NAMES\=NSLocalizedString\ CFCopyLocalizedString
    export LOCALIZED_STRING_SWIFTUI_SUPPORT\=YES
    export LOCAL_ADMIN_APPS_DIR\=/Applications/Utilities
    export LOCAL_APPS_DIR\=/Applications
    export LOCAL_DEVELOPER_DIR\=/Library/Developer
    export LOCAL_LIBRARY_DIR\=/Library
    export LOCROOT\=/Users/bvidal/repos/fitness-tracker/ios/Pods
    export LOCSYMROOT\=/Users/bvidal/repos/fitness-tracker/ios/Pods
    export MAC_OS_X_PRODUCT_BUILD_VERSION\=25A362
    export MAC_OS_X_VERSION_ACTUAL\=260001
    export MAC_OS_X_VERSION_MAJOR\=260000
    export MAC_OS_X_VERSION_MINOR\=260000
    export MAKE_MERGEABLE\=NO
    export MERGEABLE_LIBRARY\=NO
    export MERGED_BINARY_TYPE\=none
    export MERGE_LINKED_LIBRARIES\=NO
    export METAL_LIBRARY_FILE_BASE\=default
    export METAL_LIBRARY_OUTPUT_DIR\=/Users/bvidal/Library/Developer/Xcode/DerivedData/FitnessTracker-enuvlabzlxteetgdllvrjjaofbkw/Build/Products/Debug-iphonesimulator/hermes-engine/
    export MODULE_CACHE_DIR\=/Users/bvidal/Library/Developer/Xcode/DerivedData/ModuleCache.noindex
    export MTL_ENABLE_DEBUG_INFO\=INCLUDE_SOURCE
    export MTL_FAST_MATH\=YES
    export NATIVE_ARCH\=arm64
    export NATIVE_ARCH_32_BIT\=arm
    export NATIVE_ARCH_64_BIT\=arm64
    export NATIVE_ARCH_ACTUAL\=arm64
    export NO_COMMON\=YES
    export OBJC_ABI_VERSION\=2
    export OBJECT_FILE_DIR\=/Users/bvidal/Library/Developer/Xcode/DerivedData/FitnessTracker-enuvlabzlxteetgdllvrjjaofbkw/Build/Intermediates.noindex/Pods.build/Debug-iphonesimulator/hermes-engine.build/Objects
    export OBJECT_FILE_DIR_normal\=/Users/bvidal/Library/Developer/Xcode/DerivedData/FitnessTracker-enuvlabzlxteetgdllvrjjaofbkw/Build/Intermediates.noindex/Pods.build/Debug-iphonesimulator/hermes-engine.build/Objects-normal
    export OBJROOT\=/Users/bvidal/Library/Developer/Xcode/DerivedData/FitnessTracker-enuvlabzlxteetgdllvrjjaofbkw/Build/Intermediates.noindex
    export ONLY_ACTIVE_ARCH\=YES
    export OS\=MACOS
    export OSAC\=/usr/bin/osacompile
    export OTHER_LDFLAGS\=\ -Wl\ -ld_classic
    export PASCAL_STRINGS\=YES
    export PATH\=/Applications/Xcode.app/Contents/SharedFrameworks/SwiftBuild.framework/Versions/A/PlugIns/SWBBuildService.bundle/Contents/PlugIns/SWBUniversalPlatformPlugin.bundle/Contents/Frameworks/SWBUniversalPlatform.framework/Resources:/Applications/Xcode.app/Contents/Developer/Toolchains/XcodeDefault.xctoolchain/usr/bin:/Applications/Xcode.app/Contents/Developer/Toolchains/XcodeDefault.xctoolchain/usr/local/bin:/Applications/Xcode.app/Contents/Developer/Toolchains/XcodeDefault.xctoolchain/usr/libexec:/Applications/Xcode.app/Contents/Developer/Platforms/iPhoneSimulator.platform/usr/bin:/Applications/Xcode.app/Contents/Developer/Platforms/iPhoneSimulator.platform/usr/local/bin:/Applications/Xcode.app/Contents/Developer/Platforms/iPhoneSimulator.platform/Developer/usr/bin:/Applications/Xcode.app/Contents/Developer/Platforms/iPhoneSimulator.platform/Developer/usr/local/bin:/Applications/Xcode.app/Contents/Developer/usr/bin:/Applications/Xcode.app/Contents/Developer/usr/local/bin:/Users/bvidal/.gem/ruby/3.4.0/bin:/opt/homebrew/opt/ruby/bin:/Users/bvidal/.antigravity/antigravity/bin:/Users/bvidal/.rd/bin:/Users/bvidal/.nvm/versions/node/v22.17.0/bin:/opt/homebrew/bin:/opt/homebrew/sbin:/usr/local/bin:/System/Cryptexes/App/usr/bin:/usr/bin:/bin:/usr/sbin:/sbin:/var/run/com.apple.security.cryptexd/codex.system/bootstrap/usr/local/bin:/var/run/com.apple.security.cryptexd/codex.system/bootstrap/usr/bin:/var/run/com.apple.security.cryptexd/codex.system/bootstrap/usr/appleinternal/bin:/Library/Apple/usr/bin:/Users/bvidal/.volta/bin
    export PATH_PREFIXES_EXCLUDED_FROM_HEADER_DEPENDENCIES\=/usr/include\ /usr/local/include\ /System/Library/Frameworks\ /System/Library/PrivateFrameworks\ /Applications/Xcode.app/Contents/Developer/Headers\ /Applications/Xcode.app/Contents/Developer/SDKs\ /Applications/Xcode.app/Contents/Developer/Platforms
    export PER_ARCH_MODULE_FILE_DIR\=/Users/bvidal/Library/Developer/Xcode/DerivedData/FitnessTracker-enuvlabzlxteetgdllvrjjaofbkw/Build/Intermediates.noindex/Pods.build/Debug-iphonesimulator/hermes-engine.build/Objects-normal/undefined_arch
    export PER_ARCH_OBJECT_FILE_DIR\=/Users/bvidal/Library/Developer/Xcode/DerivedData/FitnessTracker-enuvlabzlxteetgdllvrjjaofbkw/Build/Intermediates.noindex/Pods.build/Debug-iphonesimulator/hermes-engine.build/Objects-normal/undefined_arch
    export PER_VARIANT_OBJECT_FILE_DIR\=/Users/bvidal/Library/Developer/Xcode/DerivedData/FitnessTracker-enuvlabzlxteetgdllvrjjaofbkw/Build/Intermediates.noindex/Pods.build/Debug-iphonesimulator/hermes-engine.build/Objects-normal
    export PKGINFO_FILE_PATH\=/Users/bvidal/Library/Developer/Xcode/DerivedData/FitnessTracker-enuvlabzlxteetgdllvrjjaofbkw/Build/Intermediates.noindex/Pods.build/Debug-iphonesimulator/hermes-engine.build/PkgInfo
    export PLATFORM_DEVELOPER_APPLICATIONS_DIR\=/Applications/Xcode.app/Contents/Developer/Platforms/iPhoneSimulator.platform/Developer/Applications
    export PLATFORM_DEVELOPER_BIN_DIR\=/Applications/Xcode.app/Contents/Developer/Platforms/iPhoneSimulator.platform/Developer/usr/bin
    export PLATFORM_DEVELOPER_LIBRARY_DIR\=/Applications/Xcode.app/Contents/Developer/Platforms/iPhoneSimulator.platform/Developer/Library
    export PLATFORM_DEVELOPER_SDK_DIR\=/Applications/Xcode.app/Contents/Developer/Platforms/iPhoneSimulator.platform/Developer/SDKs
    export PLATFORM_DEVELOPER_TOOLS_DIR\=/Applications/Xcode.app/Contents/Developer/Platforms/iPhoneSimulator.platform/Developer/Tools
    export PLATFORM_DEVELOPER_USR_DIR\=/Applications/Xcode.app/Contents/Developer/Platforms/iPhoneSimulator.platform/Developer/usr
    export PLATFORM_DIR\=/Applications/Xcode.app/Contents/Developer/Platforms/iPhoneSimulator.platform
    export PLATFORM_DISPLAY_NAME\=iOS\ Simulator
    export PLATFORM_FAMILY_NAME\=iOS
    export PLATFORM_NAME\=iphonesimulator
    export PLATFORM_PREFERRED_ARCH\=x86_64
    export PLATFORM_PRODUCT_BUILD_VERSION\=23B77
    export PLATFORM_REQUIRES_SWIFT_AUTOLINK_EXTRACT\=NO
    export PLATFORM_REQUIRES_SWIFT_MODULEWRAP\=NO
    export PLIST_FILE_OUTPUT_FORMAT\=binary
    export PODS_BUILD_DIR\=/Users/bvidal/Library/Developer/Xcode/DerivedData/FitnessTracker-enuvlabzlxteetgdllvrjjaofbkw/Build/Products
    export PODS_CONFIGURATION_BUILD_DIR\=/Users/bvidal/Library/Developer/Xcode/DerivedData/FitnessTracker-enuvlabzlxteetgdllvrjjaofbkw/Build/Products/Debug-iphonesimulator
    export PODS_DEVELOPMENT_LANGUAGE\=en
    export PODS_ROOT\=/Users/bvidal/repos/fitness-tracker/ios/Pods
    export PODS_TARGET_SRCROOT\=/Users/bvidal/repos/fitness-tracker/ios/Pods/hermes-engine
    export PODS_XCFRAMEWORKS_BUILD_DIR\=/Users/bvidal/Library/Developer/Xcode/DerivedData/FitnessTracker-enuvlabzlxteetgdllvrjjaofbkw/Build/Products/Debug-iphonesimulator/XCFrameworkIntermediates
    export PRECOMPS_INCLUDE_HEADERS_FROM_BUILT_PRODUCTS_DIR\=YES
    export PRECOMP_DESTINATION_DIR\=/Users/bvidal/Library/Developer/Xcode/DerivedData/FitnessTracker-enuvlabzlxteetgdllvrjjaofbkw/Build/Intermediates.noindex/Pods.build/Debug-iphonesimulator/hermes-engine.build/PrefixHeaders
    export PROCESSED_INFOPLIST_PATH\=/Users/bvidal/Library/Developer/Xcode/DerivedData/FitnessTracker-enuvlabzlxteetgdllvrjjaofbkw/Build/Intermediates.noindex/Pods.build/Debug-iphonesimulator/hermes-engine.build/Objects-normal/undefined_arch/Processed-Info.plist
    export PRODUCT_BUNDLE_IDENTIFIER\=org.cocoapods.hermes-engine
    export PRODUCT_MODULE_NAME\=hermes_engine
    export PRODUCT_NAME\=hermes-engine
    export PRODUCT_SETTINGS_PATH\=
    export PROFILING_CODE\=NO
    export PROJECT\=Pods
    export PROJECT_DERIVED_FILE_DIR\=/Users/bvidal/Library/Developer/Xcode/DerivedData/FitnessTracker-enuvlabzlxteetgdllvrjjaofbkw/Build/Intermediates.noindex/Pods.build/DerivedSources
    export PROJECT_DIR\=/Users/bvidal/repos/fitness-tracker/ios/Pods
    export PROJECT_FILE_PATH\=/Users/bvidal/repos/fitness-tracker/ios/Pods/Pods.xcodeproj
    export PROJECT_GUID\=8699adb1dd336b26511df848a716bd42
    export PROJECT_NAME\=Pods
    export PROJECT_TEMP_DIR\=/Users/bvidal/Library/Developer/Xcode/DerivedData/FitnessTracker-enuvlabzlxteetgdllvrjjaofbkw/Build/Intermediates.noindex/Pods.build
    export PROJECT_TEMP_ROOT\=/Users/bvidal/Library/Developer/Xcode/DerivedData/FitnessTracker-enuvlabzlxteetgdllvrjjaofbkw/Build/Intermediates.noindex
    export REACT_NATIVE_PATH\=/Users/bvidal/repos/fitness-tracker/ios/Pods/../../node_modules/react-native
    export RECOMMENDED_IPHONEOS_DEPLOYMENT_TARGET\=15.0
    export RECURSIVE_SEARCH_PATHS_FOLLOW_SYMLINKS\=YES
    export REMOVE_CVS_FROM_RESOURCES\=YES
    export REMOVE_GIT_FROM_RESOURCES\=YES
    export REMOVE_HEADERS_FROM_EMBEDDED_BUNDLES\=YES
    export REMOVE_HG_FROM_RESOURCES\=YES
    export REMOVE_STATIC_EXECUTABLES_FROM_EMBEDDED_BUNDLES\=YES
    export REMOVE_SVN_FROM_RESOURCES\=YES
    export RESCHEDULE_INDEPENDENT_HEADERS_PHASES\=YES
    export REZ_COLLECTOR_DIR\=/Users/bvidal/Library/Developer/Xcode/DerivedData/FitnessTracker-enuvlabzlxteetgdllvrjjaofbkw/Build/Intermediates.noindex/Pods.build/Debug-iphonesimulator/hermes-engine.build/ResourceManagerResources
    export REZ_OBJECTS_DIR\=/Users/bvidal/Library/Developer/Xcode/DerivedData/FitnessTracker-enuvlabzlxteetgdllvrjjaofbkw/Build/Intermediates.noindex/Pods.build/Debug-iphonesimulator/hermes-engine.build/ResourceManagerResources/Objects
    export RUNTIME_EXCEPTION_ALLOW_DYLD_ENVIRONMENT_VARIABLES\=NO
    export RUNTIME_EXCEPTION_ALLOW_JIT\=NO
    export RUNTIME_EXCEPTION_ALLOW_UNSIGNED_EXECUTABLE_MEMORY\=NO
    export RUNTIME_EXCEPTION_DEBUGGING_TOOL\=NO
    export RUNTIME_EXCEPTION_DISABLE_EXECUTABLE_PAGE_PROTECTION\=NO
    export RUNTIME_EXCEPTION_DISABLE_LIBRARY_VALIDATION\=NO
    export SCAN_ALL_SOURCE_FILES_FOR_INCLUDES\=NO
    export SCRIPT_INPUT_FILE_COUNT\=0
    export SCRIPT_INPUT_FILE_LIST_COUNT\=0
    export SCRIPT_OUTPUT_FILE_COUNT\=0
    export SCRIPT_OUTPUT_FILE_LIST_COUNT\=0
    export SDKROOT\=/Applications/Xcode.app/Contents/Developer/Platforms/iPhoneSimulator.platform/Developer/SDKs/iPhoneSimulator26.1.sdk
    export SDK_DIR\=/Applications/Xcode.app/Contents/Developer/Platforms/iPhoneSimulator.platform/Developer/SDKs/iPhoneSimulator26.1.sdk
    export SDK_DIR_iphonesimulator\=/Applications/Xcode.app/Contents/Developer/Platforms/iPhoneSimulator.platform/Developer/SDKs/iPhoneSimulator26.1.sdk
    export SDK_DIR_iphonesimulator26_1\=/Applications/Xcode.app/Contents/Developer/Platforms/iPhoneSimulator.platform/Developer/SDKs/iPhoneSimulator26.1.sdk
    export SDK_NAME\=iphonesimulator26.1
    export SDK_NAMES\=iphonesimulator26.1
    export SDK_PRODUCT_BUILD_VERSION\=23B77
    export SDK_STAT_CACHE_DIR\=/Users/bvidal/Library/Developer/Xcode/DerivedData
    export SDK_STAT_CACHE_ENABLE\=YES
    export SDK_STAT_CACHE_PATH\=/Users/bvidal/Library/Developer/Xcode/DerivedData/SDKStatCaches.noindex/iphonesimulator26.1-23B77-90cf18a4295e390e64c810bc6bd7acbc.sdkstatcache
    export SDK_VERSION\=26.1
    export SDK_VERSION_ACTUAL\=260100
    export SDK_VERSION_MAJOR\=260000
    export SDK_VERSION_MINOR\=260100
    export SED\=/usr/bin/sed
    export SEPARATE_STRIP\=NO
    export SEPARATE_SYMBOL_EDIT\=NO
    export SET_DIR_MODE_OWNER_GROUP\=YES
    export SET_FILE_MODE_OWNER_GROUP\=NO
    export SHALLOW_BUNDLE\=NO
    export SHARED_DERIVED_FILE_DIR\=/Users/bvidal/Library/Developer/Xcode/DerivedData/FitnessTracker-enuvlabzlxteetgdllvrjjaofbkw/Build/Products/Debug-iphonesimulator/hermes-engine/DerivedSources
    export SHARED_PRECOMPS_DIR\=/Users/bvidal/Library/Developer/Xcode/DerivedData/FitnessTracker-enuvlabzlxteetgdllvrjjaofbkw/Build/Intermediates.noindex/PrecompiledHeaders
    export SKIP_INSTALL\=YES
    export SOURCE_ROOT\=/Users/bvidal/repos/fitness-tracker/ios/Pods
    export SRCROOT\=/Users/bvidal/repos/fitness-tracker/ios/Pods
    export STRINGSDATA_DIR\=/Users/bvidal/Library/Developer/Xcode/DerivedData/FitnessTracker-enuvlabzlxteetgdllvrjjaofbkw/Build/Intermediates.noindex/Pods.build/Debug-iphonesimulator/hermes-engine.build/Objects-normal/undefined_arch
    export STRINGSDATA_ROOT\=/Users/bvidal/Library/Developer/Xcode/DerivedData/FitnessTracker-enuvlabzlxteetgdllvrjjaofbkw/Build/Intermediates.noindex/Pods.build/Debug-iphonesimulator/hermes-engine.build
    export STRINGS_FILE_INFOPLIST_RENAME\=YES
    export STRINGS_FILE_OUTPUT_ENCODING\=binary
    export STRING_CATALOG_GENERATE_SYMBOLS\=NO
    export STRIP_BITCODE_FROM_COPIED_FILES\=NO
    export STRIP_INSTALLED_PRODUCT\=NO
    export STRIP_STYLE\=all
    export STRIP_SWIFT_SYMBOLS\=YES
    export SUPPORTED_DEVICE_FAMILIES\=1,2
    export SUPPORTED_PLATFORMS\=iphoneos\ iphonesimulator
    export SUPPORTS_TEXT_BASED_API\=NO
    export SUPPRESS_WARNINGS\=NO
    export SWIFT_ACTIVE_COMPILATION_CONDITIONS\=DEBUG
    export SWIFT_EMIT_CONST_VALUE_PROTOCOLS\=AppIntent\ EntityQuery\ AppEntity\ TransientEntity\ AppEnum\ AppShortcutProviding\ AppShortcutsProvider\ AnyResolverProviding\ AppIntentsPackage\ DynamicOptionsProvider\ _IntentValueRepresentable\ _AssistantIntentsProvider\ _GenerativeFunctionExtractable\ IntentValueQuery\ Resolver\ AppExtension\ ExtensionPointDefining
    export SWIFT_EMIT_LOC_STRINGS\=NO
    export SWIFT_ENABLE_EXPLICIT_MODULES\=YES
    export SWIFT_OPTIMIZATION_LEVEL\=-Onone
    export SWIFT_PLATFORM_TARGET_PREFIX\=ios
    export SWIFT_RESPONSE_FILE_PATH_normal_arm64\=/Users/bvidal/Library/Developer/Xcode/DerivedData/FitnessTracker-enuvlabzlxteetgdllvrjjaofbkw/Build/Intermediates.noindex/Pods.build/Debug-iphonesimulator/hermes-engine.build/Objects-normal/arm64/hermes-engine.SwiftFileList
    export SWIFT_VERSION\=5.0
    export SYMROOT\=/Users/bvidal/Library/Developer/Xcode/DerivedData/FitnessTracker-enuvlabzlxteetgdllvrjjaofbkw/Build/Products
    export SYSTEM_ADMIN_APPS_DIR\=/Applications/Utilities
    export SYSTEM_APPS_DIR\=/Applications
    export SYSTEM_CORE_SERVICES_DIR\=/System/Library/CoreServices
    export SYSTEM_DEMOS_DIR\=/Applications/Extras
    export SYSTEM_DEVELOPER_APPS_DIR\=/Applications/Xcode.app/Contents/Developer/Applications
    export SYSTEM_DEVELOPER_BIN_DIR\=/Applications/Xcode.app/Contents/Developer/usr/bin
    export SYSTEM_DEVELOPER_DEMOS_DIR\=/Applications/Xcode.app/Contents/Developer/Applications/Utilities/Built\ Examples
    export SYSTEM_DEVELOPER_DIR\=/Applications/Xcode.app/Contents/Developer
    export SYSTEM_DEVELOPER_DOC_DIR\=/Applications/Xcode.app/Contents/Developer/ADC\ Reference\ Library
    export SYSTEM_DEVELOPER_GRAPHICS_TOOLS_DIR\=/Applications/Xcode.app/Contents/Developer/Applications/Graphics\ Tools
    export SYSTEM_DEVELOPER_JAVA_TOOLS_DIR\=/Applications/Xcode.app/Contents/Developer/Applications/Java\ Tools
    export SYSTEM_DEVELOPER_PERFORMANCE_TOOLS_DIR\=/Applications/Xcode.app/Contents/Developer/Applications/Performance\ Tools
    export SYSTEM_DEVELOPER_RELEASENOTES_DIR\=/Applications/Xcode.app/Contents/Developer/ADC\ Reference\ Library/releasenotes
    export SYSTEM_DEVELOPER_TOOLS\=/Applications/Xcode.app/Contents/Developer/Tools
    export SYSTEM_DEVELOPER_TOOLS_DOC_DIR\=/Applications/Xcode.app/Contents/Developer/ADC\ Reference\ Library/documentation/DeveloperTools
    export SYSTEM_DEVELOPER_TOOLS_RELEASENOTES_DIR\=/Applications/Xcode.app/Contents/Developer/ADC\ Reference\ Library/releasenotes/DeveloperTools
    export SYSTEM_DEVELOPER_USR_DIR\=/Applications/Xcode.app/Contents/Developer/usr
    export SYSTEM_DEVELOPER_UTILITIES_DIR\=/Applications/Xcode.app/Contents/Developer/Applications/Utilities
    export SYSTEM_DEXT_INSTALL_PATH\=/System/Library/DriverExtensions
    export SYSTEM_DOCUMENTATION_DIR\=/Library/Documentation
    export SYSTEM_KEXT_INSTALL_PATH\=/System/Library/Extensions
    export SYSTEM_LIBRARY_DIR\=/System/Library
    export TAPI_DEMANGLE\=YES
    export TAPI_ENABLE_PROJECT_HEADERS\=NO
    export TAPI_LANGUAGE\=objective-c
    export TAPI_LANGUAGE_STANDARD\=compiler-default
    export TAPI_USE_SRCROOT\=YES
    export TAPI_VERIFY_MODE\=Pedantic
    export TARGETED_DEVICE_FAMILY\=1,2
    export TARGETNAME\=hermes-engine
    export TARGET_BUILD_DIR\=/Users/bvidal/Library/Developer/Xcode/DerivedData/FitnessTracker-enuvlabzlxteetgdllvrjjaofbkw/Build/Products/Debug-iphonesimulator/hermes-engine
    export TARGET_DEVICE_IDENTIFIER\=879440CE-67BD-4D02-BCCB-BD0C393DC52C
    export TARGET_DEVICE_MODEL\=iPhone18,3
    export TARGET_DEVICE_OS_VERSION\=26.1
    export TARGET_DEVICE_PLATFORM_NAME\=iphonesimulator
    export TARGET_NAME\=hermes-engine
    export TARGET_TEMP_DIR\=/Users/bvidal/Library/Developer/Xcode/DerivedData/FitnessTracker-enuvlabzlxteetgdllvrjjaofbkw/Build/Intermediates.noindex/Pods.build/Debug-iphonesimulator/hermes-engine.build
    export TEMP_DIR\=/Users/bvidal/Library/Developer/Xcode/DerivedData/FitnessTracker-enuvlabzlxteetgdllvrjjaofbkw/Build/Intermediates.noindex/Pods.build/Debug-iphonesimulator/hermes-engine.build
    export TEMP_FILES_DIR\=/Users/bvidal/Library/Developer/Xcode/DerivedData/FitnessTracker-enuvlabzlxteetgdllvrjjaofbkw/Build/Intermediates.noindex/Pods.build/Debug-iphonesimulator/hermes-engine.build
    export TEMP_FILE_DIR\=/Users/bvidal/Library/Developer/Xcode/DerivedData/FitnessTracker-enuvlabzlxteetgdllvrjjaofbkw/Build/Intermediates.noindex/Pods.build/Debug-iphonesimulator/hermes-engine.build
    export TEMP_ROOT\=/Users/bvidal/Library/Developer/Xcode/DerivedData/FitnessTracker-enuvlabzlxteetgdllvrjjaofbkw/Build/Intermediates.noindex
    export TEMP_SANDBOX_DIR\=/Users/bvidal/Library/Developer/Xcode/DerivedData/FitnessTracker-enuvlabzlxteetgdllvrjjaofbkw/Build/Intermediates.noindex/TemporaryTaskSandboxes
    export TEST_FRAMEWORK_SEARCH_PATHS\=\ /Applications/Xcode.app/Contents/Developer/Platforms/iPhoneSimulator.platform/Developer/Library/Frameworks\ /Applications/Xcode.app/Contents/Developer/Platforms/iPhoneSimulator.platform/Developer/SDKs/iPhoneSimulator26.1.sdk/Developer/Library/Frameworks
    export TEST_LIBRARY_SEARCH_PATHS\=\ /Applications/Xcode.app/Contents/Developer/Platforms/iPhoneSimulator.platform/Developer/usr/lib
    export TOOLCHAINS\=com.apple.dt.toolchain.XcodeDefault
    export TOOLCHAIN_DIR\=/Applications/Xcode.app/Contents/Developer/Toolchains/XcodeDefault.xctoolchain
    export TREAT_MISSING_BASELINES_AS_TEST_FAILURES\=NO
    export TREAT_MISSING_SCRIPT_PHASE_OUTPUTS_AS_ERRORS\=NO
    export UID\=502
    export UNINSTALLED_PRODUCTS_DIR\=/Users/bvidal/Library/Developer/Xcode/DerivedData/FitnessTracker-enuvlabzlxteetgdllvrjjaofbkw/Build/Intermediates.noindex/UninstalledProducts
    export UNSTRIPPED_PRODUCT\=NO
    export USER\=bvidal
    export USER_APPS_DIR\=/Users/bvidal/Applications
    export USER_LIBRARY_DIR\=/Users/bvidal/Library
    export USE_DYNAMIC_NO_PIC\=YES
    export USE_HEADERMAP\=YES
    export USE_HEADER_SYMLINKS\=NO
    export USE_HERMES\=true
    export USE_RECURSIVE_SCRIPT_INPUTS_IN_SCRIPT_PHASES\=YES
    export VALIDATE_DEVELOPMENT_ASSET_PATHS\=YES_ERROR
    export VALIDATE_PRODUCT\=NO
    export VALID_ARCHS\=arm64\ x86_64
    export VERBOSE_PBXCP\=NO
    export VERSION_INFO_BUILDER\=bvidal
    export VERSION_INFO_FILE\=hermes-engine_vers.c
    export VERSION_INFO_STRING\=\"@\(\#\)PROGRAM:hermes-engine\ \ PROJECT:Pods-\"
    export WORKSPACE_DIR\=/Users/bvidal/repos/fitness-tracker/ios
    export WRAP_ASSET_PACKS_IN_SEPARATE_DIRECTORIES\=NO
    export XCODE_APP_SUPPORT_DIR\=/Applications/Xcode.app/Contents/Developer/Library/Xcode
    export XCODE_PRODUCT_BUILD_VERSION\=17B100
    export XCODE_VERSION_ACTUAL\=2611
    export XCODE_VERSION_MAJOR\=2600
    export XCODE_VERSION_MINOR\=2610
    export XPCSERVICES_FOLDER_PATH\=/XPCServices
    export YACC\=yacc
    export _DISCOVER_COMMAND_LINE_LINKER_INPUTS\=YES
    export _DISCOVER_COMMAND_LINE_LINKER_INPUTS_INCLUDE_WL\=YES
    export _LD_MULTIARCH\=YES
    export __DIAGNOSE_DEPRECATED_ARCHS\=YES
    export arch\=undefined_arch
    export variant\=normal
    /bin/sh -c /Users/bvidal/Library/Developer/Xcode/DerivedData/FitnessTracker-enuvlabzlxteetgdllvrjjaofbkw/Build/Intermediates.noindex/Pods.build/Debug-iphonesimulator/hermes-engine.build/Script-46EB2E0001A7D0.sh
Node found at: /Users/bvidal/.nvm/versions/node/v22.17.0/bin/node
Found .last_build_configuration file
Same config of the previous build. No need to replace Hermes engine

CompileAssetCatalogVariant thinned /Users/bvidal/Library/Developer/Xcode/DerivedData/FitnessTracker-enuvlabzlxteetgdllvrjjaofbkw/Build/Products/Debug-iphonesimulator/FitnessTrackerWidgetExtension.appex /Users/bvidal/repos/fitness-tracker/ios/FitnessTrackerWidget/Assets.xcassets (in target 'FitnessTrackerWidgetExtension' from project 'FitnessTracker')
    cd /Users/bvidal/repos/fitness-tracker/ios
    /Applications/Xcode.app/Contents/Developer/usr/bin/actool /Users/bvidal/repos/fitness-tracker/ios/FitnessTrackerWidget/Assets.xcassets --compile /Users/bvidal/Library/Developer/Xcode/DerivedData/FitnessTracker-enuvlabzlxteetgdllvrjjaofbkw/Build/Intermediates.noindex/FitnessTracker.build/Debug-iphonesimulator/FitnessTrackerWidgetExtension.build/assetcatalog_output/thinned --output-format human-readable-text --notices --warnings --export-dependency-info /Users/bvidal/Library/Developer/Xcode/DerivedData/FitnessTracker-enuvlabzlxteetgdllvrjjaofbkw/Build/Intermediates.noindex/FitnessTracker.build/Debug-iphonesimulator/FitnessTrackerWidgetExtension.build/assetcatalog_dependencies_thinned --output-partial-info-plist /Users/bvidal/Library/Developer/Xcode/DerivedData/FitnessTracker-enuvlabzlxteetgdllvrjjaofbkw/Build/Intermediates.noindex/FitnessTracker.build/Debug-iphonesimulator/FitnessTrackerWidgetExtension.build/assetcatalog_generated_info.plist_thinned --accent-color AccentColor --widget-background-color WidgetBackground --compress-pngs --enable-on-demand-resources NO --standalone-icon-behavior all --filter-for-thinning-device-configuration iPhone18,3 --filter-for-device-os-version 26.1 --development-region en --target-device iphone --target-device ipad --minimum-deployment-target 17.0 --platform iphonesimulator

PhaseScriptExecution [CP-User]\ Generate\ Specs /Users/bvidal/Library/Developer/Xcode/DerivedData/FitnessTracker-enuvlabzlxteetgdllvrjjaofbkw/Build/Intermediates.noindex/Pods.build/Debug-iphonesimulator/React-rncore.build/Script-46EB2E0001A7B0.sh (in target 'React-rncore' from project 'Pods')
    cd /Users/bvidal/repos/fitness-tracker/ios/Pods
    export ACTION\=build
    export AD_HOC_CODE_SIGNING_ALLOWED\=YES
    export ALLOW_BUILD_REQUEST_OVERRIDES\=NO
    export ALLOW_TARGET_PLATFORM_SPECIALIZATION\=NO
    export ALTERNATE_GROUP\=staff
    export ALTERNATE_MODE\=u+w,go-w,a+rX
    export ALTERNATE_OWNER\=bvidal
    export ALTERNATIVE_DISTRIBUTION_WEB\=NO
    export ALWAYS_EMBED_SWIFT_STANDARD_LIBRARIES\=NO
    export ALWAYS_SEARCH_USER_PATHS\=NO
    export ALWAYS_USE_SEPARATE_HEADERMAPS\=NO
    export APPLICATION_EXTENSION_API_ONLY\=NO
    export APPLY_RULES_IN_COPY_FILES\=NO
    export APPLY_RULES_IN_COPY_HEADERS\=NO
    export APP_SHORTCUTS_ENABLE_FLEXIBLE_MATCHING\=YES
    export ARCHS\=arm64
    export ARCHS_STANDARD\=arm64\ x86_64
    export ARCHS_STANDARD_32_64_BIT\=arm64\ x86_64
    export ARCHS_STANDARD_64_BIT\=arm64\ x86_64
    export ARCHS_STANDARD_INCLUDING_64_BIT\=arm64\ x86_64
    export ARCHS_UNIVERSAL_IPHONE_OS\=arm64\ x86_64
    export ASSETCATALOG_COMPILER_APPICON_NAME\=AppIcon
    export ASSETCATALOG_COMPILER_GLOBAL_ACCENT_COLOR_NAME\=AccentColor
    export ASSETCATALOG_FILTER_FOR_DEVICE_MODEL\=iPhone18,3
    export ASSETCATALOG_FILTER_FOR_DEVICE_OS_VERSION\=26.1
    export ASSETCATALOG_FILTER_FOR_THINNING_DEVICE_CONFIGURATION\=iPhone18,3
    export AUTOMATICALLY_MERGE_DEPENDENCIES\=NO
    export AUTOMATION_APPLE_EVENTS\=NO
    export AVAILABLE_PLATFORMS\=android\ appletvos\ appletvsimulator\ driverkit\ iphoneos\ iphonesimulator\ macosx\ qnx\ watchos\ watchsimulator\ webassembly\ xros\ xrsimulator
    export BUILD_ACTIVE_RESOURCES_ONLY\=YES
    export BUILD_COMPONENTS\=headers\ build
    export BUILD_DIR\=/Users/bvidal/Library/Developer/Xcode/DerivedData/FitnessTracker-enuvlabzlxteetgdllvrjjaofbkw/Build/Products
    export BUILD_LIBRARY_FOR_DISTRIBUTION\=NO
    export BUILD_ROOT\=/Users/bvidal/Library/Developer/Xcode/DerivedData/FitnessTracker-enuvlabzlxteetgdllvrjjaofbkw/Build/Products
    export BUILD_STYLE\=
    export BUILD_VARIANTS\=normal
    export BUILT_PRODUCTS_DIR\=/Users/bvidal/Library/Developer/Xcode/DerivedData/FitnessTracker-enuvlabzlxteetgdllvrjjaofbkw/Build/Products/Debug-iphonesimulator/React-rncore
    export BUNDLE_CONTENTS_FOLDER_PATH_deep\=Contents/
    export BUNDLE_EXECUTABLE_FOLDER_NAME_deep\=MacOS
    export BUNDLE_EXTENSIONS_FOLDER_PATH\=Extensions
    export BUNDLE_FORMAT\=shallow
    export BUNDLE_FRAMEWORKS_FOLDER_PATH\=Frameworks
    export BUNDLE_PLUGINS_FOLDER_PATH\=PlugIns
    export BUNDLE_PRIVATE_HEADERS_FOLDER_PATH\=PrivateHeaders
    export BUNDLE_PUBLIC_HEADERS_FOLDER_PATH\=Headers
    export CACHE_ROOT\=/var/folders/80/s3cxvxkx5j5bg_7brzyj0y4c0000gp/C/com.apple.DeveloperTools/26.1.1-17B100/Xcode
    export CCHROOT\=/var/folders/80/s3cxvxkx5j5bg_7brzyj0y4c0000gp/C/com.apple.DeveloperTools/26.1.1-17B100/Xcode
    export CHMOD\=/bin/chmod
    export CHOWN\=/usr/sbin/chown
    export CLANG_ANALYZER_LOCALIZABILITY_NONLOCALIZED\=YES
    export CLANG_ANALYZER_NONNULL\=YES
    export CLANG_ANALYZER_NUMBER_OBJECT_CONVERSION\=YES_AGGRESSIVE
    export CLANG_CACHE_FINE_GRAINED_OUTPUTS\=YES
    export CLANG_CXX_LANGUAGE_STANDARD\=c++20
    export CLANG_CXX_LIBRARY\=libc++
    export CLANG_ENABLE_EXPLICIT_MODULES\=YES
    export CLANG_ENABLE_MODULES\=YES
    export CLANG_ENABLE_OBJC_ARC\=YES
    export CLANG_ENABLE_OBJC_WEAK\=NO
    export CLANG_MODULES_BUILD_SESSION_FILE\=/Users/bvidal/Library/Developer/Xcode/DerivedData/ModuleCache.noindex/Session.modulevalidation
    export CLANG_WARN_BLOCK_CAPTURE_AUTORELEASING\=YES
    export CLANG_WARN_BOOL_CONVERSION\=YES
    export CLANG_WARN_COMMA\=YES
    export CLANG_WARN_CONSTANT_CONVERSION\=YES
    export CLANG_WARN_DEPRECATED_OBJC_IMPLEMENTATIONS\=YES
    export CLANG_WARN_DIRECT_OBJC_ISA_USAGE\=YES_ERROR
    export CLANG_WARN_DOCUMENTATION_COMMENTS\=YES
    export CLANG_WARN_EMPTY_BODY\=YES
    export CLANG_WARN_ENUM_CONVERSION\=YES
    export CLANG_WARN_INFINITE_RECURSION\=YES
    export CLANG_WARN_INT_CONVERSION\=YES
    export CLANG_WARN_NON_LITERAL_NULL_CONVERSION\=YES
    export CLANG_WARN_OBJC_IMPLICIT_RETAIN_SELF\=YES
    export CLANG_WARN_OBJC_LITERAL_CONVERSION\=YES
    export CLANG_WARN_OBJC_ROOT_CLASS\=YES_ERROR
    export CLANG_WARN_QUOTED_INCLUDE_IN_FRAMEWORK_HEADER\=NO
    export CLANG_WARN_RANGE_LOOP_ANALYSIS\=YES
    export CLANG_WARN_STRICT_PROTOTYPES\=YES
    export CLANG_WARN_SUSPICIOUS_MOVE\=YES
    export CLANG_WARN_UNGUARDED_AVAILABILITY\=YES_AGGRESSIVE
    export CLANG_WARN_UNREACHABLE_CODE\=YES
    export CLANG_WARN__DUPLICATE_METHOD_MATCH\=YES
    export CLASS_FILE_DIR\=/Users/bvidal/Library/Developer/Xcode/DerivedData/FitnessTracker-enuvlabzlxteetgdllvrjjaofbkw/Build/Intermediates.noindex/Pods.build/Debug-iphonesimulator/React-rncore.build/JavaClasses
    export CLEAN_PRECOMPS\=YES
    export CLONE_HEADERS\=NO
    export CODESIGNING_FOLDER_PATH\=/Users/bvidal/Library/Developer/Xcode/DerivedData/FitnessTracker-enuvlabzlxteetgdllvrjjaofbkw/Build/Products/Debug-iphonesimulator/React-rncore/
    export CODE_SIGNING_ALLOWED\=NO
    export CODE_SIGNING_REQUIRED\=YES
    export CODE_SIGN_CONTEXT_CLASS\=XCiPhoneSimulatorCodeSignContext
    export CODE_SIGN_IDENTITY\=-
    export CODE_SIGN_INJECT_BASE_ENTITLEMENTS\=YES
    export COLOR_DIAGNOSTICS\=NO
    export COMBINE_HIDPI_IMAGES\=NO
    export COMPILATION_CACHE_CAS_PATH\=/Users/bvidal/Library/Developer/Xcode/DerivedData/CompilationCache.noindex
    export COMPILATION_CACHE_KEEP_CAS_DIRECTORY\=YES
    export COMPILER_INDEX_STORE_ENABLE\=Default
    export COMPOSITE_SDK_DIRS\=/Users/bvidal/Library/Developer/Xcode/DerivedData/FitnessTracker-enuvlabzlxteetgdllvrjjaofbkw/Build/Intermediates.noindex/CompositeSDKs
    export COMPRESS_PNG_FILES\=YES
    export CONFIGURATION\=Debug
    export CONFIGURATION_BUILD_DIR\=/Users/bvidal/Library/Developer/Xcode/DerivedData/FitnessTracker-enuvlabzlxteetgdllvrjjaofbkw/Build/Products/Debug-iphonesimulator/React-rncore
    export CONFIGURATION_TEMP_DIR\=/Users/bvidal/Library/Developer/Xcode/DerivedData/FitnessTracker-enuvlabzlxteetgdllvrjjaofbkw/Build/Intermediates.noindex/Pods.build/Debug-iphonesimulator
    export COPYING_PRESERVES_HFS_DATA\=NO
    export COPY_HEADERS_RUN_UNIFDEF\=NO
    export COPY_PHASE_STRIP\=NO
    export CORRESPONDING_DEVICE_PLATFORM_DIR\=/Applications/Xcode.app/Contents/Developer/Platforms/iPhoneOS.platform
    export CORRESPONDING_DEVICE_PLATFORM_NAME\=iphoneos
    export CORRESPONDING_DEVICE_SDK_DIR\=/Applications/Xcode.app/Contents/Developer/Platforms/iPhoneOS.platform/Developer/SDKs/iPhoneOS26.1.sdk
    export CORRESPONDING_DEVICE_SDK_NAME\=iphoneos26.1
    export CP\=/bin/cp
    export CREATE_INFOPLIST_SECTION_IN_BINARY\=NO
    export CURRENT_ARCH\=undefined_arch
    export CURRENT_VARIANT\=normal
    export DEAD_CODE_STRIPPING\=YES
    export DEBUGGING_SYMBOLS\=YES
    export DEBUG_INFORMATION_FORMAT\=dwarf
    export DEBUG_INFORMATION_VERSION\=compiler-default
    export DEFAULT_COMPILER\=com.apple.compilers.llvm.clang.1_0
    export DEFAULT_DEXT_INSTALL_PATH\=/System/Library/DriverExtensions
    export DEFAULT_KEXT_INSTALL_PATH\=/System/Library/Extensions
    export DEFINES_MODULE\=NO
    export DEPLOYMENT_LOCATION\=NO
    export DEPLOYMENT_POSTPROCESSING\=NO
    export DEPLOYMENT_TARGET_SETTING_NAME\=IPHONEOS_DEPLOYMENT_TARGET
    export DEPLOYMENT_TARGET_SUGGESTED_VALUES\=12.0\ 12.1\ 12.2\ 12.3\ 12.4\ 13.0\ 13.1\ 13.2\ 13.3\ 13.4\ 13.5\ 13.6\ 14.0\ 14.1\ 14.2\ 14.3\ 14.4\ 14.5\ 14.6\ 14.7\ 15.0\ 15.1\ 15.2\ 15.3\ 15.4\ 15.5\ 15.6\ 16.0\ 16.1\ 16.2\ 16.3\ 16.4\ 16.5\ 16.6\ 17.0\ 17.1\ 17.2\ 17.3\ 17.4\ 17.5\ 17.6\ 18.0\ 18.1\ 18.2\ 18.3\ 18.4\ 18.5\ 18.6\ 26.0\ 26.1
    export DERIVED_FILES_DIR\=/Users/bvidal/Library/Developer/Xcode/DerivedData/FitnessTracker-enuvlabzlxteetgdllvrjjaofbkw/Build/Intermediates.noindex/Pods.build/Debug-iphonesimulator/React-rncore.build/DerivedSources
    export DERIVED_FILE_DIR\=/Users/bvidal/Library/Developer/Xcode/DerivedData/FitnessTracker-enuvlabzlxteetgdllvrjjaofbkw/Build/Intermediates.noindex/Pods.build/Debug-iphonesimulator/React-rncore.build/DerivedSources
    export DERIVED_SOURCES_DIR\=/Users/bvidal/Library/Developer/Xcode/DerivedData/FitnessTracker-enuvlabzlxteetgdllvrjjaofbkw/Build/Intermediates.noindex/Pods.build/Debug-iphonesimulator/React-rncore.build/DerivedSources
    export DEVELOPER_APPLICATIONS_DIR\=/Applications/Xcode.app/Contents/Developer/Applications
    export DEVELOPER_BIN_DIR\=/Applications/Xcode.app/Contents/Developer/usr/bin
    export DEVELOPER_DIR\=/Applications/Xcode.app/Contents/Developer
    export DEVELOPER_FRAMEWORKS_DIR\=/Applications/Xcode.app/Contents/Developer/Library/Frameworks
    export DEVELOPER_FRAMEWORKS_DIR_QUOTED\=/Applications/Xcode.app/Contents/Developer/Library/Frameworks
    export DEVELOPER_LIBRARY_DIR\=/Applications/Xcode.app/Contents/Developer/Library
    export DEVELOPER_SDK_DIR\=/Applications/Xcode.app/Contents/Developer/Platforms/MacOSX.platform/Developer/SDKs
    export DEVELOPER_TOOLS_DIR\=/Applications/Xcode.app/Contents/Developer/Tools
    export DEVELOPER_USR_DIR\=/Applications/Xcode.app/Contents/Developer/usr
    export DEVELOPMENT_LANGUAGE\=en
    export DIAGNOSE_MISSING_TARGET_DEPENDENCIES\=YES
    export DIFF\=/usr/bin/diff
    export DONT_GENERATE_INFOPLIST_FILE\=NO
    export DSTROOT\=/tmp/Pods.dst
    export DT_TOOLCHAIN_DIR\=/Applications/Xcode.app/Contents/Developer/Toolchains/XcodeDefault.xctoolchain
    export DWARF_DSYM_FILE_NAME\=.dSYM
    export DWARF_DSYM_FILE_SHOULD_ACCOMPANY_PRODUCT\=NO
    export DWARF_DSYM_FOLDER_PATH\=/Users/bvidal/Library/Developer/Xcode/DerivedData/FitnessTracker-enuvlabzlxteetgdllvrjjaofbkw/Build/Products/Debug-iphonesimulator/React-rncore
    export DYNAMIC_LIBRARY_EXTENSION\=dylib
    export EAGER_COMPILATION_ALLOW_SCRIPTS\=NO
    export EAGER_LINKING\=NO
    export EFFECTIVE_PLATFORM_NAME\=-iphonesimulator
    export EMBEDDED_CONTENT_CONTAINS_SWIFT\=NO
    export EMBED_ASSET_PACKS_IN_PRODUCT_BUNDLE\=NO
    export ENABLE_APP_SANDBOX\=NO
    export ENABLE_CODE_COVERAGE\=YES
    export ENABLE_CPLUSPLUS_BOUNDS_SAFE_BUFFERS\=NO
    export ENABLE_C_BOUNDS_SAFETY\=NO
    export ENABLE_DEFAULT_HEADER_SEARCH_PATHS\=YES
    export ENABLE_DEFAULT_SEARCH_PATHS\=YES
    export ENABLE_ENHANCED_SECURITY\=NO
    export ENABLE_HARDENED_RUNTIME\=NO
    export ENABLE_HEADER_DEPENDENCIES\=YES
    export ENABLE_INCOMING_NETWORK_CONNECTIONS\=NO
    export ENABLE_ON_DEMAND_RESOURCES\=NO
    export ENABLE_OUTGOING_NETWORK_CONNECTIONS\=NO
    export ENABLE_POINTER_AUTHENTICATION\=NO
    export ENABLE_PREVIEWS\=NO
    export ENABLE_RESOURCE_ACCESS_AUDIO_INPUT\=NO
    export ENABLE_RESOURCE_ACCESS_BLUETOOTH\=NO
    export ENABLE_RESOURCE_ACCESS_CALENDARS\=NO
    export ENABLE_RESOURCE_ACCESS_CAMERA\=NO
    export ENABLE_RESOURCE_ACCESS_CONTACTS\=NO
    export ENABLE_RESOURCE_ACCESS_LOCATION\=NO
    export ENABLE_RESOURCE_ACCESS_PHOTO_LIBRARY\=NO
    export ENABLE_RESOURCE_ACCESS_PRINTING\=NO
    export ENABLE_RESOURCE_ACCESS_USB\=NO
    export ENABLE_SDK_IMPORTS\=NO
    export ENABLE_SECURITY_COMPILER_WARNINGS\=NO
    export ENABLE_STRICT_OBJC_MSGSEND\=YES
    export ENABLE_TESTABILITY\=YES
    export ENABLE_TESTING_SEARCH_PATHS\=NO
    export ENABLE_USER_SCRIPT_SANDBOXING\=NO
    export ENABLE_XOJIT_PREVIEWS\=YES
    export ENFORCE_VALID_ARCHS\=YES
    export ENTITLEMENTS_DESTINATION\=__entitlements
    export ENTITLEMENTS_REQUIRED\=YES
    export EXCLUDED_ARCHS\=i386
    export EXCLUDED_INSTALLSRC_SUBDIRECTORY_PATTERNS\=.DS_Store\ .svn\ .git\ .hg\ CVS
    export EXCLUDED_RECURSIVE_SEARCH_PATH_SUBDIRECTORIES\=\*.nib\ \*.lproj\ \*.framework\ \*.gch\ \*.xcode\*\ \*.xcassets\ \*.icon\ \(\*\)\ .DS_Store\ CVS\ .svn\ .git\ .hg\ \*.pbproj\ \*.pbxproj
    export FILE_LIST\=/Users/bvidal/Library/Developer/Xcode/DerivedData/FitnessTracker-enuvlabzlxteetgdllvrjjaofbkw/Build/Intermediates.noindex/Pods.build/Debug-iphonesimulator/React-rncore.build/Objects/LinkFileList
    export FIXED_FILES_DIR\=/Users/bvidal/Library/Developer/Xcode/DerivedData/FitnessTracker-enuvlabzlxteetgdllvrjjaofbkw/Build/Intermediates.noindex/Pods.build/Debug-iphonesimulator/React-rncore.build/FixedFiles
    export FRAMEWORK_VERSION\=A
    export FUSE_BUILD_PHASES\=YES
    export FUSE_BUILD_SCRIPT_PHASES\=NO
    export GCC3_VERSION\=3.3
    export GCC_C_LANGUAGE_STANDARD\=gnu11
    export GCC_DYNAMIC_NO_PIC\=NO
    export GCC_NO_COMMON_BLOCKS\=YES
    export GCC_OBJC_LEGACY_DISPATCH\=YES
    export GCC_OPTIMIZATION_LEVEL\=0
    export GCC_PFE_FILE_C_DIALECTS\=c\ objective-c\ c++\ objective-c++
    export GCC_PREPROCESSOR_DEFINITIONS\=POD_CONFIGURATION_DEBUG\=1\ DEBUG\=1\ \ COCOAPODS\=1
    export GCC_TREAT_WARNINGS_AS_ERRORS\=NO
    export GCC_VERSION\=com.apple.compilers.llvm.clang.1_0
    export GCC_VERSION_IDENTIFIER\=com_apple_compilers_llvm_clang_1_0
    export GCC_WARN_64_TO_32_BIT_CONVERSION\=YES
    export GCC_WARN_ABOUT_RETURN_TYPE\=YES_ERROR
    export GCC_WARN_UNDECLARED_SELECTOR\=YES
    export GCC_WARN_UNINITIALIZED_AUTOS\=YES_AGGRESSIVE
    export GCC_WARN_UNUSED_FUNCTION\=YES
    export GCC_WARN_UNUSED_VARIABLE\=YES
    export GENERATED_MODULEMAP_DIR\=/Users/bvidal/Library/Developer/Xcode/DerivedData/FitnessTracker-enuvlabzlxteetgdllvrjjaofbkw/Build/Intermediates.noindex/GeneratedModuleMaps-iphonesimulator
    export GENERATE_INFOPLIST_FILE\=NO
    export GENERATE_INTERMEDIATE_TEXT_BASED_STUBS\=YES
    export GENERATE_PKGINFO_FILE\=NO
    export GENERATE_PRELINK_OBJECT_FILE\=NO
    export GENERATE_PROFILING_CODE\=NO
    export GENERATE_TEXT_BASED_STUBS\=NO
    export GID\=20
    export GROUP\=staff
    export HEADERMAP_INCLUDES_FLAT_ENTRIES_FOR_TARGET_BEING_BUILT\=YES
    export HEADERMAP_INCLUDES_FRAMEWORK_ENTRIES_FOR_ALL_PRODUCT_TYPES\=YES
    export HEADERMAP_INCLUDES_FRAMEWORK_ENTRIES_FOR_TARGETS_NOT_BEING_BUILT\=YES
    export HEADERMAP_INCLUDES_NONPUBLIC_NONPRIVATE_HEADERS\=YES
    export HEADERMAP_INCLUDES_PROJECT_HEADERS\=YES
    export HEADERMAP_USES_FRAMEWORK_PREFIX_ENTRIES\=YES
    export HEADERMAP_USES_VFS\=NO
    export HEADER_SEARCH_PATHS\=\ \"/Users/bvidal/repos/fitness-tracker/ios/Pods/../../node_modules/react-native/ReactCommon\"\ \"/Users/bvidal/repos/fitness-tracker/ios/Pods/../../node_modules/react-native/ReactCommon/ReactCommon\"
    export HOME\=/Users/bvidal
    export HOST_ARCH\=arm64
    export HOST_PLATFORM\=macosx
    export ICONV\=/usr/bin/iconv
    export IMPLICIT_DEPENDENCY_DOMAIN\=default
    export INFOPLIST_ENABLE_CFBUNDLEICONS_MERGE\=YES
    export INFOPLIST_EXPAND_BUILD_SETTINGS\=YES
    export INFOPLIST_OUTPUT_FORMAT\=binary
    export INFOPLIST_PREPROCESS\=NO
    export INLINE_PRIVATE_FRAMEWORKS\=NO
    export INSTALLAPI_IGNORE_SKIP_INSTALL\=YES
    export INSTALLHDRS_COPY_PHASE\=NO
    export INSTALLHDRS_SCRIPT_PHASE\=NO
    export INSTALL_DIR\=/tmp/Pods.dst
    export INSTALL_GROUP\=staff
    export INSTALL_MODE_FLAG\=u+w,go-w,a+rX
    export INSTALL_OWNER\=bvidal
    export INSTALL_ROOT\=/tmp/Pods.dst
    export IPHONEOS_DEPLOYMENT_TARGET\=13.4
    export IS_UNOPTIMIZED_BUILD\=YES
    export JAVAC_DEFAULT_FLAGS\=-J-Xms64m\ -J-XX:NewSize\=4M\ -J-Dfile.encoding\=UTF8
    export JAVA_APP_STUB\=/System/Library/Frameworks/JavaVM.framework/Resources/MacOS/JavaApplicationStub
    export JAVA_ARCHIVE_CLASSES\=YES
    export JAVA_ARCHIVE_TYPE\=JAR
    export JAVA_COMPILER\=/usr/bin/javac
    export JAVA_FRAMEWORK_RESOURCES_DIRS\=Resources
    export JAVA_JAR_FLAGS\=cv
    export JAVA_SOURCE_SUBDIR\=.
    export JAVA_USE_DEPENDENCIES\=YES
    export JAVA_ZIP_FLAGS\=-urg
    export JIKES_DEFAULT_FLAGS\=+E\ +OLDCSO
    export KEEP_PRIVATE_EXTERNS\=NO
    export LD_DEPENDENCY_INFO_FILE\=/Users/bvidal/Library/Developer/Xcode/DerivedData/FitnessTracker-enuvlabzlxteetgdllvrjjaofbkw/Build/Intermediates.noindex/Pods.build/Debug-iphonesimulator/React-rncore.build/Objects-normal/undefined_arch/React-rncore_dependency_info.dat
    export LD_EXPORT_SYMBOLS\=YES
    export LD_GENERATE_MAP_FILE\=NO
    export LD_MAP_FILE_PATH\=/Users/bvidal/Library/Developer/Xcode/DerivedData/FitnessTracker-enuvlabzlxteetgdllvrjjaofbkw/Build/Intermediates.noindex/Pods.build/Debug-iphonesimulator/React-rncore.build/React-rncore-LinkMap-normal-undefined_arch.txt
    export LD_NO_PIE\=NO
    export LD_QUOTE_LINKER_ARGUMENTS_FOR_COMPILER_DRIVER\=YES
    export LD_RUNPATH_SEARCH_PATHS\=\ @executable_path/Frameworks
    export LD_SHARED_CACHE_ELIGIBLE\=Automatic
    export LD_WARN_DUPLICATE_LIBRARIES\=NO
    export LD_WARN_UNUSED_DYLIBS\=NO
    export LEGACY_DEVELOPER_DIR\=/Applications/Xcode.app/Contents/PlugIns/Xcode3Core.ideplugin/Contents/SharedSupport/Developer
    export LEX\=lex
    export LIBRARY_DEXT_INSTALL_PATH\=/Library/DriverExtensions
    export LIBRARY_FLAG_NOSPACE\=YES
    export LIBRARY_KEXT_INSTALL_PATH\=/Library/Extensions
    export LINKER_DISPLAYS_MANGLED_NAMES\=NO
    export LINK_FILE_LIST_normal_arm64\=/Users/bvidal/Library/Developer/Xcode/DerivedData/FitnessTracker-enuvlabzlxteetgdllvrjjaofbkw/Build/Intermediates.noindex/Pods.build/Debug-iphonesimulator/React-rncore.build/Objects-normal/arm64/React-rncore.LinkFileList
    export LINK_OBJC_RUNTIME\=YES
    export LINK_WITH_STANDARD_LIBRARIES\=YES
    export LLVM_TARGET_TRIPLE_OS_VERSION\=ios13.4
    export LLVM_TARGET_TRIPLE_SUFFIX\=-simulator
    export LLVM_TARGET_TRIPLE_VENDOR\=apple
    export LM_AUX_CONST_METADATA_LIST_PATH_normal_arm64\=/Users/bvidal/Library/Developer/Xcode/DerivedData/FitnessTracker-enuvlabzlxteetgdllvrjjaofbkw/Build/Intermediates.noindex/Pods.build/Debug-iphonesimulator/React-rncore.build/Objects-normal/arm64/React-rncore.SwiftConstValuesFileList
    export LOCALIZATION_EXPORT_SUPPORTED\=YES
    export LOCALIZATION_PREFERS_STRING_CATALOGS\=NO
    export LOCALIZED_STRING_MACRO_NAMES\=NSLocalizedString\ CFCopyLocalizedString
    export LOCALIZED_STRING_SWIFTUI_SUPPORT\=YES
    export LOCAL_ADMIN_APPS_DIR\=/Applications/Utilities
    export LOCAL_APPS_DIR\=/Applications
    export LOCAL_DEVELOPER_DIR\=/Library/Developer
    export LOCAL_LIBRARY_DIR\=/Library
    export LOCROOT\=/Users/bvidal/repos/fitness-tracker/ios/Pods
    export LOCSYMROOT\=/Users/bvidal/repos/fitness-tracker/ios/Pods
    export MAC_OS_X_PRODUCT_BUILD_VERSION\=25A362
    export MAC_OS_X_VERSION_ACTUAL\=260001
    export MAC_OS_X_VERSION_MAJOR\=260000
    export MAC_OS_X_VERSION_MINOR\=260000
    export MAKE_MERGEABLE\=NO
    export MERGEABLE_LIBRARY\=NO
    export MERGED_BINARY_TYPE\=none
    export MERGE_LINKED_LIBRARIES\=NO
    export METAL_LIBRARY_FILE_BASE\=default
    export METAL_LIBRARY_OUTPUT_DIR\=/Users/bvidal/Library/Developer/Xcode/DerivedData/FitnessTracker-enuvlabzlxteetgdllvrjjaofbkw/Build/Products/Debug-iphonesimulator/React-rncore/
    export MODULE_CACHE_DIR\=/Users/bvidal/Library/Developer/Xcode/DerivedData/ModuleCache.noindex
    export MTL_ENABLE_DEBUG_INFO\=INCLUDE_SOURCE
    export MTL_FAST_MATH\=YES
    export NATIVE_ARCH\=arm64
    export NATIVE_ARCH_32_BIT\=arm
    export NATIVE_ARCH_64_BIT\=arm64
    export NATIVE_ARCH_ACTUAL\=arm64
    export NO_COMMON\=YES
    export OBJC_ABI_VERSION\=2
    export OBJECT_FILE_DIR\=/Users/bvidal/Library/Developer/Xcode/DerivedData/FitnessTracker-enuvlabzlxteetgdllvrjjaofbkw/Build/Intermediates.noindex/Pods.build/Debug-iphonesimulator/React-rncore.build/Objects
    export OBJECT_FILE_DIR_normal\=/Users/bvidal/Library/Developer/Xcode/DerivedData/FitnessTracker-enuvlabzlxteetgdllvrjjaofbkw/Build/Intermediates.noindex/Pods.build/Debug-iphonesimulator/React-rncore.build/Objects-normal
    export OBJROOT\=/Users/bvidal/Library/Developer/Xcode/DerivedData/FitnessTracker-enuvlabzlxteetgdllvrjjaofbkw/Build/Intermediates.noindex
    export ONLY_ACTIVE_ARCH\=YES
    export OS\=MACOS
    export OSAC\=/usr/bin/osacompile
    export OTHER_LDFLAGS\=\ -Wl\ -ld_classic
    export PASCAL_STRINGS\=YES
    export PATH\=/Applications/Xcode.app/Contents/SharedFrameworks/SwiftBuild.framework/Versions/A/PlugIns/SWBBuildService.bundle/Contents/PlugIns/SWBUniversalPlatformPlugin.bundle/Contents/Frameworks/SWBUniversalPlatform.framework/Resources:/Applications/Xcode.app/Contents/Developer/Toolchains/XcodeDefault.xctoolchain/usr/bin:/Applications/Xcode.app/Contents/Developer/Toolchains/XcodeDefault.xctoolchain/usr/local/bin:/Applications/Xcode.app/Contents/Developer/Toolchains/XcodeDefault.xctoolchain/usr/libexec:/Applications/Xcode.app/Contents/Developer/Platforms/iPhoneSimulator.platform/usr/bin:/Applications/Xcode.app/Contents/Developer/Platforms/iPhoneSimulator.platform/usr/local/bin:/Applications/Xcode.app/Contents/Developer/Platforms/iPhoneSimulator.platform/Developer/usr/bin:/Applications/Xcode.app/Contents/Developer/Platforms/iPhoneSimulator.platform/Developer/usr/local/bin:/Applications/Xcode.app/Contents/Developer/usr/bin:/Applications/Xcode.app/Contents/Developer/usr/local/bin:/Users/bvidal/.gem/ruby/3.4.0/bin:/opt/homebrew/opt/ruby/bin:/Users/bvidal/.antigravity/antigravity/bin:/Users/bvidal/.rd/bin:/Users/bvidal/.nvm/versions/node/v22.17.0/bin:/opt/homebrew/bin:/opt/homebrew/sbin:/usr/local/bin:/System/Cryptexes/App/usr/bin:/usr/bin:/bin:/usr/sbin:/sbin:/var/run/com.apple.security.cryptexd/codex.system/bootstrap/usr/local/bin:/var/run/com.apple.security.cryptexd/codex.system/bootstrap/usr/bin:/var/run/com.apple.security.cryptexd/codex.system/bootstrap/usr/appleinternal/bin:/Library/Apple/usr/bin:/Users/bvidal/.volta/bin
    export PATH_PREFIXES_EXCLUDED_FROM_HEADER_DEPENDENCIES\=/usr/include\ /usr/local/include\ /System/Library/Frameworks\ /System/Library/PrivateFrameworks\ /Applications/Xcode.app/Contents/Developer/Headers\ /Applications/Xcode.app/Contents/Developer/SDKs\ /Applications/Xcode.app/Contents/Developer/Platforms
    export PER_ARCH_MODULE_FILE_DIR\=/Users/bvidal/Library/Developer/Xcode/DerivedData/FitnessTracker-enuvlabzlxteetgdllvrjjaofbkw/Build/Intermediates.noindex/Pods.build/Debug-iphonesimulator/React-rncore.build/Objects-normal/undefined_arch
    export PER_ARCH_OBJECT_FILE_DIR\=/Users/bvidal/Library/Developer/Xcode/DerivedData/FitnessTracker-enuvlabzlxteetgdllvrjjaofbkw/Build/Intermediates.noindex/Pods.build/Debug-iphonesimulator/React-rncore.build/Objects-normal/undefined_arch
    export PER_VARIANT_OBJECT_FILE_DIR\=/Users/bvidal/Library/Developer/Xcode/DerivedData/FitnessTracker-enuvlabzlxteetgdllvrjjaofbkw/Build/Intermediates.noindex/Pods.build/Debug-iphonesimulator/React-rncore.build/Objects-normal
    export PKGINFO_FILE_PATH\=/Users/bvidal/Library/Developer/Xcode/DerivedData/FitnessTracker-enuvlabzlxteetgdllvrjjaofbkw/Build/Intermediates.noindex/Pods.build/Debug-iphonesimulator/React-rncore.build/PkgInfo
    export PLATFORM_DEVELOPER_APPLICATIONS_DIR\=/Applications/Xcode.app/Contents/Developer/Platforms/iPhoneSimulator.platform/Developer/Applications
    export PLATFORM_DEVELOPER_BIN_DIR\=/Applications/Xcode.app/Contents/Developer/Platforms/iPhoneSimulator.platform/Developer/usr/bin
    export PLATFORM_DEVELOPER_LIBRARY_DIR\=/Applications/Xcode.app/Contents/Developer/Platforms/iPhoneSimulator.platform/Developer/Library
    export PLATFORM_DEVELOPER_SDK_DIR\=/Applications/Xcode.app/Contents/Developer/Platforms/iPhoneSimulator.platform/Developer/SDKs
    export PLATFORM_DEVELOPER_TOOLS_DIR\=/Applications/Xcode.app/Contents/Developer/Platforms/iPhoneSimulator.platform/Developer/Tools
    export PLATFORM_DEVELOPER_USR_DIR\=/Applications/Xcode.app/Contents/Developer/Platforms/iPhoneSimulator.platform/Developer/usr
    export PLATFORM_DIR\=/Applications/Xcode.app/Contents/Developer/Platforms/iPhoneSimulator.platform
    export PLATFORM_DISPLAY_NAME\=iOS\ Simulator
    export PLATFORM_FAMILY_NAME\=iOS
    export PLATFORM_NAME\=iphonesimulator
    export PLATFORM_PREFERRED_ARCH\=x86_64
    export PLATFORM_PRODUCT_BUILD_VERSION\=23B77
    export PLATFORM_REQUIRES_SWIFT_AUTOLINK_EXTRACT\=NO
    export PLATFORM_REQUIRES_SWIFT_MODULEWRAP\=NO
    export PLIST_FILE_OUTPUT_FORMAT\=binary
    export PODS_BUILD_DIR\=/Users/bvidal/Library/Developer/Xcode/DerivedData/FitnessTracker-enuvlabzlxteetgdllvrjjaofbkw/Build/Products
    export PODS_CONFIGURATION_BUILD_DIR\=/Users/bvidal/Library/Developer/Xcode/DerivedData/FitnessTracker-enuvlabzlxteetgdllvrjjaofbkw/Build/Products/Debug-iphonesimulator
    export PODS_DEVELOPMENT_LANGUAGE\=en
    export PODS_ROOT\=/Users/bvidal/repos/fitness-tracker/ios/Pods
    export PODS_TARGET_SRCROOT\=/Users/bvidal/repos/fitness-tracker/ios/Pods/../../node_modules/react-native/ReactCommon
    export PODS_XCFRAMEWORKS_BUILD_DIR\=/Users/bvidal/Library/Developer/Xcode/DerivedData/FitnessTracker-enuvlabzlxteetgdllvrjjaofbkw/Build/Products/Debug-iphonesimulator/XCFrameworkIntermediates
    export PRECOMPS_INCLUDE_HEADERS_FROM_BUILT_PRODUCTS_DIR\=YES
    export PRECOMP_DESTINATION_DIR\=/Users/bvidal/Library/Developer/Xcode/DerivedData/FitnessTracker-enuvlabzlxteetgdllvrjjaofbkw/Build/Intermediates.noindex/Pods.build/Debug-iphonesimulator/React-rncore.build/PrefixHeaders
    export PROCESSED_INFOPLIST_PATH\=/Users/bvidal/Library/Developer/Xcode/DerivedData/FitnessTracker-enuvlabzlxteetgdllvrjjaofbkw/Build/Intermediates.noindex/Pods.build/Debug-iphonesimulator/React-rncore.build/Objects-normal/undefined_arch/Processed-Info.plist
    export PRODUCT_BUNDLE_IDENTIFIER\=org.cocoapods.React-rncore
    export PRODUCT_MODULE_NAME\=React_rncore
    export PRODUCT_NAME\=React-rncore
    export PRODUCT_SETTINGS_PATH\=
    export PROFILING_CODE\=NO
    export PROJECT\=Pods
    export PROJECT_DERIVED_FILE_DIR\=/Users/bvidal/Library/Developer/Xcode/DerivedData/FitnessTracker-enuvlabzlxteetgdllvrjjaofbkw/Build/Intermediates.noindex/Pods.build/DerivedSources
    export PROJECT_DIR\=/Users/bvidal/repos/fitness-tracker/ios/Pods
    export PROJECT_FILE_PATH\=/Users/bvidal/repos/fitness-tracker/ios/Pods/Pods.xcodeproj
    export PROJECT_GUID\=8699adb1dd336b26511df848a716bd42
    export PROJECT_NAME\=Pods
    export PROJECT_TEMP_DIR\=/Users/bvidal/Library/Developer/Xcode/DerivedData/FitnessTracker-enuvlabzlxteetgdllvrjjaofbkw/Build/Intermediates.noindex/Pods.build
    export PROJECT_TEMP_ROOT\=/Users/bvidal/Library/Developer/Xcode/DerivedData/FitnessTracker-enuvlabzlxteetgdllvrjjaofbkw/Build/Intermediates.noindex
    export REACT_NATIVE_PATH\=/Users/bvidal/repos/fitness-tracker/ios/Pods/../../node_modules/react-native
    export RECOMMENDED_IPHONEOS_DEPLOYMENT_TARGET\=15.0
    export RECURSIVE_SEARCH_PATHS_FOLLOW_SYMLINKS\=YES
    export REMOVE_CVS_FROM_RESOURCES\=YES
    export REMOVE_GIT_FROM_RESOURCES\=YES
    export REMOVE_HEADERS_FROM_EMBEDDED_BUNDLES\=YES
    export REMOVE_HG_FROM_RESOURCES\=YES
    export REMOVE_STATIC_EXECUTABLES_FROM_EMBEDDED_BUNDLES\=YES
    export REMOVE_SVN_FROM_RESOURCES\=YES
    export RESCHEDULE_INDEPENDENT_HEADERS_PHASES\=YES
    export REZ_COLLECTOR_DIR\=/Users/bvidal/Library/Developer/Xcode/DerivedData/FitnessTracker-enuvlabzlxteetgdllvrjjaofbkw/Build/Intermediates.noindex/Pods.build/Debug-iphonesimulator/React-rncore.build/ResourceManagerResources
    export REZ_OBJECTS_DIR\=/Users/bvidal/Library/Developer/Xcode/DerivedData/FitnessTracker-enuvlabzlxteetgdllvrjjaofbkw/Build/Intermediates.noindex/Pods.build/Debug-iphonesimulator/React-rncore.build/ResourceManagerResources/Objects
    export RUNTIME_EXCEPTION_ALLOW_DYLD_ENVIRONMENT_VARIABLES\=NO
    export RUNTIME_EXCEPTION_ALLOW_JIT\=NO
    export RUNTIME_EXCEPTION_ALLOW_UNSIGNED_EXECUTABLE_MEMORY\=NO
    export RUNTIME_EXCEPTION_DEBUGGING_TOOL\=NO
    export RUNTIME_EXCEPTION_DISABLE_EXECUTABLE_PAGE_PROTECTION\=NO
    export RUNTIME_EXCEPTION_DISABLE_LIBRARY_VALIDATION\=NO
    export SCAN_ALL_SOURCE_FILES_FOR_INCLUDES\=NO
    export SCRIPT_INPUT_FILE_0\=/Users/bvidal/repos/fitness-tracker/node_modules/react-native/Libraries/Components/ActivityIndicator/ActivityIndicatorViewNativeComponent.js
    export SCRIPT_INPUT_FILE_1\=/Users/bvidal/repos/fitness-tracker/node_modules/react-native/Libraries/Components/DrawerAndroid/AndroidDrawerLayoutNativeComponent.js
    export SCRIPT_INPUT_FILE_10\=/Users/bvidal/repos/fitness-tracker/node_modules/react-native/Libraries/Components/Switch/AndroidSwitchNativeComponent.js
    export SCRIPT_INPUT_FILE_11\=/Users/bvidal/repos/fitness-tracker/node_modules/react-native/Libraries/Components/Switch/SwitchNativeComponent.js
    export SCRIPT_INPUT_FILE_12\=/Users/bvidal/repos/fitness-tracker/node_modules/react-native/Libraries/Components/TextInput/AndroidTextInputNativeComponent.js
    export SCRIPT_INPUT_FILE_13\=/Users/bvidal/repos/fitness-tracker/node_modules/react-native/Libraries/Components/TextInput/RCTInputAccessoryViewNativeComponent.js
    export SCRIPT_INPUT_FILE_14\=/Users/bvidal/repos/fitness-tracker/node_modules/react-native/Libraries/Components/TextInput/RCTMultilineTextInputNativeComponent.js
    export SCRIPT_INPUT_FILE_15\=/Users/bvidal/repos/fitness-tracker/node_modules/react-native/Libraries/Components/TextInput/RCTSingelineTextInputNativeComponent.js
    export SCRIPT_INPUT_FILE_16\=/Users/bvidal/repos/fitness-tracker/node_modules/react-native/Libraries/Components/TraceUpdateOverlay/TraceUpdateOverlayNativeComponent.js
    export SCRIPT_INPUT_FILE_17\=/Users/bvidal/repos/fitness-tracker/node_modules/react-native/Libraries/Components/UnimplementedViews/UnimplementedNativeViewNativeComponent.js
    export SCRIPT_INPUT_FILE_18\=/Users/bvidal/repos/fitness-tracker/node_modules/react-native/Libraries/Components/View/ViewNativeComponent.js
    export SCRIPT_INPUT_FILE_19\=/Users/bvidal/repos/fitness-tracker/node_modules/react-native/Libraries/Image/ImageViewNativeComponent.js
    export SCRIPT_INPUT_FILE_2\=/Users/bvidal/repos/fitness-tracker/node_modules/react-native/Libraries/Components/ProgressBarAndroid/ProgressBarAndroidNativeComponent.js
    export SCRIPT_INPUT_FILE_20\=/Users/bvidal/repos/fitness-tracker/node_modules/react-native/Libraries/Image/TextInlineImageNativeComponent.js
    export SCRIPT_INPUT_FILE_21\=/Users/bvidal/repos/fitness-tracker/node_modules/react-native/Libraries/Modal/RCTModalHostViewNativeComponent.js
    export SCRIPT_INPUT_FILE_22\=/Users/bvidal/repos/fitness-tracker/node_modules/react-native/Libraries/ReactNative/requireNativeComponent.js
    export SCRIPT_INPUT_FILE_23\=/Users/bvidal/repos/fitness-tracker/node_modules/react-native/Libraries/Text/TextNativeComponent.js
    export SCRIPT_INPUT_FILE_24\=/Users/bvidal/repos/fitness-tracker/node_modules/react-native/Libraries/Utilities/codegenNativeComponent.js
    export SCRIPT_INPUT_FILE_25\=/Users/bvidal/repos/fitness-tracker/ios/.xcode.env.local
    export SCRIPT_INPUT_FILE_26\=/Users/bvidal/repos/fitness-tracker/ios/.xcode.env
    export SCRIPT_INPUT_FILE_3\=/Users/bvidal/repos/fitness-tracker/node_modules/react-native/Libraries/Components/RefreshControl/AndroidSwipeRefreshLayoutNativeComponent.js
    export SCRIPT_INPUT_FILE_4\=/Users/bvidal/repos/fitness-tracker/node_modules/react-native/Libraries/Components/RefreshControl/PullToRefreshViewNativeComponent.js
    export SCRIPT_INPUT_FILE_5\=/Users/bvidal/repos/fitness-tracker/node_modules/react-native/Libraries/Components/SafeAreaView/RCTSafeAreaViewNativeComponent.js
    export SCRIPT_INPUT_FILE_6\=/Users/bvidal/repos/fitness-tracker/node_modules/react-native/Libraries/Components/ScrollView/AndroidHorizontalScrollContentViewNativeComponent.js
    export SCRIPT_INPUT_FILE_7\=/Users/bvidal/repos/fitness-tracker/node_modules/react-native/Libraries/Components/ScrollView/AndroidHorizontalScrollViewNativeComponent.js
    export SCRIPT_INPUT_FILE_8\=/Users/bvidal/repos/fitness-tracker/node_modules/react-native/Libraries/Components/ScrollView/ScrollContentViewNativeComponent.js
    export SCRIPT_INPUT_FILE_9\=/Users/bvidal/repos/fitness-tracker/node_modules/react-native/Libraries/Components/ScrollView/ScrollViewNativeComponent.js
    export SCRIPT_INPUT_FILE_COUNT\=27
    export SCRIPT_INPUT_FILE_LIST_COUNT\=0
    export SCRIPT_OUTPUT_FILE_0\=/Users/bvidal/Library/Developer/Xcode/DerivedData/FitnessTracker-enuvlabzlxteetgdllvrjjaofbkw/Build/Intermediates.noindex/Pods.build/Debug-iphonesimulator/React-rncore.build/DerivedSources/codegen-rncore.log
    export SCRIPT_OUTPUT_FILE_1\=/Users/node_modules/react-native/ReactCommon/react/renderer/components/rncore/ComponentDescriptors.h
    export SCRIPT_OUTPUT_FILE_10\=/Users/node_modules/react-native/ReactCommon/react/renderer/components/rncore/ShadowNodes.h
    export SCRIPT_OUTPUT_FILE_2\=/Users/node_modules/react-native/ReactCommon/react/renderer/components/rncore/EventEmitters.cpp
    export SCRIPT_OUTPUT_FILE_3\=/Users/node_modules/react-native/ReactCommon/react/renderer/components/rncore/EventEmitters.h
    export SCRIPT_OUTPUT_FILE_4\=/Users/node_modules/react-native/ReactCommon/react/renderer/components/rncore/Props.cpp
    export SCRIPT_OUTPUT_FILE_5\=/Users/node_modules/react-native/ReactCommon/react/renderer/components/rncore/Props.h
    export SCRIPT_OUTPUT_FILE_6\=/Users/node_modules/react-native/ReactCommon/react/renderer/components/rncore/States.cpp
    export SCRIPT_OUTPUT_FILE_7\=/Users/node_modules/react-native/ReactCommon/react/renderer/components/rncore/States.h
    export SCRIPT_OUTPUT_FILE_8\=/Users/node_modules/react-native/ReactCommon/react/renderer/components/rncore/RCTComponentViewHelpers.h
    export SCRIPT_OUTPUT_FILE_9\=/Users/node_modules/react-native/ReactCommon/react/renderer/components/rncore/ShadowNodes.cpp
    export SCRIPT_OUTPUT_FILE_COUNT\=11
    export SCRIPT_OUTPUT_FILE_LIST_COUNT\=0
    export SDKROOT\=/Applications/Xcode.app/Contents/Developer/Platforms/iPhoneSimulator.platform/Developer/SDKs/iPhoneSimulator26.1.sdk
    export SDK_DIR\=/Applications/Xcode.app/Contents/Developer/Platforms/iPhoneSimulator.platform/Developer/SDKs/iPhoneSimulator26.1.sdk
    export SDK_DIR_iphonesimulator\=/Applications/Xcode.app/Contents/Developer/Platforms/iPhoneSimulator.platform/Developer/SDKs/iPhoneSimulator26.1.sdk
    export SDK_DIR_iphonesimulator26_1\=/Applications/Xcode.app/Contents/Developer/Platforms/iPhoneSimulator.platform/Developer/SDKs/iPhoneSimulator26.1.sdk
    export SDK_NAME\=iphonesimulator26.1
    export SDK_NAMES\=iphonesimulator26.1
    export SDK_PRODUCT_BUILD_VERSION\=23B77
    export SDK_STAT_CACHE_DIR\=/Users/bvidal/Library/Developer/Xcode/DerivedData
    export SDK_STAT_CACHE_ENABLE\=YES
    export SDK_STAT_CACHE_PATH\=/Users/bvidal/Library/Developer/Xcode/DerivedData/SDKStatCaches.noindex/iphonesimulator26.1-23B77-90cf18a4295e390e64c810bc6bd7acbc.sdkstatcache
    export SDK_VERSION\=26.1
    export SDK_VERSION_ACTUAL\=260100
    export SDK_VERSION_MAJOR\=260000
    export SDK_VERSION_MINOR\=260100
    export SED\=/usr/bin/sed
    export SEPARATE_STRIP\=NO
    export SEPARATE_SYMBOL_EDIT\=NO
    export SET_DIR_MODE_OWNER_GROUP\=YES
    export SET_FILE_MODE_OWNER_GROUP\=NO
    export SHALLOW_BUNDLE\=NO
    export SHARED_DERIVED_FILE_DIR\=/Users/bvidal/Library/Developer/Xcode/DerivedData/FitnessTracker-enuvlabzlxteetgdllvrjjaofbkw/Build/Products/Debug-iphonesimulator/React-rncore/DerivedSources
    export SHARED_PRECOMPS_DIR\=/Users/bvidal/Library/Developer/Xcode/DerivedData/FitnessTracker-enuvlabzlxteetgdllvrjjaofbkw/Build/Intermediates.noindex/PrecompiledHeaders
    export SKIP_INSTALL\=YES
    export SOURCE_ROOT\=/Users/bvidal/repos/fitness-tracker/ios/Pods
    export SRCROOT\=/Users/bvidal/repos/fitness-tracker/ios/Pods
    export STRINGSDATA_DIR\=/Users/bvidal/Library/Developer/Xcode/DerivedData/FitnessTracker-enuvlabzlxteetgdllvrjjaofbkw/Build/Intermediates.noindex/Pods.build/Debug-iphonesimulator/React-rncore.build/Objects-normal/undefined_arch
    export STRINGSDATA_ROOT\=/Users/bvidal/Library/Developer/Xcode/DerivedData/FitnessTracker-enuvlabzlxteetgdllvrjjaofbkw/Build/Intermediates.noindex/Pods.build/Debug-iphonesimulator/React-rncore.build
    export STRINGS_FILE_INFOPLIST_RENAME\=YES
    export STRINGS_FILE_OUTPUT_ENCODING\=binary
    export STRING_CATALOG_GENERATE_SYMBOLS\=NO
    export STRIP_BITCODE_FROM_COPIED_FILES\=NO
    export STRIP_INSTALLED_PRODUCT\=NO
    export STRIP_STYLE\=all
    export STRIP_SWIFT_SYMBOLS\=YES
    export SUPPORTED_DEVICE_FAMILIES\=1,2
    export SUPPORTED_PLATFORMS\=iphoneos\ iphonesimulator
    export SUPPORTS_TEXT_BASED_API\=NO
    export SUPPRESS_WARNINGS\=NO
    export SWIFT_ACTIVE_COMPILATION_CONDITIONS\=DEBUG
    export SWIFT_EMIT_CONST_VALUE_PROTOCOLS\=AppIntent\ EntityQuery\ AppEntity\ TransientEntity\ AppEnum\ AppShortcutProviding\ AppShortcutsProvider\ AnyResolverProviding\ AppIntentsPackage\ DynamicOptionsProvider\ _IntentValueRepresentable\ _AssistantIntentsProvider\ _GenerativeFunctionExtractable\ IntentValueQuery\ Resolver\ AppExtension\ ExtensionPointDefining
    export SWIFT_EMIT_LOC_STRINGS\=NO
    export SWIFT_ENABLE_EXPLICIT_MODULES\=YES
    export SWIFT_OPTIMIZATION_LEVEL\=-Onone
    export SWIFT_PLATFORM_TARGET_PREFIX\=ios
    export SWIFT_RESPONSE_FILE_PATH_normal_arm64\=/Users/bvidal/Library/Developer/Xcode/DerivedData/FitnessTracker-enuvlabzlxteetgdllvrjjaofbkw/Build/Intermediates.noindex/Pods.build/Debug-iphonesimulator/React-rncore.build/Objects-normal/arm64/React-rncore.SwiftFileList
    export SWIFT_VERSION\=5.0
    export SYMROOT\=/Users/bvidal/Library/Developer/Xcode/DerivedData/FitnessTracker-enuvlabzlxteetgdllvrjjaofbkw/Build/Products
    export SYSTEM_ADMIN_APPS_DIR\=/Applications/Utilities
    export SYSTEM_APPS_DIR\=/Applications
    export SYSTEM_CORE_SERVICES_DIR\=/System/Library/CoreServices
    export SYSTEM_DEMOS_DIR\=/Applications/Extras
    export SYSTEM_DEVELOPER_APPS_DIR\=/Applications/Xcode.app/Contents/Developer/Applications
    export SYSTEM_DEVELOPER_BIN_DIR\=/Applications/Xcode.app/Contents/Developer/usr/bin
    export SYSTEM_DEVELOPER_DEMOS_DIR\=/Applications/Xcode.app/Contents/Developer/Applications/Utilities/Built\ Examples
    export SYSTEM_DEVELOPER_DIR\=/Applications/Xcode.app/Contents/Developer
    export SYSTEM_DEVELOPER_DOC_DIR\=/Applications/Xcode.app/Contents/Developer/ADC\ Reference\ Library
    export SYSTEM_DEVELOPER_GRAPHICS_TOOLS_DIR\=/Applications/Xcode.app/Contents/Developer/Applications/Graphics\ Tools
    export SYSTEM_DEVELOPER_JAVA_TOOLS_DIR\=/Applications/Xcode.app/Contents/Developer/Applications/Java\ Tools
    export SYSTEM_DEVELOPER_PERFORMANCE_TOOLS_DIR\=/Applications/Xcode.app/Contents/Developer/Applications/Performance\ Tools
    export SYSTEM_DEVELOPER_RELEASENOTES_DIR\=/Applications/Xcode.app/Contents/Developer/ADC\ Reference\ Library/releasenotes
    export SYSTEM_DEVELOPER_TOOLS\=/Applications/Xcode.app/Contents/Developer/Tools
    export SYSTEM_DEVELOPER_TOOLS_DOC_DIR\=/Applications/Xcode.app/Contents/Developer/ADC\ Reference\ Library/documentation/DeveloperTools
    export SYSTEM_DEVELOPER_TOOLS_RELEASENOTES_DIR\=/Applications/Xcode.app/Contents/Developer/ADC\ Reference\ Library/releasenotes/DeveloperTools
    export SYSTEM_DEVELOPER_USR_DIR\=/Applications/Xcode.app/Contents/Developer/usr
    export SYSTEM_DEVELOPER_UTILITIES_DIR\=/Applications/Xcode.app/Contents/Developer/Applications/Utilities
    export SYSTEM_DEXT_INSTALL_PATH\=/System/Library/DriverExtensions
    export SYSTEM_DOCUMENTATION_DIR\=/Library/Documentation
    export SYSTEM_KEXT_INSTALL_PATH\=/System/Library/Extensions
    export SYSTEM_LIBRARY_DIR\=/System/Library
    export TAPI_DEMANGLE\=YES
    export TAPI_ENABLE_PROJECT_HEADERS\=NO
    export TAPI_LANGUAGE\=objective-c
    export TAPI_LANGUAGE_STANDARD\=compiler-default
    export TAPI_USE_SRCROOT\=YES
    export TAPI_VERIFY_MODE\=Pedantic
    export TARGETED_DEVICE_FAMILY\=1,2
    export TARGETNAME\=React-rncore
    export TARGET_BUILD_DIR\=/Users/bvidal/Library/Developer/Xcode/DerivedData/FitnessTracker-enuvlabzlxteetgdllvrjjaofbkw/Build/Products/Debug-iphonesimulator/React-rncore
    export TARGET_DEVICE_IDENTIFIER\=879440CE-67BD-4D02-BCCB-BD0C393DC52C
    export TARGET_DEVICE_MODEL\=iPhone18,3
    export TARGET_DEVICE_OS_VERSION\=26.1
    export TARGET_DEVICE_PLATFORM_NAME\=iphonesimulator
    export TARGET_NAME\=React-rncore
    export TARGET_TEMP_DIR\=/Users/bvidal/Library/Developer/Xcode/DerivedData/FitnessTracker-enuvlabzlxteetgdllvrjjaofbkw/Build/Intermediates.noindex/Pods.build/Debug-iphonesimulator/React-rncore.build
    export TEMP_DIR\=/Users/bvidal/Library/Developer/Xcode/DerivedData/FitnessTracker-enuvlabzlxteetgdllvrjjaofbkw/Build/Intermediates.noindex/Pods.build/Debug-iphonesimulator/React-rncore.build
    export TEMP_FILES_DIR\=/Users/bvidal/Library/Developer/Xcode/DerivedData/FitnessTracker-enuvlabzlxteetgdllvrjjaofbkw/Build/Intermediates.noindex/Pods.build/Debug-iphonesimulator/React-rncore.build
    export TEMP_FILE_DIR\=/Users/bvidal/Library/Developer/Xcode/DerivedData/FitnessTracker-enuvlabzlxteetgdllvrjjaofbkw/Build/Intermediates.noindex/Pods.build/Debug-iphonesimulator/React-rncore.build
    export TEMP_ROOT\=/Users/bvidal/Library/Developer/Xcode/DerivedData/FitnessTracker-enuvlabzlxteetgdllvrjjaofbkw/Build/Intermediates.noindex
    export TEMP_SANDBOX_DIR\=/Users/bvidal/Library/Developer/Xcode/DerivedData/FitnessTracker-enuvlabzlxteetgdllvrjjaofbkw/Build/Intermediates.noindex/TemporaryTaskSandboxes
    export TEST_FRAMEWORK_SEARCH_PATHS\=\ /Applications/Xcode.app/Contents/Developer/Platforms/iPhoneSimulator.platform/Developer/Library/Frameworks\ /Applications/Xcode.app/Contents/Developer/Platforms/iPhoneSimulator.platform/Developer/SDKs/iPhoneSimulator26.1.sdk/Developer/Library/Frameworks
    export TEST_LIBRARY_SEARCH_PATHS\=\ /Applications/Xcode.app/Contents/Developer/Platforms/iPhoneSimulator.platform/Developer/usr/lib
    export TOOLCHAINS\=com.apple.dt.toolchain.XcodeDefault
    export TOOLCHAIN_DIR\=/Applications/Xcode.app/Contents/Developer/Toolchains/XcodeDefault.xctoolchain
    export TREAT_MISSING_BASELINES_AS_TEST_FAILURES\=NO
    export TREAT_MISSING_SCRIPT_PHASE_OUTPUTS_AS_ERRORS\=NO
    export UID\=502
    export UNINSTALLED_PRODUCTS_DIR\=/Users/bvidal/Library/Developer/Xcode/DerivedData/FitnessTracker-enuvlabzlxteetgdllvrjjaofbkw/Build/Intermediates.noindex/UninstalledProducts
    export UNSTRIPPED_PRODUCT\=NO
    export USER\=bvidal
    export USER_APPS_DIR\=/Users/bvidal/Applications
    export USER_LIBRARY_DIR\=/Users/bvidal/Library
    export USE_DYNAMIC_NO_PIC\=YES
    export USE_HEADERMAP\=YES
    export USE_HEADER_SYMLINKS\=NO
    export USE_HERMES\=true
    export USE_RECURSIVE_SCRIPT_INPUTS_IN_SCRIPT_PHASES\=YES
    export VALIDATE_DEVELOPMENT_ASSET_PATHS\=YES_ERROR
    export VALIDATE_PRODUCT\=NO
    export VALID_ARCHS\=arm64\ x86_64
    export VERBOSE_PBXCP\=NO
    export VERSION_INFO_BUILDER\=bvidal
    export VERSION_INFO_FILE\=React-rncore_vers.c
    export VERSION_INFO_STRING\=\"@\(\#\)PROGRAM:React-rncore\ \ PROJECT:Pods-\"
    export WORKSPACE_DIR\=/Users/bvidal/repos/fitness-tracker/ios
    export WRAP_ASSET_PACKS_IN_SEPARATE_DIRECTORIES\=NO
    export XCODE_APP_SUPPORT_DIR\=/Applications/Xcode.app/Contents/Developer/Library/Xcode
    export XCODE_PRODUCT_BUILD_VERSION\=17B100
    export XCODE_VERSION_ACTUAL\=2611
    export XCODE_VERSION_MAJOR\=2600
    export XCODE_VERSION_MINOR\=2610
    export XPCSERVICES_FOLDER_PATH\=/XPCServices
    export YACC\=yacc
    export _DISCOVER_COMMAND_LINE_LINKER_INPUTS\=YES
    export _DISCOVER_COMMAND_LINE_LINKER_INPUTS_INCLUDE_WL\=YES
    export _LD_MULTIARCH\=YES
    export __DIAGNOSE_DEPRECATED_ARCHS\=YES
    export arch\=undefined_arch
    export variant\=normal
    /bin/sh -c /Users/bvidal/Library/Developer/Xcode/DerivedData/FitnessTracker-enuvlabzlxteetgdllvrjjaofbkw/Build/Intermediates.noindex/Pods.build/Debug-iphonesimulator/React-rncore.build/Script-46EB2E0001A7B0.sh
Node found at: /Users/bvidal/.nvm/versions/node/v22.17.0/bin/node

ProcessInfoPlistFile /Users/bvidal/Library/Developer/Xcode/DerivedData/FitnessTracker-enuvlabzlxteetgdllvrjjaofbkw/Build/Products/Debug-iphonesimulator/React-Core/RCTI18nStrings.bundle/Info.plist /Users/bvidal/repos/fitness-tracker/ios/Pods/Target\ Support\ Files/React-Core/ResourceBundle-RCTI18nStrings-React-Core-Info.plist (in target 'React-Core-RCTI18nStrings' from project 'Pods')
    cd /Users/bvidal/repos/fitness-tracker/ios/Pods
    builtin-infoPlistUtility /Users/bvidal/repos/fitness-tracker/ios/Pods/Target\ Support\ Files/React-Core/ResourceBundle-RCTI18nStrings-React-Core-Info.plist -producttype com.apple.product-type.bundle -expandbuildsettings -format binary -platform iphonesimulator -o /Users/bvidal/Library/Developer/Xcode/DerivedData/FitnessTracker-enuvlabzlxteetgdllvrjjaofbkw/Build/Products/Debug-iphonesimulator/React-Core/RCTI18nStrings.bundle/Info.plist

SwiftDriver FitnessTrackerWidgetExtension normal arm64 com.apple.xcode.tools.swift.compiler (in target 'FitnessTrackerWidgetExtension' from project 'FitnessTracker')
    cd /Users/bvidal/repos/fitness-tracker/ios
    builtin-SwiftDriver -- /Applications/Xcode.app/Contents/Developer/Toolchains/XcodeDefault.xctoolchain/usr/bin/swiftc -module-name FitnessTrackerWidgetExtension -Onone -enforce-exclusivity\=checked @/Users/bvidal/Library/Developer/Xcode/DerivedData/FitnessTracker-enuvlabzlxteetgdllvrjjaofbkw/Build/Intermediates.noindex/FitnessTracker.build/Debug-iphonesimulator/FitnessTrackerWidgetExtension.build/Objects-normal/arm64/FitnessTrackerWidgetExtension.SwiftFileList -DDEBUG -enable-bare-slash-regex -enable-upcoming-feature DisableOutwardActorInference -enable-upcoming-feature InferSendableFromCaptures -enable-upcoming-feature GlobalActorIsolatedTypesUsability -enable-upcoming-feature MemberImportVisibility -enable-upcoming-feature InferIsolatedConformances -enable-upcoming-feature NonisolatedNonsendingByDefault -enable-experimental-feature DebugDescriptionMacro -sdk /Applications/Xcode.app/Contents/Developer/Platforms/iPhoneSimulator.platform/Developer/SDKs/iPhoneSimulator26.1.sdk -target arm64-apple-ios17.0-simulator -g -module-cache-path /Users/bvidal/Library/Developer/Xcode/DerivedData/ModuleCache.noindex -Xfrontend -serialize-debugging-options -application-extension -enable-testing -index-store-path /Users/bvidal/Library/Developer/Xcode/DerivedData/FitnessTracker-enuvlabzlxteetgdllvrjjaofbkw/Index.noindex/DataStore -Xcc -D_LIBCPP_HARDENING_MODE\=_LIBCPP_HARDENING_MODE_DEBUG -swift-version 5 -I /Users/bvidal/Library/Developer/Xcode/DerivedData/FitnessTracker-enuvlabzlxteetgdllvrjjaofbkw/Build/Products/Debug-iphonesimulator -F /Users/bvidal/Library/Developer/Xcode/DerivedData/FitnessTracker-enuvlabzlxteetgdllvrjjaofbkw/Build/Products/Debug-iphonesimulator -emit-localized-strings -emit-localized-strings-path /Users/bvidal/Library/Developer/Xcode/DerivedData/FitnessTracker-enuvlabzlxteetgdllvrjjaofbkw/Build/Intermediates.noindex/FitnessTracker.build/Debug-iphonesimulator/FitnessTrackerWidgetExtension.build/Objects-normal/arm64 -c -j10 -enable-batch-mode -incremental -Xcc -ivfsstatcache -Xcc /Users/bvidal/Library/Developer/Xcode/DerivedData/SDKStatCaches.noindex/iphonesimulator26.1-23B77-90cf18a4295e390e64c810bc6bd7acbc.sdkstatcache -output-file-map /Users/bvidal/Library/Developer/Xcode/DerivedData/FitnessTracker-enuvlabzlxteetgdllvrjjaofbkw/Build/Intermediates.noindex/FitnessTracker.build/Debug-iphonesimulator/FitnessTrackerWidgetExtension.build/Objects-normal/arm64/FitnessTrackerWidgetExtension-OutputFileMap.json -use-frontend-parseable-output -save-temps -no-color-diagnostics -explicit-module-build -module-cache-path /Users/bvidal/Library/Developer/Xcode/DerivedData/FitnessTracker-enuvlabzlxteetgdllvrjjaofbkw/Build/Intermediates.noindex/SwiftExplicitPrecompiledModules -clang-scanner-module-cache-path /Users/bvidal/Library/Developer/Xcode/DerivedData/ModuleCache.noindex -sdk-module-cache-path /Users/bvidal/Library/Developer/Xcode/DerivedData/ModuleCache.noindex -serialize-diagnostics -emit-dependencies -emit-module -emit-module-path /Users/bvidal/Library/Developer/Xcode/DerivedData/FitnessTracker-enuvlabzlxteetgdllvrjjaofbkw/Build/Intermediates.noindex/FitnessTracker.build/Debug-iphonesimulator/FitnessTrackerWidgetExtension.build/Objects-normal/arm64/FitnessTrackerWidgetExtension.swiftmodule -validate-clang-modules-once -clang-build-session-file /Users/bvidal/Library/Developer/Xcode/DerivedData/ModuleCache.noindex/Session.modulevalidation -Xcc -I/Users/bvidal/Library/Developer/Xcode/DerivedData/FitnessTracker-enuvlabzlxteetgdllvrjjaofbkw/Build/Intermediates.noindex/FitnessTracker.build/Debug-iphonesimulator/FitnessTrackerWidgetExtension.build/swift-overrides.hmap -emit-const-values -Xfrontend -const-gather-protocols-file -Xfrontend /Users/bvidal/Library/Developer/Xcode/DerivedData/FitnessTracker-enuvlabzlxteetgdllvrjjaofbkw/Build/Intermediates.noindex/FitnessTracker.build/Debug-iphonesimulator/FitnessTrackerWidgetExtension.build/Objects-normal/arm64/FitnessTrackerWidgetExtension_const_extract_protocols.json -Xcc -iquote -Xcc /Users/bvidal/Library/Developer/Xcode/DerivedData/FitnessTracker-enuvlabzlxteetgdllvrjjaofbkw/Build/Intermediates.noindex/FitnessTracker.build/Debug-iphonesimulator/FitnessTrackerWidgetExtension.build/FitnessTrackerWidgetExtension-generated-files.hmap -Xcc -I/Users/bvidal/Library/Developer/Xcode/DerivedData/FitnessTracker-enuvlabzlxteetgdllvrjjaofbkw/Build/Intermediates.noindex/FitnessTracker.build/Debug-iphonesimulator/FitnessTrackerWidgetExtension.build/FitnessTrackerWidgetExtension-own-target-headers.hmap -Xcc -I/Users/bvidal/Library/Developer/Xcode/DerivedData/FitnessTracker-enuvlabzlxteetgdllvrjjaofbkw/Build/Intermediates.noindex/FitnessTracker.build/Debug-iphonesimulator/FitnessTrackerWidgetExtension.build/FitnessTrackerWidgetExtension-all-non-framework-target-headers.hmap -Xcc -ivfsoverlay -Xcc /Users/bvidal/Library/Developer/Xcode/DerivedData/FitnessTracker-enuvlabzlxteetgdllvrjjaofbkw/Build/Intermediates.noindex/FitnessTracker.build/Debug-iphonesimulator/FitnessTracker-f935f8a44592f3257fff8c73aac8c32e-VFS-iphonesimulator/all-product-headers.yaml -Xcc -iquote -Xcc /Users/bvidal/Library/Developer/Xcode/DerivedData/FitnessTracker-enuvlabzlxteetgdllvrjjaofbkw/Build/Intermediates.noindex/FitnessTracker.build/Debug-iphonesimulator/FitnessTrackerWidgetExtension.build/FitnessTrackerWidgetExtension-project-headers.hmap -Xcc -I/Users/bvidal/Library/Developer/Xcode/DerivedData/FitnessTracker-enuvlabzlxteetgdllvrjjaofbkw/Build/Products/Debug-iphonesimulator/include -Xcc -I/Users/bvidal/Library/Developer/Xcode/DerivedData/FitnessTracker-enuvlabzlxteetgdllvrjjaofbkw/Build/Intermediates.noindex/FitnessTracker.build/Debug-iphonesimulator/FitnessTrackerWidgetExtension.build/DerivedSources-normal/arm64 -Xcc -I/Users/bvidal/Library/Developer/Xcode/DerivedData/FitnessTracker-enuvlabzlxteetgdllvrjjaofbkw/Build/Intermediates.noindex/FitnessTracker.build/Debug-iphonesimulator/FitnessTrackerWidgetExtension.build/DerivedSources/arm64 -Xcc -I/Users/bvidal/Library/Developer/Xcode/DerivedData/FitnessTracker-enuvlabzlxteetgdllvrjjaofbkw/Build/Intermediates.noindex/FitnessTracker.build/Debug-iphonesimulator/FitnessTrackerWidgetExtension.build/DerivedSources -Xcc -DDEBUG\=1 -emit-objc-header -emit-objc-header-path /Users/bvidal/Library/Developer/Xcode/DerivedData/FitnessTracker-enuvlabzlxteetgdllvrjjaofbkw/Build/Intermediates.noindex/FitnessTracker.build/Debug-iphonesimulator/FitnessTrackerWidgetExtension.build/Objects-normal/arm64/FitnessTrackerWidgetExtension-Swift.h -working-directory /Users/bvidal/repos/fitness-tracker/ios -experimental-emit-module-separately -disable-cmo

CompileC /Users/bvidal/Library/Developer/Xcode/DerivedData/FitnessTracker-enuvlabzlxteetgdllvrjjaofbkw/Build/Intermediates.noindex/Pods.build/Debug-iphonesimulator/React-hermes.build/Objects-normal/arm64/Connection.o /Users/bvidal/repos/fitness-tracker/node_modules/.pnpm/react-native@0.73.2_@babel+core@7.28.5_@babel+preset-env@7.28.5_react@18.2.0/node_modules/react-native/ReactCommon/hermes/inspector-modern/chrome/Connection.cpp normal arm64 c++ com.apple.compilers.llvm.clang.1_0.compiler (in target 'React-hermes' from project 'Pods')
    cd /Users/bvidal/repos/fitness-tracker/ios/Pods
    
    Using response file: /Users/bvidal/Library/Developer/Xcode/DerivedData/FitnessTracker-enuvlabzlxteetgdllvrjjaofbkw/Build/Intermediates.noindex/Pods.build/Debug-iphonesimulator/React-hermes.build/Objects-normal/arm64/82b82416624d2658e5098eb0a28c15c5-common-args.resp
    
    /Applications/Xcode.app/Contents/Developer/Toolchains/XcodeDefault.xctoolchain/usr/bin/clang -x c++ -ivfsstatcache /Users/bvidal/Library/Developer/Xcode/DerivedData/SDKStatCaches.noindex/iphonesimulator26.1-23B77-90cf18a4295e390e64c810bc6bd7acbc.sdkstatcache -fmessage-length\=0 -fdiagnostics-show-note-include-stack -fmacro-backtrace-limit\=0 -fno-color-diagnostics -fmodules-prune-interval\=86400 -fmodules-prune-after\=345600 -fbuild-session-file\=/Users/bvidal/Library/Developer/Xcode/DerivedData/ModuleCache.noindex/Session.modulevalidation -fmodules-validate-once-per-build-session -Wnon-modular-include-in-framework-module -Werror\=non-modular-include-in-framework-module -Wno-trigraphs -Wno-missing-field-initializers -Wno-missing-prototypes -Werror\=return-type -Wdocumentation -Wunreachable-code -Werror\=deprecated-objc-isa-usage -Werror\=objc-root-class -Wno-non-virtual-dtor -Wno-overloaded-virtual -Wno-exit-time-destructors -Wno-missing-braces -Wparentheses -Wswitch -Wunused-function -Wno-unused-label -Wno-unused-parameter -Wunused-variable -Wunused-value -Wempty-body -Wuninitialized -Wconditional-uninitialized -Wno-unknown-pragmas -Wno-shadow -Wno-four-char-constants -Wno-conversion -Wconstant-conversion -Wint-conversion -Wbool-conversion -Wenum-conversion -Wno-float-conversion -Wnon-literal-null-conversion -Wobjc-literal-conversion -Wshorten-64-to-32 -Wno-newline-eof -Wno-c++11-extensions -Wno-implicit-fallthrough -fstrict-aliasing -Wdeprecated-declarations -Winvalid-offsetof -Wno-sign-conversion -Winfinite-recursion -Wmove -Wcomma -Wblock-capture-autoreleasing -Wstrict-prototypes -Wrange-loop-analysis -Wno-semicolon-before-method-body -Wunguarded-availability -index-store-path /Users/bvidal/Library/Developer/Xcode/DerivedData/FitnessTracker-enuvlabzlxteetgdllvrjjaofbkw/Index.noindex/DataStore @/Users/bvidal/Library/Developer/Xcode/DerivedData/FitnessTracker-enuvlabzlxteetgdllvrjjaofbkw/Build/Intermediates.noindex/Pods.build/Debug-iphonesimulator/React-hermes.build/Objects-normal/arm64/82b82416624d2658e5098eb0a28c15c5-common-args.resp -DFOLLY_NO_CONFIG -DFOLLY_MOBILE\=1 -DFOLLY_USE_LIBCPP\=1 -DFOLLY_CFG_NO_COROUTINES\=1 -DFOLLY_HAVE_CLOCK_GETTIME\=1 -Wno-comma -Wno-shorten-64-to-32 -Wno-documentation -include /Users/bvidal/repos/fitness-tracker/ios/Pods/Target\ Support\ Files/React-hermes/React-hermes-prefix.pch -MMD -MT dependencies -MF /Users/bvidal/Library/Developer/Xcode/DerivedData/FitnessTracker-enuvlabzlxteetgdllvrjjaofbkw/Build/Intermediates.noindex/Pods.build/Debug-iphonesimulator/React-hermes.build/Objects-normal/arm64/Connection.d --serialize-diagnostics /Users/bvidal/Library/Developer/Xcode/DerivedData/FitnessTracker-enuvlabzlxteetgdllvrjjaofbkw/Build/Intermediates.noindex/Pods.build/Debug-iphonesimulator/React-hermes.build/Objects-normal/arm64/Connection.dia -c /Users/bvidal/repos/fitness-tracker/node_modules/.pnpm/react-native@0.73.2_@babel+core@7.28.5_@babel+preset-env@7.28.5_react@18.2.0/node_modules/react-native/ReactCommon/hermes/inspector-modern/chrome/Connection.cpp -o /Users/bvidal/Library/Developer/Xcode/DerivedData/FitnessTracker-enuvlabzlxteetgdllvrjjaofbkw/Build/Intermediates.noindex/Pods.build/Debug-iphonesimulator/React-hermes.build/Objects-normal/arm64/Connection.o -index-unit-output-path /Pods.build/Debug-iphonesimulator/React-hermes.build/Objects-normal/arm64/Connection.o

CompileC /Users/bvidal/Library/Developer/Xcode/DerivedData/FitnessTracker-enuvlabzlxteetgdllvrjjaofbkw/Build/Intermediates.noindex/Pods.build/Debug-iphonesimulator/React-Fabric.build/Objects-normal/arm64/EventEmitters.o /Users/bvidal/repos/fitness-tracker/node_modules/.pnpm/react-native@0.73.2_@babel+core@7.28.5_@babel+preset-env@7.28.5_react@18.2.0/node_modules/react-native/ReactCommon/react/renderer/components/rncore/EventEmitters.cpp normal arm64 c++ com.apple.compilers.llvm.clang.1_0.compiler (in target 'React-Fabric' from project 'Pods')
    cd /Users/bvidal/repos/fitness-tracker/ios/Pods
    
    Using response file: /Users/bvidal/Library/Developer/Xcode/DerivedData/FitnessTracker-enuvlabzlxteetgdllvrjjaofbkw/Build/Intermediates.noindex/Pods.build/Debug-iphonesimulator/React-Fabric.build/Objects-normal/arm64/82b82416624d2658e5098eb0a28c15c5-common-args.resp
    
    /Applications/Xcode.app/Contents/Developer/Toolchains/XcodeDefault.xctoolchain/usr/bin/clang -x c++ -ivfsstatcache /Users/bvidal/Library/Developer/Xcode/DerivedData/SDKStatCaches.noindex/iphonesimulator26.1-23B77-90cf18a4295e390e64c810bc6bd7acbc.sdkstatcache -fmessage-length\=0 -fdiagnostics-show-note-include-stack -fmacro-backtrace-limit\=0 -fno-color-diagnostics -fmodules-prune-interval\=86400 -fmodules-prune-after\=345600 -fbuild-session-file\=/Users/bvidal/Library/Developer/Xcode/DerivedData/ModuleCache.noindex/Session.modulevalidation -fmodules-validate-once-per-build-session -Wnon-modular-include-in-framework-module -Werror\=non-modular-include-in-framework-module -Wno-trigraphs -Wno-missing-field-initializers -Wno-missing-prototypes -Werror\=return-type -Wdocumentation -Wunreachable-code -Werror\=deprecated-objc-isa-usage -Werror\=objc-root-class -Wno-non-virtual-dtor -Wno-overloaded-virtual -Wno-exit-time-destructors -Wno-missing-braces -Wparentheses -Wswitch -Wunused-function -Wno-unused-label -Wno-unused-parameter -Wunused-variable -Wunused-value -Wempty-body -Wuninitialized -Wconditional-uninitialized -Wno-unknown-pragmas -Wno-shadow -Wno-four-char-constants -Wno-conversion -Wconstant-conversion -Wint-conversion -Wbool-conversion -Wenum-conversion -Wno-float-conversion -Wnon-literal-null-conversion -Wobjc-literal-conversion -Wshorten-64-to-32 -Wno-newline-eof -Wno-c++11-extensions -Wno-implicit-fallthrough -fstrict-aliasing -Wdeprecated-declarations -Winvalid-offsetof -Wno-sign-conversion -Winfinite-recursion -Wmove -Wcomma -Wblock-capture-autoreleasing -Wstrict-prototypes -Wrange-loop-analysis -Wno-semicolon-before-method-body -Wunguarded-availability -index-store-path /Users/bvidal/Library/Developer/Xcode/DerivedData/FitnessTracker-enuvlabzlxteetgdllvrjjaofbkw/Index.noindex/DataStore @/Users/bvidal/Library/Developer/Xcode/DerivedData/FitnessTracker-enuvlabzlxteetgdllvrjjaofbkw/Build/Intermediates.noindex/Pods.build/Debug-iphonesimulator/React-Fabric.build/Objects-normal/arm64/82b82416624d2658e5098eb0a28c15c5-common-args.resp -DFOLLY_NO_CONFIG -DFOLLY_MOBILE\=1 -DFOLLY_USE_LIBCPP\=1 -DFOLLY_CFG_NO_COROUTINES\=1 -Wno-comma -Wno-shorten-64-to-32 -Wno-gnu-zero-variadic-macro-arguments -include /Users/bvidal/repos/fitness-tracker/ios/Pods/Target\ Support\ Files/React-Fabric/React-Fabric-prefix.pch -MMD -MT dependencies -MF /Users/bvidal/Library/Developer/Xcode/DerivedData/FitnessTracker-enuvlabzlxteetgdllvrjjaofbkw/Build/Intermediates.noindex/Pods.build/Debug-iphonesimulator/React-Fabric.build/Objects-normal/arm64/EventEmitters.d --serialize-diagnostics /Users/bvidal/Library/Developer/Xcode/DerivedData/FitnessTracker-enuvlabzlxteetgdllvrjjaofbkw/Build/Intermediates.noindex/Pods.build/Debug-iphonesimulator/React-Fabric.build/Objects-normal/arm64/EventEmitters.dia -c /Users/bvidal/repos/fitness-tracker/node_modules/.pnpm/react-native@0.73.2_@babel+core@7.28.5_@babel+preset-env@7.28.5_react@18.2.0/node_modules/react-native/ReactCommon/react/renderer/components/rncore/EventEmitters.cpp -o /Users/bvidal/Library/Developer/Xcode/DerivedData/FitnessTracker-enuvlabzlxteetgdllvrjjaofbkw/Build/Intermediates.noindex/Pods.build/Debug-iphonesimulator/React-Fabric.build/Objects-normal/arm64/EventEmitters.o -index-unit-output-path /Pods.build/Debug-iphonesimulator/React-Fabric.build/Objects-normal/arm64/EventEmitters.o

CompileC /Users/bvidal/Library/Developer/Xcode/DerivedData/FitnessTracker-enuvlabzlxteetgdllvrjjaofbkw/Build/Intermediates.noindex/Pods.build/Debug-iphonesimulator/React-Core.build/Objects-normal/arm64/RCTCxxBridge.o /Users/bvidal/repos/fitness-tracker/node_modules/.pnpm/react-native@0.73.2_@babel+core@7.28.5_@babel+preset-env@7.28.5_react@18.2.0/node_modules/react-native/React/CxxBridge/RCTCxxBridge.mm normal arm64 objective-c++ com.apple.compilers.llvm.clang.1_0.compiler (in target 'React-Core' from project 'Pods')
    cd /Users/bvidal/repos/fitness-tracker/ios/Pods
    
    Using response file: /Users/bvidal/Library/Developer/Xcode/DerivedData/FitnessTracker-enuvlabzlxteetgdllvrjjaofbkw/Build/Intermediates.noindex/Pods.build/Debug-iphonesimulator/React-Core.build/Objects-normal/arm64/af3fcb34312c57c0f52879cdce924b91-common-args.resp
    
    /Applications/Xcode.app/Contents/Developer/Toolchains/XcodeDefault.xctoolchain/usr/bin/clang -x objective-c++ -ivfsstatcache /Users/bvidal/Library/Developer/Xcode/DerivedData/SDKStatCaches.noindex/iphonesimulator26.1-23B77-90cf18a4295e390e64c810bc6bd7acbc.sdkstatcache -fmessage-length\=0 -fdiagnostics-show-note-include-stack -fmacro-backtrace-limit\=0 -fno-color-diagnostics -fmodules-prune-interval\=86400 -fmodules-prune-after\=345600 -fbuild-session-file\=/Users/bvidal/Library/Developer/Xcode/DerivedData/ModuleCache.noindex/Session.modulevalidation -fmodules-validate-once-per-build-session -Wnon-modular-include-in-framework-module -Werror\=non-modular-include-in-framework-module -Wno-trigraphs -Wno-missing-field-initializers -Wno-missing-prototypes -Werror\=return-type -Wdocumentation -Wunreachable-code -Wno-implicit-atomic-properties -Werror\=deprecated-objc-isa-usage -Wno-objc-interface-ivars -Werror\=objc-root-class -Wno-arc-repeated-use-of-weak -Wimplicit-retain-self -Wno-non-virtual-dtor -Wno-overloaded-virtual -Wno-exit-time-destructors -Wduplicate-method-match -Wno-missing-braces -Wparentheses -Wswitch -Wunused-function -Wno-unused-label -Wno-unused-parameter -Wunused-variable -Wunused-value -Wempty-body -Wuninitialized -Wconditional-uninitialized -Wno-unknown-pragmas -Wno-shadow -Wno-four-char-constants -Wno-conversion -Wconstant-conversion -Wint-conversion -Wbool-conversion -Wenum-conversion -Wno-float-conversion -Wnon-literal-null-conversion -Wobjc-literal-conversion -Wshorten-64-to-32 -Wno-newline-eof -Wno-selector -Wno-strict-selector-match -Wundeclared-selector -Wdeprecated-implementations -Wno-c++11-extensions -Wno-implicit-fallthrough -fstrict-aliasing -Wprotocol -Wdeprecated-declarations -Winvalid-offsetof -Wno-sign-conversion -Winfinite-recursion -Wmove -Wcomma -Wblock-capture-autoreleasing -Wstrict-prototypes -Wrange-loop-analysis -Wno-semicolon-before-method-body -Wunguarded-availability -index-store-path /Users/bvidal/Library/Developer/Xcode/DerivedData/FitnessTracker-enuvlabzlxteetgdllvrjjaofbkw/Index.noindex/DataStore @/Users/bvidal/Library/Developer/Xcode/DerivedData/FitnessTracker-enuvlabzlxteetgdllvrjjaofbkw/Build/Intermediates.noindex/Pods.build/Debug-iphonesimulator/React-Core.build/Objects-normal/arm64/af3fcb34312c57c0f52879cdce924b91-common-args.resp -DFOLLY_NO_CONFIG -DFOLLY_MOBILE\=1 -DFOLLY_USE_LIBCPP\=1 -DFOLLY_CFG_NO_COROUTINES\=1 -Wno-comma -Wno-shorten-64-to-32 -Wno-documentation -include /Users/bvidal/repos/fitness-tracker/ios/Pods/Target\ Support\ Files/React-Core/React-Core-prefix.pch -MMD -MT dependencies -MF /Users/bvidal/Library/Developer/Xcode/DerivedData/FitnessTracker-enuvlabzlxteetgdllvrjjaofbkw/Build/Intermediates.noindex/Pods.build/Debug-iphonesimulator/React-Core.build/Objects-normal/arm64/RCTCxxBridge.d --serialize-diagnostics /Users/bvidal/Library/Developer/Xcode/DerivedData/FitnessTracker-enuvlabzlxteetgdllvrjjaofbkw/Build/Intermediates.noindex/Pods.build/Debug-iphonesimulator/React-Core.build/Objects-normal/arm64/RCTCxxBridge.dia -c /Users/bvidal/repos/fitness-tracker/node_modules/.pnpm/react-native@0.73.2_@babel+core@7.28.5_@babel+preset-env@7.28.5_react@18.2.0/node_modules/react-native/React/CxxBridge/RCTCxxBridge.mm -o /Users/bvidal/Library/Developer/Xcode/DerivedData/FitnessTracker-enuvlabzlxteetgdllvrjjaofbkw/Build/Intermediates.noindex/Pods.build/Debug-iphonesimulator/React-Core.build/Objects-normal/arm64/RCTCxxBridge.o -index-unit-output-path /Pods.build/Debug-iphonesimulator/React-Core.build/Objects-normal/arm64/RCTCxxBridge.o

ProcessInfoPlistFile /Users/bvidal/Library/Developer/Xcode/DerivedData/FitnessTracker-enuvlabzlxteetgdllvrjjaofbkw/Build/Products/Debug-iphonesimulator/RNCAsyncStorage/RNCAsyncStorage_resources.bundle/Info.plist /Users/bvidal/repos/fitness-tracker/ios/Pods/Target\ Support\ Files/RNCAsyncStorage/ResourceBundle-RNCAsyncStorage_resources-RNCAsyncStorage-Info.plist (in target 'RNCAsyncStorage-RNCAsyncStorage_resources' from project 'Pods')
    cd /Users/bvidal/repos/fitness-tracker/ios/Pods
    builtin-infoPlistUtility /Users/bvidal/repos/fitness-tracker/ios/Pods/Target\ Support\ Files/RNCAsyncStorage/ResourceBundle-RNCAsyncStorage_resources-RNCAsyncStorage-Info.plist -producttype com.apple.product-type.bundle -expandbuildsettings -format binary -platform iphonesimulator -o /Users/bvidal/Library/Developer/Xcode/DerivedData/FitnessTracker-enuvlabzlxteetgdllvrjjaofbkw/Build/Products/Debug-iphonesimulator/RNCAsyncStorage/RNCAsyncStorage_resources.bundle/Info.plist

SwiftCompile normal arm64 Compiling\ ActivityWallView.swift /Users/bvidal/repos/fitness-tracker/ios/FitnessTrackerWidget/ActivityWallView.swift (in target 'FitnessTrackerWidgetExtension' from project 'FitnessTracker')

SwiftCompile normal arm64 /Users/bvidal/repos/fitness-tracker/ios/FitnessTrackerWidget/ActivityWallView.swift (in target 'FitnessTrackerWidgetExtension' from project 'FitnessTracker')
    cd /Users/bvidal/repos/fitness-tracker/ios
    

SwiftCompile normal arm64 Compiling\ FitnessTrackerWidgetControl.swift /Users/bvidal/repos/fitness-tracker/ios/FitnessTrackerWidget/FitnessTrackerWidgetControl.swift (in target 'FitnessTrackerWidgetExtension' from project 'FitnessTracker')
Failed frontend command:
/Applications/Xcode.app/Contents/Developer/Toolchains/XcodeDefault.xctoolchain/usr/bin/swift-frontend -frontend -c /Users/bvidal/repos/fitness-tracker/ios/FitnessTrackerWidget/ActivityWallView.swift /Users/bvidal/repos/fitness-tracker/ios/FitnessTrackerWidget/AppIntent.swift /Users/bvidal/repos/fitness-tracker/ios/FitnessTrackerWidget/FitnessTrackerWidget.swift /Users/bvidal/repos/fitness-tracker/ios/FitnessTrackerWidget/FitnessTrackerWidgetBundle.swift -primary-file /Users/bvidal/repos/fitness-tracker/ios/FitnessTrackerWidget/FitnessTrackerWidgetControl.swift /Users/bvidal/repos/fitness-tracker/ios/FitnessTrackerWidget/FitnessTrackerWidgetLiveActivity.swift /Users/bvidal/repos/fitness-tracker/ios/FitnessTrackerWidget/WidgetDataManager.swift /Users/bvidal/Library/Developer/Xcode/DerivedData/FitnessTracker-enuvlabzlxteetgdllvrjjaofbkw/Build/Intermediates.noindex/FitnessTracker.build/Debug-iphonesimulator/FitnessTrackerWidgetExtension.build/DerivedSources/GeneratedAssetSymbols.swift -emit-dependencies-path /Users/bvidal/Library/Developer/Xcode/DerivedData/FitnessTracker-enuvlabzlxteetgdllvrjjaofbkw/Build/Intermediates.noindex/FitnessTracker.build/Debug-iphonesimulator/FitnessTrackerWidgetExtension.build/Objects-normal/arm64/FitnessTrackerWidgetControl.d -emit-const-values-path /Users/bvidal/Library/Developer/Xcode/DerivedData/FitnessTracker-enuvlabzlxteetgdllvrjjaofbkw/Build/Intermediates.noindex/FitnessTracker.build/Debug-iphonesimulator/FitnessTrackerWidgetExtension.build/Objects-normal/arm64/FitnessTrackerWidgetControl.swiftconstvalues -emit-reference-dependencies-path /Users/bvidal/Library/Developer/Xcode/DerivedData/FitnessTracker-enuvlabzlxteetgdllvrjjaofbkw/Build/Intermediates.noindex/FitnessTracker.build/Debug-iphonesimulator/FitnessTrackerWidgetExtension.build/Objects-normal/arm64/FitnessTrackerWidgetControl.swiftdeps -serialize-diagnostics-path /Users/bvidal/Library/Developer/Xcode/DerivedData/FitnessTracker-enuvlabzlxteetgdllvrjjaofbkw/Build/Intermediates.noindex/FitnessTracker.build/Debug-iphonesimulator/FitnessTrackerWidgetExtension.build/Objects-normal/arm64/FitnessTrackerWidgetControl.dia -emit-localized-strings -emit-localized-strings-path /Users/bvidal/Library/Developer/Xcode/DerivedData/FitnessTracker-enuvlabzlxteetgdllvrjjaofbkw/Build/Intermediates.noindex/FitnessTracker.build/Debug-iphonesimulator/FitnessTrackerWidgetExtension.build/Objects-normal/arm64 -target arm64-apple-ios17.0-simulator -module-can-import-version DeveloperToolsSupport 23.0.4 23.0.4 -module-can-import-version SwiftUI 7.1.13.1 7.1.13 -module-can-import-version UIKit 9126.1.12.1 9126.1.12 -disable-cross-import-overlay-search -swift-module-cross-import AppIntents /Applications/Xcode.app/Contents/Developer/Platforms/iPhoneSimulator.platform/Developer/SDKs/iPhoneSimulator.sdk/System/Library/Frameworks/AppIntents.framework/Modules/AppIntents.swiftcrossimport/SwiftUI.swiftoverlay -swift-module-cross-import AppIntents /Applications/Xcode.app/Contents/Developer/Platforms/iPhoneSimulator.platform/Developer/SDKs/iPhoneSimulator.sdk/System/Library/Frameworks/AppIntents.framework/Modules/AppIntents.swiftcrossimport/UIKit.swiftoverlay -swift-module-cross-import AppIntents /Applications/Xcode.app/Contents/Developer/Platforms/iPhoneSimulator.platform/Developer/SDKs/iPhoneSimulator26.1.sdk/System/Library/Frameworks/AppIntents.framework/Modules/AppIntents.swiftcrossimport/SwiftUI.swiftoverlay -swift-module-cross-import AppIntents /Applications/Xcode.app/Contents/Developer/Platforms/iPhoneSimulator.platform/Developer/SDKs/iPhoneSimulator26.1.sdk/System/Library/Frameworks/AppIntents.framework/Modules/AppIntents.swiftcrossimport/UIKit.swiftoverlay -swift-module-cross-import RelevanceKit /Applications/Xcode.app/Contents/Developer/Platforms/iPhoneSimulator.platform/Developer/SDKs/iPhoneSimulator.sdk/System/Library/Frameworks/RelevanceKit.framework/Modules/RelevanceKit.swiftcrossimport/MapKit.swiftoverlay -swift-module-cross-import RelevanceKit /Applications/Xcode.app/Contents/Developer/Platforms/iPhoneSimulator.platform/Developer/SDKs/iPhoneSimulator26.1.sdk/System/Library/Frameworks/RelevanceKit.framework/Modules/RelevanceKit.swiftcrossimport/MapKit.swiftoverlay -load-resolved-plugin /Applications/Xcode.app/Contents/Developer/Platforms/iPhoneOS.platform/Developer/usr/lib/swift/host/plugins/libAppIntentsMacros.dylib\#/Applications/Xcode.app/Contents/Developer/Platforms/iPhoneOS.platform/Developer/usr/bin/swift-plugin-server\#AppIntentsMacros -load-resolved-plugin /Applications/Xcode.app/Contents/Developer/Platforms/iPhoneOS.platform/Developer/usr/lib/swift/host/plugins/libFoundationMacros.dylib\#/Applications/Xcode.app/Contents/Developer/Platforms/iPhoneOS.platform/Developer/usr/bin/swift-plugin-server\#FoundationMacros -load-resolved-plugin /Applications/Xcode.app/Contents/Developer/Platforms/iPhoneOS.platform/Developer/usr/lib/swift/host/plugins/libObservationMacros.dylib\#/Applications/Xcode.app/Contents/Developer/Platforms/iPhoneOS.platform/Developer/usr/bin/swift-plugin-server\#ObservationMacros -load-resolved-plugin /Applications/Xcode.app/Contents/Developer/Platforms/iPhoneOS.platform/Developer/usr/lib/swift/host/plugins/libPreviewsMacros.dylib\#/Applications/Xcode.app/Contents/Developer/Platforms/iPhoneOS.platform/Developer/usr/bin/swift-plugin-server\#PreviewsMacros -load-resolved-plugin /Applications/Xcode.app/Contents/Developer/Platforms/iPhoneOS.platform/Developer/usr/lib/swift/host/plugins/libSwiftMacros.dylib\#/Applications/Xcode.app/Contents/Developer/Platforms/iPhoneOS.platform/Developer/usr/bin/swift-plugin-server\#SwiftMacros -load-resolved-plugin /Applications/Xcode.app/Contents/Developer/Platforms/iPhoneOS.platform/Developer/usr/lib/swift/host/plugins/libSwiftUIMacros.dylib\#/Applications/Xcode.app/Contents/Developer/Platforms/iPhoneOS.platform/Developer/usr/bin/swift-plugin-server\#SwiftUIMacros -disable-implicit-swift-modules -Xcc -fno-implicit-modules -Xcc -fno-implicit-module-maps -explicit-swift-module-map-file /Users/bvidal/Library/Developer/Xcode/DerivedData/FitnessTracker-enuvlabzlxteetgdllvrjjaofbkw/Build/Intermediates.noindex/FitnessTracker.build/Debug-iphonesimulator/FitnessTrackerWidgetExtension.build/Objects-normal/arm64/FitnessTrackerWidgetExtension-dependencies-1.json -Xllvm -aarch64-use-tbi -enable-objc-interop -sdk /Applications/Xcode.app/Contents/Developer/Platforms/iPhoneSimulator.platform/Developer/SDKs/iPhoneSimulator26.1.sdk -I /Users/bvidal/Library/Developer/Xcode/DerivedData/FitnessTracker-enuvlabzlxteetgdllvrjjaofbkw/Build/Products/Debug-iphonesimulator -F /Users/bvidal/Library/Developer/Xcode/DerivedData/FitnessTracker-enuvlabzlxteetgdllvrjjaofbkw/Build/Products/Debug-iphonesimulator -no-color-diagnostics -Xcc -fno-color-diagnostics -application-extension -enable-testing -g -debug-info-format\=dwarf -dwarf-version\=4 -module-cache-path /Users/bvidal/Library/Developer/Xcode/DerivedData/FitnessTracker-enuvlabzlxteetgdllvrjjaofbkw/Build/Intermediates.noindex/SwiftExplicitPrecompiledModules -swift-version 5 -enforce-exclusivity\=checked -Onone -D DEBUG -serialize-debugging-options -const-gather-protocols-file /Users/bvidal/Library/Developer/Xcode/DerivedData/FitnessTracker-enuvlabzlxteetgdllvrjjaofbkw/Build/Intermediates.noindex/FitnessTracker.build/Debug-iphonesimulator/FitnessTrackerWidgetExtension.build/Objects-normal/arm64/FitnessTrackerWidgetExtension_const_extract_protocols.json -enable-upcoming-feature DisableOutwardActorInference -enable-upcoming-feature InferSendableFromCaptures -enable-upcoming-feature GlobalActorIsolatedTypesUsability -enable-upcoming-feature MemberImportVisibility -enable-upcoming-feature InferIsolatedConformances -enable-upcoming-feature NonisolatedNonsendingByDefault -enable-experimental-feature DebugDescriptionMacro -enable-bare-slash-regex -empty-abi-descriptor -validate-clang-modules-once -clang-build-session-file /Users/bvidal/Library/Developer/Xcode/DerivedData/ModuleCache.noindex/Session.modulevalidation -Xcc -working-directory -Xcc /Users/bvidal/repos/fitness-tracker/ios -enable-anonymous-context-mangled-names -file-compilation-dir /Users/bvidal/repos/fitness-tracker/ios -Xcc -D_LIBCPP_HARDENING_MODE\=_LIBCPP_HARDENING_MODE_DEBUG -Xcc -ivfsstatcache -Xcc /Users/bvidal/Library/Developer/Xcode/DerivedData/SDKStatCaches.noindex/iphonesimulator26.1-23B77-90cf18a4295e390e64c810bc6bd7acbc.sdkstatcache -Xcc -I/Users/bvidal/Library/Developer/Xcode/DerivedData/FitnessTracker-enuvlabzlxteetgdllvrjjaofbkw/Build/Intermediates.noindex/FitnessTracker.build/Debug-iphonesimulator/FitnessTrackerWidgetExtension.build/swift-overrides.hmap -Xcc -iquote -Xcc /Users/bvidal/Library/Developer/Xcode/DerivedData/FitnessTracker-enuvlabzlxteetgdllvrjjaofbkw/Build/Intermediates.noindex/FitnessTracker.build/Debug-iphonesimulator/FitnessTrackerWidgetExtension.build/FitnessTrackerWidgetExtension-generated-files.hmap -Xcc -I/Users/bvidal/Library/Developer/Xcode/DerivedData/FitnessTracker-enuvlabzlxteetgdllvrjjaofbkw/Build/Intermediates.noindex/FitnessTracker.build/Debug-iphonesimulator/FitnessTrackerWidgetExtension.build/FitnessTrackerWidgetExtension-own-target-headers.hmap -Xcc -I/Users/bvidal/Library/Developer/Xcode/DerivedData/FitnessTracker-enuvlabzlxteetgdllvrjjaofbkw/Build/Intermediates.noindex/FitnessTracker.build/Debug-iphonesimulator/FitnessTrackerWidgetExtension.build/FitnessTrackerWidgetExtension-all-non-framework-target-headers.hmap -Xcc -ivfsoverlay -Xcc /Users/bvidal/Library/Developer/Xcode/DerivedData/FitnessTracker-enuvlabzlxteetgdllvrjjaofbkw/Build/Intermediates.noindex/FitnessTracker.build/Debug-iphonesimulator/FitnessTracker-f935f8a44592f3257fff8c73aac8c32e-VFS-iphonesimulator/all-product-headers.yaml -Xcc -iquote -Xcc /Users/bvidal/Library/Developer/Xcode/DerivedData/FitnessTracker-enuvlabzlxteetgdllvrjjaofbkw/Build/Intermediates.noindex/FitnessTracker.build/Debug-iphonesimulator/FitnessTrackerWidgetExtension.build/FitnessTrackerWidgetExtension-project-headers.hmap -Xcc -I/Users/bvidal/Library/Developer/Xcode/DerivedData/FitnessTracker-enuvlabzlxteetgdllvrjjaofbkw/Build/Products/Debug-iphonesimulator/include -Xcc -I/Users/bvidal/Library/Developer/Xcode/DerivedData/FitnessTracker-enuvlabzlxteetgdllvrjjaofbkw/Build/Intermediates.noindex/FitnessTracker.build/Debug-iphonesimulator/FitnessTrackerWidgetExtension.build/DerivedSources-normal/arm64 -Xcc -I/Users/bvidal/Library/Developer/Xcode/DerivedData/FitnessTracker-enuvlabzlxteetgdllvrjjaofbkw/Build/Intermediates.noindex/FitnessTracker.build/Debug-iphonesimulator/FitnessTrackerWidgetExtension.build/DerivedSources/arm64 -Xcc -I/Users/bvidal/Library/Developer/Xcode/DerivedData/FitnessTracker-enuvlabzlxteetgdllvrjjaofbkw/Build/Intermediates.noindex/FitnessTracker.build/Debug-iphonesimulator/FitnessTrackerWidgetExtension.build/DerivedSources -Xcc -DDEBUG\=1 -no-auto-bridging-header-chaining -module-name FitnessTrackerWidgetExtension -frontend-parseable-output -disable-clang-spi -target-sdk-version 26.1 -target-sdk-name iphonesimulator26.1 -clang-target arm64-apple-ios26.1-simulator -in-process-plugin-server-path /Applications/Xcode.app/Contents/Developer/Toolchains/XcodeDefault.xctoolchain/usr/lib/swift/host/libSwiftInProcPluginServer.dylib -o /Users/bvidal/Library/Developer/Xcode/DerivedData/FitnessTracker-enuvlabzlxteetgdllvrjjaofbkw/Build/Intermediates.noindex/FitnessTracker.build/Debug-iphonesimulator/FitnessTrackerWidgetExtension.build/Objects-normal/arm64/FitnessTrackerWidgetControl.o -index-unit-output-path /FitnessTracker.build/Debug-iphonesimulator/FitnessTrackerWidgetExtension.build/Objects-normal/arm64/FitnessTrackerWidgetControl.o -index-store-path /Users/bvidal/Library/Developer/Xcode/DerivedData/FitnessTracker-enuvlabzlxteetgdllvrjjaofbkw/Index.noindex/DataStore -index-system-modules

SwiftCompile normal arm64 /Users/bvidal/repos/fitness-tracker/ios/FitnessTrackerWidget/FitnessTrackerWidgetControl.swift (in target 'FitnessTrackerWidgetExtension' from project 'FitnessTracker')
    cd /Users/bvidal/repos/fitness-tracker/ios
    
/Users/bvidal/repos/fitness-tracker/ios/FitnessTrackerWidget/FitnessTrackerWidgetControl.swift:34:11: error: 'FitnessTrackerWidgetControl' is only available in iOS 18.0 or newer
extension FitnessTrackerWidgetControl {
          ^
/Users/bvidal/repos/fitness-tracker/ios/FitnessTrackerWidget/FitnessTrackerWidgetControl.swift:34:1: note: add '@available' attribute to enclosing extension
extension FitnessTrackerWidgetControl {
^
/Users/bvidal/repos/fitness-tracker/ios/FitnessTrackerWidget/FitnessTrackerWidgetControl.swift:52:8: error: protocol 'AppIntent' requires 'perform()' to be available in application extensions for iOS 17.0 and newer
struct TimerConfiguration: ControlConfigurationIntent {
       ^
AppIntents.ControlConfigurationIntent.perform:2:13: note: 'perform()' declared here
public func perform() async throws -> Self.NeverResult}
            ^
AppIntents.AppIntent.perform:2:6: note: protocol requirement here
func perform() async throws -> Self.PerformResult}
     ^
/Users/bvidal/repos/fitness-tracker/ios/FitnessTrackerWidget/FitnessTrackerWidgetControl.swift:42:13: error: 'FitnessTrackerWidgetControl' is only available in iOS 18.0 or newer
            FitnessTrackerWidgetControl.Value(isRunning: false, name: configuration.timerName)
            ^
/Users/bvidal/repos/fitness-tracker/ios/FitnessTrackerWidget/FitnessTrackerWidgetControl.swift:42:13: note: add 'if #available' version check
            FitnessTrackerWidgetControl.Value(isRunning: false, name: configuration.timerName)
            ^
/Users/bvidal/repos/fitness-tracker/ios/FitnessTrackerWidget/FitnessTrackerWidgetControl.swift:41:14: note: add '@available' attribute to enclosing instance method
        func previewValue(configuration: TimerConfiguration) -> Value {
             ^
/Users/bvidal/repos/fitness-tracker/ios/FitnessTrackerWidget/FitnessTrackerWidgetControl.swift:40:12: note: add '@available' attribute to enclosing struct
    struct Provider: AppIntentControlValueProvider {
           ^
/Users/bvidal/repos/fitness-tracker/ios/FitnessTrackerWidget/FitnessTrackerWidgetControl.swift:47:20: error: 'FitnessTrackerWidgetControl' is only available in iOS 18.0 or newer
            return FitnessTrackerWidgetControl.Value(isRunning: isRunning, name: configuration.timerName)
                   ^
/Users/bvidal/repos/fitness-tracker/ios/FitnessTrackerWidget/FitnessTrackerWidgetControl.swift:47:20: note: add 'if #available' version check
            return FitnessTrackerWidgetControl.Value(isRunning: isRunning, name: configuration.timerName)
                   ^
/Users/bvidal/repos/fitness-tracker/ios/FitnessTrackerWidget/FitnessTrackerWidgetControl.swift:45:14: note: add '@available' attribute to enclosing instance method
        func currentValue(configuration: TimerConfiguration) async throws -> Value {
             ^
/Users/bvidal/repos/fitness-tracker/ios/FitnessTrackerWidget/FitnessTrackerWidgetControl.swift:40:12: note: add '@available' attribute to enclosing struct
    struct Provider: AppIntentControlValueProvider {
           ^

SwiftCompile normal arm64 Compiling\ FitnessTrackerWidgetLiveActivity.swift /Users/bvidal/repos/fitness-tracker/ios/FitnessTrackerWidget/FitnessTrackerWidgetLiveActivity.swift (in target 'FitnessTrackerWidgetExtension' from project 'FitnessTracker')
SwiftCompile normal arm64 /Users/bvidal/repos/fitness-tracker/ios/FitnessTrackerWidget/FitnessTrackerWidgetLiveActivity.swift (in target 'FitnessTrackerWidgetExtension' from project 'FitnessTracker')
    cd /Users/bvidal/repos/fitness-tracker/ios
    

SwiftCompile normal arm64 Compiling\ FitnessTrackerWidgetBundle.swift /Users/bvidal/repos/fitness-tracker/ios/FitnessTrackerWidget/FitnessTrackerWidgetBundle.swift (in target 'FitnessTrackerWidgetExtension' from project 'FitnessTracker')

SwiftCompile normal arm64 /Users/bvidal/repos/fitness-tracker/ios/FitnessTrackerWidget/FitnessTrackerWidgetBundle.swift (in target 'FitnessTrackerWidgetExtension' from project 'FitnessTracker')
    cd /Users/bvidal/repos/fitness-tracker/ios
    

SwiftCompile normal arm64 Compiling\ FitnessTrackerWidget.swift /Users/bvidal/repos/fitness-tracker/ios/FitnessTrackerWidget/FitnessTrackerWidget.swift (in target 'FitnessTrackerWidgetExtension' from project 'FitnessTracker')

SwiftCompile normal arm64 /Users/bvidal/repos/fitness-tracker/ios/FitnessTrackerWidget/FitnessTrackerWidget.swift (in target 'FitnessTrackerWidgetExtension' from project 'FitnessTracker')
    cd /Users/bvidal/repos/fitness-tracker/ios
    

SwiftCompile normal arm64 Compiling\ AppIntent.swift /Users/bvidal/repos/fitness-tracker/ios/FitnessTrackerWidget/AppIntent.swift (in target 'FitnessTrackerWidgetExtension' from project 'FitnessTracker')

SwiftCompile normal arm64 /Users/bvidal/repos/fitness-tracker/ios/FitnessTrackerWidget/AppIntent.swift (in target 'FitnessTrackerWidgetExtension' from project 'FitnessTracker')
    cd /Users/bvidal/repos/fitness-tracker/ios
    

SwiftEmitModule normal arm64 Emitting\ module\ for\ FitnessTrackerWidgetExtension (in target 'FitnessTrackerWidgetExtension' from project 'FitnessTracker')

warning: Run script build phase 'Bundle React Native code and images' will be run during every build because it does not specify any outputs. To address this issue, either add output dependencies to the script phase, or configure it to run in every build by unchecking "Based on dependency analysis" in the script phase. (in target 'FitnessTracker' from project 'FitnessTracker')
